2019-06-09 00:01:03,190 INFO SELL*	0.407009*
2019-06-10 00:01:04,714 INFO SELL*	0.407009	0.384555	5.839001%*
2019-06-11 00:01:04,556 INFO SELL*	0.407009	0.402835	1.036199%*
2019-06-12 00:01:03,935 INFO SELL*	0.407009	0.393920	3.322799%*
2019-06-13 00:13:37,216 INFO SELL*	0.407009	0.401810	1.293938%*
2019-06-14 00:01:12,747 INFO SELL*	0.407009	0.400210	1.698901%*
2019-06-14 19:22:45,146 INFO SELL*	0.407009	0.394220	3.244171%*
2019-06-15 00:00:25,568 INFO SELL*	0.407009	0.404220	0.690013%*
2019-06-16 00:00:25,445 INFO SELL*	0.407009	0.411265	-1.034814%*
2019-06-17 00:00:28,198 INFO SELL	0.407009	0.430416	-10.876161%	-11.876161%	93762.330573	-6237.669427
2019-06-17 00:00:30,517 INFO BUY*	0.429799*
2019-06-18 00:43:31,519 INFO BUY*	0.429799	0.451480	5.044353%*
2019-06-19 00:00:47,784 INFO BUY*	0.429799	0.426760	-0.707167%*
2019-06-20 00:00:47,721 INFO BUY*	0.429799	0.434945	1.197210%*
2019-06-21 00:13:37,374 INFO BUY*	0.429799	0.431105	0.303769%*
2019-06-22 00:00:56,263 INFO BUY*	0.429799	0.444635	3.451750%*
2019-06-23 00:00:54,511 INFO BUY*	0.429799	0.473510	10.170000%*
2019-06-24 00:00:55,154 INFO BUY*	0.429799	0.465715	8.356363%*
2019-06-25 00:00:54,795 INFO BUY*	0.429799	0.472250	9.876840%*
2019-06-26 00:00:56,390 INFO BUY*	0.429799	0.466715	8.589030%*
2019-06-27 00:00:55,591 INFO BUY*	0.429799	0.462160	7.529233%*
2019-06-28 00:01:21,506 INFO BUY	0.429799	0.402344	-6.387999%	-6.887999%	87296.021945	-6466.308629
2019-06-28 00:01:51,897 INFO SELL*	0.402376*
2019-06-29 00:01:14,319 INFO SELL	0.402376	0.421920	-9.264082%	-10.264082%	82626.982714	-4669.039230
