2019-06-08 00:01:14,729 INFO Connecting to kraken TEST platform
2019-06-08 00:01:14,732 INFO Connected to kraken using KRAKEN_REST_API
2019-06-08 00:01:15,226 INFO State file MA-1-21_XMR_USD_kraken does not exist creating new one
2019-06-08 00:01:45,837 INFO Running MA-1-21 strategy on KRAKEN for XMR/USD using initial capital of USD 100000.000000 
2019-06-08 00:01:50,029 INFO Stance is -1 from [-1, -1, -1, -1, -1]
2019-06-08 00:01:50,503 INFO Strategy signal needed to trade, aborting...
2019-06-08 00:01:50,503 INFO Refreshing order book for XMR/USD
2019-06-08 00:01:54,020 INFO Strategy equity is USD 100000.000000 (0.000000%)
2019-06-08 00:01:54,021 INFO State has been saved
2019-06-09 00:01:13,495 INFO Connecting to kraken TEST platform
2019-06-09 00:01:13,497 INFO Connected to kraken using KRAKEN_REST_API
2019-06-09 00:01:13,498 INFO State has been loaded
2019-06-09 00:01:13,994 INFO Running MA-1-21 strategy on KRAKEN for XMR/USD using initial capital of USD 100000.000000 
2019-06-09 00:01:18,096 INFO Stance is -1 from [-1, -1, -1, -1, -1]
2019-06-09 00:01:44,701 INFO Full strategy signal needed before first trade
2019-06-09 00:01:44,701 INFO Refreshing order book for XMR/USD
2019-06-09 00:01:48,193 INFO Strategy equity is USD 100000.000000 (0.000000%)
2019-06-09 00:01:48,193 INFO State has been saved
2019-06-10 00:01:15,222 INFO Connecting to kraken TEST platform
2019-06-10 00:01:15,225 INFO Connected to kraken using KRAKEN_REST_API
2019-06-10 00:01:15,225 INFO State has been loaded
2019-06-10 00:01:15,695 INFO Running MA-1-21 strategy on KRAKEN for XMR/USD using initial capital of USD 100000.000000 
2019-06-10 00:01:19,828 INFO Stance is -1 from [-1, -1, -1, -1, -1]
2019-06-10 00:01:49,540 INFO Full strategy signal needed before first trade
2019-06-10 00:01:49,540 INFO Refreshing order book for XMR/USD
2019-06-10 00:01:53,023 INFO Strategy equity is USD 100000.000000 (0.000000%)
2019-06-10 00:01:53,024 INFO State has been saved
2019-06-11 00:01:15,166 INFO Connecting to kraken TEST platform
2019-06-11 00:01:15,169 INFO Connected to kraken using KRAKEN_REST_API
2019-06-11 00:01:15,169 INFO State has been loaded
2019-06-11 00:01:15,694 INFO Running MA-1-21 strategy on KRAKEN for XMR/USD using initial capital of USD 100000.000000 
2019-06-11 00:01:19,673 INFO Stance is -1 from [-1, -1, -1, -1, -1]
2019-06-11 00:01:49,417 INFO Full strategy signal needed before first trade
2019-06-11 00:01:49,417 INFO Refreshing order book for XMR/USD
2019-06-11 00:01:52,908 INFO Strategy equity is USD 100000.000000 (0.000000%)
2019-06-11 00:01:52,909 INFO State has been saved
2019-06-12 00:01:14,433 INFO Connecting to kraken TEST platform
2019-06-12 00:01:14,436 INFO Connected to kraken using KRAKEN_REST_API
2019-06-12 00:01:14,436 INFO State has been loaded
2019-06-12 00:01:14,920 INFO Running MA-1-21 strategy on KRAKEN for XMR/USD using initial capital of USD 100000.000000 
2019-06-12 00:01:19,021 INFO Stance is -1 from [-1, -1, -1, -1, -1]
2019-06-12 00:01:45,601 INFO Full strategy signal needed before first trade
2019-06-12 00:01:45,601 INFO Refreshing order book for XMR/USD
2019-06-12 00:01:49,083 INFO Strategy equity is USD 100000.000000 (0.000000%)
2019-06-12 00:01:49,083 INFO State has been saved
2019-06-13 00:13:47,672 INFO Connecting to kraken TEST platform
2019-06-13 00:13:47,674 INFO Connected to kraken using KRAKEN_REST_API
2019-06-13 00:13:47,675 INFO State has been loaded
2019-06-13 00:13:48,135 INFO Running MA-1-21 strategy on KRAKEN for XMR/USD using initial capital of USD 100000.000000 
2019-06-13 00:13:52,295 INFO Stance is 1 from [-1, -1, -1, -1, 1]
2019-06-13 00:13:52,295 INFO Refreshing order book for XMR/USD
2019-06-13 00:14:18,907 INFO Placing MARKET order for XMR/USD qty 1104.545204
2019-06-13 00:14:19,368 INFO Filled MARKET order for XMR/USD qty 1104.545204 side buy @ 90.708045 leverage 1.000000 slippage 0.191136% orderid PAPER_TRADE cost 100191.136359
2019-06-13 00:14:19,838 INFO Strategy equity is USD 99558.385800 (-0.441614%)
2019-06-13 00:14:19,838 INFO State has been saved
2019-06-13 00:14:19,838 INFO Done
2019-06-14 00:01:53,346 INFO Connecting to kraken TEST platform
2019-06-14 00:01:53,348 INFO Connected to kraken using KRAKEN_REST_API
2019-06-14 00:01:53,348 INFO State has been loaded
2019-06-14 00:01:53,813 INFO Running MA-1-21 strategy on KRAKEN for XMR/USD using initial capital of USD 100000.000000 
2019-06-14 00:01:57,892 INFO Stance is -1 from [-1, -1, -1, 1, -1]
2019-06-14 00:01:58,352 INFO Strategy is changing direction
2019-06-14 00:01:58,818 INFO Placing MARKET order for XMR/USD qty -1104.545204
2019-06-14 00:01:58,818 INFO Refreshing order book for XMR/USD
2019-06-14 00:02:02,347 INFO Filled MARKET order for XMR/USD qty -1104.545204 side sell @ 89.730258 leverage 1.000000 slippage 0.055405% orderid PAPER_TRADE cost 99111.125899
2019-06-14 00:02:02,347 INFO {'stance': [-1, -1, -1, 1, -1], 'orderid': 'PAPER_TRADE', 'side': 'buy', 'comm_to_open': 250.47784089803062, 'comm_to_close': 247.77781474698452, 'cost_to_open': 100191.13635921225, 'cost_to_close': 99111.1258987938, 'qty': 0, 'entry_price': 90.7080453028128, 'exit_price': 89.73025783247297, 'mark_price': None, 'cash': 98421.73388393654, 'currency': 'USD', 'can_trade': True, 'symbol_trading': 'XMR/USD', 'exchange': 'kraken', 'equity': 99558.38579988971, 'leverage': 1}
2019-06-14 00:02:02,807 INFO BUY trade result entry 90.708045 exit 89.730258 ret -1.077950% ret after comm -1.577950% USD cash 98421.733884 USD profit -1578.266116
2019-06-14 00:02:03,268 INFO Placing MARKET order for XMR/USD qty -1096.254554
2019-06-14 00:02:03,731 INFO Filled MARKET order for XMR/USD qty -1096.254554 side sell @ 89.730335 leverage 2.000000 slippage 0.055318% orderid PAPER_TRADE cost 98367.288860
2019-06-14 00:02:04,200 INFO Placed STOP LOSS for XMR/USD qty 1096.254554 side buy @ 91.973594 leverage 2.000000 orderid PAPER_TRADE
2019-06-14 00:02:07,776 INFO Strategy equity is USD 98121.370638 (-1.878629%)
2019-06-14 00:02:07,777 INFO State has been saved
2019-06-14 00:02:07,777 INFO Done
2019-06-14 19:23:01,090 INFO Connecting to kraken TEST platform
2019-06-14 19:23:01,093 INFO Connected to kraken using KRAKEN_REST_API
2019-06-14 19:23:01,094 INFO State has been loaded
2019-06-14 19:23:03,070 INFO Running MA-1-21 strategy on KRAKEN for XMR/USD using initial capital of USD 100000.000000 
2019-06-14 19:23:03,070 INFO Checking if STOP LOSS has triggered
2019-06-14 19:23:03,071 INFO Refreshing order book for XMR/USD
2019-06-14 19:23:10,707 INFO Stance is -1 from [-1, -1, -1, 1, -1]
2019-06-14 19:23:22,783 INFO No trades are needed
2019-06-14 19:23:23,735 INFO The open SELL trade has entry @ 89.730335 mark @ 88.060000 unrealised 1.896815%
2019-06-14 19:23:25,690 INFO Strategy equity is USD 100006.928471 (0.006928%)
2019-06-14 19:23:25,691 INFO State has been saved
2019-06-14 19:23:25,691 INFO Done
2019-06-15 00:00:38,186 INFO Connecting to kraken TEST platform
2019-06-15 00:00:38,189 INFO Connected to kraken using KRAKEN_REST_API
2019-06-15 00:00:38,189 INFO State has been loaded
2019-06-15 00:00:38,984 INFO Running MA-1-21 strategy on KRAKEN for XMR/USD using initial capital of USD 100000.000000 
2019-06-15 00:00:38,984 INFO Checking if STOP LOSS has triggered
2019-06-15 00:00:38,985 INFO Refreshing order book for XMR/USD
2019-06-15 00:00:46,082 INFO Stance is 1 from [-1, -1, 1, -1, 1]
2019-06-15 00:01:04,982 INFO Strategy is changing direction
2019-06-15 00:01:05,784 INFO Placing MARKET order for XMR/USD qty 1096.254554
2019-06-15 00:01:06,568 INFO Filled MARKET order for XMR/USD qty 1096.254554 side buy @ 91.070000 leverage 2.000000 slippage 0.115429% orderid PAPER_TRADE cost 99835.902259
2019-06-15 00:01:06,568 INFO {'stance': [-1, -1, 1, -1, 1], 'orderid': 'PAPER_TRADE', 'side': 'sell', 'comm_to_open': 245.91822215033136, 'comm_to_close': 249.5897556474187, 'cost_to_open': 98367.28886013254, 'cost_to_close': 99835.90225896749, 'qty': 0, 'entry_price': 89.73033541836513, 'exit_price': 91.07, 'mark_price': 88.06, 'cash': 96457.61250730384, 'currency': 'USD', 'can_trade': True, 'symbol_trading': 'XMR/USD', 'exchange': 'kraken', 'equity': 100006.92847135679, 'leverage': 2, 'stop_id': 'PAPER_TRADE', 'stop_price': 91.97359380382424}
2019-06-15 00:01:07,363 INFO SELL trade result entry 89.730335 exit 91.070000 ret -2.942055% ret after comm -3.942055% USD cash 96457.612507 USD profit -1964.121377
2019-06-15 00:01:08,157 INFO Cancelling STOP LOSS with id PAPER_TRADE
2019-06-15 00:01:12,065 INFO Placing MARKET order for XMR/USD qty 1060.381603
2019-06-15 00:01:12,846 INFO Filled MARKET order for XMR/USD qty 1060.381603 side buy @ 91.070000 leverage 1.000000 slippage 0.115429% orderid PAPER_TRADE cost 96568.952576
2019-06-15 00:01:13,653 INFO Strategy equity is USD 96104.850058 (-3.895150%)
2019-06-15 00:01:13,653 INFO State has been saved
2019-06-15 00:01:13,654 INFO Done
2019-06-16 00:00:38,089 INFO Connecting to kraken TEST platform
2019-06-16 00:00:38,092 INFO Connected to kraken using KRAKEN_REST_API
2019-06-16 00:00:38,092 INFO State has been loaded
2019-06-16 00:00:38,874 INFO Running MA-1-21 strategy on KRAKEN for XMR/USD using initial capital of USD 100000.000000 
2019-06-16 00:00:43,089 INFO Stance is 1 from [-1, 1, -1, 1, 1]
2019-06-16 00:01:04,982 INFO No trades are needed
2019-06-16 00:01:04,982 INFO Refreshing order book for XMR/USD
2019-06-16 00:01:08,769 INFO The open BUY trade has entry @ 91.070000 mark @ 95.375000 unrealised 4.727133%
2019-06-16 00:01:09,535 INFO Strategy equity is USD 100781.132926 (0.781133%)
2019-06-16 00:01:09,536 INFO State has been saved
2019-06-16 00:01:09,536 INFO Done
2019-06-17 00:01:06,532 INFO Connecting to kraken TEST platform
2019-06-17 00:01:06,534 INFO Connected to kraken using KRAKEN_REST_API
2019-06-17 00:01:06,535 INFO State has been loaded
2019-06-17 00:01:07,319 INFO Running MA-1-21 strategy on KRAKEN for XMR/USD using initial capital of USD 100000.000000 
2019-06-17 00:01:11,488 INFO Stance is 1 from [1, -1, 1, 1, 1]
2019-06-17 00:01:12,260 INFO No trades are needed
2019-06-17 00:01:12,260 INFO Refreshing order book for XMR/USD
2019-06-17 00:01:16,046 INFO The open BUY trade has entry @ 91.070000 mark @ 96.265000 unrealised 5.704403%
2019-06-17 00:01:16,802 INFO Strategy equity is USD 101724.872553 (1.724873%)
2019-06-17 00:01:16,812 INFO State has been saved
2019-06-17 00:01:16,812 INFO Done
2019-06-18 00:43:44,007 INFO Connecting to kraken TEST platform
2019-06-18 00:43:44,011 INFO Connected to kraken using KRAKEN_REST_API
2019-06-18 00:43:44,011 INFO State has been loaded
2019-06-18 00:43:44,764 INFO Running MA-1-21 strategy on KRAKEN for XMR/USD using initial capital of USD 100000.000000 
2019-06-18 00:43:48,935 INFO Stance is 1 from [-1, 1, 1, 1, 1]
2019-06-18 00:44:10,825 INFO No trades are needed
2019-06-18 00:44:10,825 INFO Refreshing order book for XMR/USD
2019-06-18 00:44:14,630 INFO The open BUY trade has entry @ 91.070000 mark @ 98.960000 unrealised 8.663665%
2019-06-18 00:44:15,392 INFO Strategy equity is USD 104582.600973 (4.582601%)
2019-06-18 00:44:15,393 INFO State has been saved
2019-06-18 00:44:15,393 INFO Done
2019-06-19 00:01:00,601 INFO Connecting to kraken TEST platform
2019-06-19 00:01:00,606 INFO Connected to kraken using KRAKEN_REST_API
2019-06-19 00:01:00,606 INFO State has been loaded
2019-06-19 00:01:01,388 INFO Running MA-1-21 strategy on KRAKEN for XMR/USD using initial capital of USD 100000.000000 
2019-06-19 00:01:05,464 INFO Stance is 1 from [1, 1, 1, 1, 1]
2019-06-19 00:01:30,452 INFO No trades are needed
2019-06-19 00:01:30,452 INFO Refreshing order book for XMR/USD
2019-06-19 00:01:34,230 INFO The open BUY trade has entry @ 91.070000 mark @ 96.495000 unrealised 5.956956%
2019-06-19 00:01:34,996 INFO Strategy equity is USD 101968.760322 (1.968760%)
2019-06-19 00:01:34,998 INFO State has been saved
2019-06-19 00:01:34,998 INFO Done
2019-06-20 00:01:00,790 INFO Connecting to kraken TEST platform
2019-06-20 00:01:00,796 INFO Connected to kraken using KRAKEN_REST_API
2019-06-20 00:01:00,796 INFO State has been loaded
2019-06-20 00:01:01,551 INFO Running MA-1-21 strategy on KRAKEN for XMR/USD using initial capital of USD 100000.000000 
2019-06-20 00:01:05,805 INFO Stance is 1 from [1, 1, 1, 1, 1]
2019-06-20 00:01:30,789 INFO No trades are needed
2019-06-20 00:01:30,789 INFO Refreshing order book for XMR/USD
2019-06-20 00:01:34,578 INFO The open BUY trade has entry @ 91.070000 mark @ 100.610000 unrealised 10.475458%
2019-06-20 00:01:35,363 INFO Strategy equity is USD 106332.230617 (6.332231%)
2019-06-20 00:01:35,364 INFO State has been saved
2019-06-20 00:01:35,364 INFO Done
2019-06-21 00:13:50,152 INFO Connecting to kraken TEST platform
2019-06-21 00:13:50,155 INFO Connected to kraken using KRAKEN_REST_API
2019-06-21 00:13:50,155 INFO State has been loaded
2019-06-21 00:13:50,934 INFO Running MA-1-21 strategy on KRAKEN for XMR/USD using initial capital of USD 100000.000000 
2019-06-21 00:13:55,114 INFO Stance is 1 from [1, 1, 1, 1, 1]
2019-06-21 00:14:16,987 INFO No trades are needed
2019-06-21 00:14:16,987 INFO Refreshing order book for XMR/USD
2019-06-21 00:14:21,259 INFO The open BUY trade has entry @ 91.070000 mark @ 105.620000 unrealised 15.976721%
2019-06-21 00:14:22,037 INFO Strategy equity is USD 111644.742448 (11.644742%)
2019-06-21 00:14:22,039 INFO State has been saved
2019-06-21 00:14:22,040 INFO Done
2019-06-22 00:01:37,198 INFO Connecting to kraken TEST platform
2019-06-22 00:01:37,203 INFO Connected to kraken using KRAKEN_REST_API
2019-06-22 00:01:37,204 INFO State has been loaded
2019-06-22 00:01:38,020 INFO Running MA-1-21 strategy on KRAKEN for XMR/USD using initial capital of USD 100000.000000 
2019-06-22 00:01:42,343 INFO Stance is 1 from [1, 1, 1, 1, 1]
2019-06-22 00:01:43,119 INFO No trades are needed
2019-06-22 00:01:43,119 INFO Refreshing order book for XMR/USD
2019-06-22 00:01:46,919 INFO The open BUY trade has entry @ 91.070000 mark @ 110.135000 unrealised 20.934446%
2019-06-22 00:01:47,694 INFO Strategy equity is USD 116432.365385 (16.432365%)
2019-06-22 00:01:47,696 INFO State has been saved
2019-06-22 00:01:47,696 INFO Done
2019-06-23 00:01:33,282 INFO Connecting to kraken TEST platform
2019-06-23 00:01:33,285 INFO Connected to kraken using KRAKEN_REST_API
2019-06-23 00:01:33,285 INFO State has been loaded
2019-06-23 00:01:34,047 INFO Running MA-1-21 strategy on KRAKEN for XMR/USD using initial capital of USD 100000.000000 
2019-06-23 00:01:38,226 INFO Stance is 1 from [1, 1, 1, 1, 1]
2019-06-23 00:01:39,006 INFO No trades are needed
2019-06-23 00:01:39,006 INFO Refreshing order book for XMR/USD
2019-06-23 00:01:42,949 INFO The open BUY trade has entry @ 91.070000 mark @ 114.220000 unrealised 25.420007%
2019-06-23 00:01:43,727 INFO Strategy equity is USD 120764.024233 (20.764024%)
2019-06-23 00:01:43,729 INFO State has been saved
2019-06-23 00:01:43,729 INFO Done
2019-06-24 00:01:35,924 INFO Connecting to kraken TEST platform
2019-06-24 00:01:35,929 INFO Connected to kraken using KRAKEN_REST_API
2019-06-24 00:01:35,929 INFO State has been loaded
2019-06-24 00:01:36,701 INFO Running MA-1-21 strategy on KRAKEN for XMR/USD using initial capital of USD 100000.000000 
2019-06-24 00:01:41,084 INFO Stance is 1 from [1, 1, 1, 1, 1]
2019-06-24 00:01:41,849 INFO No trades are needed
2019-06-24 00:01:41,850 INFO Refreshing order book for XMR/USD
2019-06-24 00:01:45,611 INFO The open BUY trade has entry @ 91.070000 mark @ 114.225000 unrealised 25.425497%
2019-06-24 00:01:46,375 INFO Strategy equity is USD 120769.326141 (20.769326%)
2019-06-24 00:01:46,379 INFO State has been saved
2019-06-24 00:01:46,379 INFO Done
2019-06-25 00:01:33,601 INFO Connecting to kraken TEST platform
2019-06-25 00:01:33,606 INFO Connected to kraken using KRAKEN_REST_API
2019-06-25 00:01:33,606 INFO State has been loaded
2019-06-25 00:01:34,367 INFO Running MA-1-21 strategy on KRAKEN for XMR/USD using initial capital of USD 100000.000000 
2019-06-25 00:01:38,562 INFO Stance is 1 from [1, 1, 1, 1, 1]
2019-06-25 00:01:39,389 INFO No trades are needed
2019-06-25 00:01:39,389 INFO Refreshing order book for XMR/USD
2019-06-25 00:01:43,164 INFO The open BUY trade has entry @ 91.070000 mark @ 117.725000 unrealised 29.268694%
2019-06-25 00:01:43,936 INFO Strategy equity is USD 124480.661751 (24.480662%)
2019-06-25 00:01:43,936 INFO State has been saved
2019-06-25 00:01:43,936 INFO Done
2019-06-26 00:01:34,345 INFO Connecting to kraken TEST platform
2019-06-26 00:01:34,350 INFO Connected to kraken using KRAKEN_REST_API
2019-06-26 00:01:34,350 INFO State has been loaded
2019-06-26 00:01:35,131 INFO Running MA-1-21 strategy on KRAKEN for XMR/USD using initial capital of USD 100000.000000 
2019-06-26 00:01:39,349 INFO Stance is 1 from [1, 1, 1, 1, 1]
2019-06-26 00:01:40,161 INFO No trades are needed
2019-06-26 00:01:40,161 INFO Refreshing order book for XMR/USD
2019-06-26 00:01:44,223 INFO The open BUY trade has entry @ 91.070000 mark @ 111.835000 unrealised 22.801142%
2019-06-26 00:01:44,973 INFO Strategy equity is USD 118235.014110 (18.235014%)
2019-06-26 00:01:44,974 INFO State has been saved
2019-06-26 00:01:44,975 INFO Done
2019-06-27 00:01:35,187 INFO Connecting to kraken TEST platform
2019-06-27 00:01:35,189 INFO Connected to kraken using KRAKEN_REST_API
2019-06-27 00:01:35,189 INFO State has been loaded
2019-06-27 00:01:35,948 INFO Running MA-1-21 strategy on KRAKEN for XMR/USD using initial capital of USD 100000.000000 leverage {1: 1, -1: 2}
2019-06-27 00:01:39,988 INFO Stance is 1 from [1, 1, 1, 1, 1]
2019-06-27 00:01:40,756 INFO No trades are needed
2019-06-27 00:01:40,756 INFO Refreshing order book for XMR/USD
2019-06-27 00:01:44,521 INFO The open BUY trade has entry @ 91.070000 mark @ 103.715000 unrealised 13.884924%
2019-06-27 00:01:45,274 INFO Strategy equity is USD 109624.715494 (9.624715%)
2019-06-27 00:01:45,276 INFO State has been saved
2019-06-27 00:01:45,276 INFO Done
2019-06-28 00:02:05,289 INFO Connecting to kraken TEST platform
2019-06-28 00:02:05,293 INFO Connected to kraken using KRAKEN_REST_API
2019-06-28 00:02:05,294 INFO State has been loaded
2019-06-28 00:02:09,190 INFO Running MA-1-21 strategy on KRAKEN for XMR/USD using initial capital of USD 100000.000000 leverage {1: 1, -1: 2}
2019-06-28 00:02:13,334 INFO Stance is -1 from [1, 1, 1, 1, -1]
2019-06-28 00:02:14,093 INFO Strategy is changing direction
2019-06-28 00:02:14,849 INFO Placing MARKET order for XMR/USD qty -1060.381603
2019-06-28 00:02:14,849 INFO Refreshing order book for XMR/USD
2019-06-28 00:02:18,594 INFO Filled MARKET order for XMR/USD qty -1060.381603 side sell @ 94.487396 leverage 1.000000 slippage 0.198155% orderid PAPER_TRADE cost 100192.696808
2019-06-28 00:02:18,595 INFO {'stance': [1, 1, 1, 1, -1], 'orderid': 'PAPER_TRADE', 'side': 'buy', 'comm_to_open': 241.4223814390194, 'comm_to_close': 250.48174201955254, 'cost_to_open': 96568.95257560776, 'cost_to_close': 100192.69680782102, 'qty': 0, 'entry_price': 91.07, 'exit_price': 94.48739636214113, 'mark_price': 103.715, 'cash': 99589.45261605854, 'currency': 'USD', 'can_trade': True, 'symbol_trading': 'XMR/USD', 'exchange': 'kraken', 'equity': 109624.71549446658, 'leverage': 1}
2019-06-28 00:02:19,335 INFO BUY trade result entry 91.070000 exit 94.487396 ret 3.752494% ret after comm 3.252494% USD cash 99589.452616 USD profit 3131.840109
2019-06-28 00:02:20,076 INFO Placing MARKET order for XMR/USD qty -1051.908662
2019-06-28 00:02:20,827 INFO Filled MARKET order for XMR/USD qty -1051.908662 side sell @ 94.488747 leverage 2.000000 slippage 0.196729% orderid PAPER_TRADE cost 99393.531601
2019-06-28 00:02:21,590 INFO Placed STOP LOSS for XMR/USD qty 1051.908662 side buy @ 96.850966 leverage 2.000000 orderid PAPER_TRADE
2019-06-28 00:02:25,444 INFO Strategy equity is USD 99145.047772 (-0.854952%)
2019-06-28 00:02:25,445 INFO State has been saved
2019-06-28 00:02:25,445 INFO Done
2019-06-29 00:02:03,706 INFO Connecting to kraken TEST platform
2019-06-29 00:02:03,707 INFO Connected to kraken using KRAKEN_REST_API
2019-06-29 00:02:03,708 INFO State has been loaded
2019-06-29 00:02:07,832 INFO Running MA-1-21 strategy on KRAKEN for XMR/USD using initial capital of USD 100000.000000 leverage {1: 1, -1: 2}
2019-06-29 00:02:07,832 INFO Checking if STOP LOSS has triggered
2019-06-29 00:02:07,833 INFO Refreshing order book for XMR/USD
2019-06-29 00:02:11,691 INFO Stop loss PAPER_TRADE has triggered with slippage 4.573041%
2019-06-29 00:02:11,691 INFO {'stance': [1, 1, 1, 1, -1], 'orderid': 'PAPER_TRADE', 'side': 'sell', 'comm_to_open': 248.48382900309778, 'comm_to_close': 266.34327332860863, 'cost_to_open': 99393.53160123911, 'cost_to_close': 106537.30933144345, 'qty': 0, 'entry_price': 94.48874712290528, 'exit_price': 101.28, 'mark_price': 103.715, 'cash': 91930.84778352249, 'currency': 'USD', 'can_trade': False, 'symbol_trading': 'XMR/USD', 'exchange': 'kraken', 'equity': 99145.04777223601, 'leverage': 2}
2019-06-29 00:02:12,429 INFO SELL trade result entry 94.488747 exit 101.280000 ret -13.410847% ret after comm -14.410847% USD cash 91930.847784 USD profit -7658.604833
2019-06-29 00:02:16,388 INFO Stance is 1 from [1, 1, 1, -1, 1]
2019-06-29 00:02:17,149 INFO Placing MARKET order for XMR/USD qty 907.690045
2019-06-29 00:02:17,881 INFO Filled MARKET order for XMR/USD qty 907.690045 side buy @ 101.500000 leverage 1.000000 slippage 0.217220% orderid PAPER_TRADE cost 92130.539593
2019-06-29 00:02:18,629 INFO Strategy equity is USD 91500.829625 (-8.499170%)
2019-06-29 00:02:18,631 INFO State has been saved
2019-06-29 00:02:18,631 INFO Done
2019-06-30 00:01:57,889 INFO Connecting to kraken TEST platform
2019-06-30 00:01:57,895 INFO Connected to kraken using KRAKEN_REST_API
2019-06-30 00:01:57,895 INFO State has been loaded
2019-06-30 00:01:58,642 INFO Running MA-1-21 strategy on KRAKEN for XMR/USD using initial capital of USD 100000.000000 leverage {1: 1, -1: 2}
2019-06-30 00:02:02,928 INFO Stance is 1 from [1, 1, -1, 1, 1]
2019-06-30 00:02:03,668 INFO No trades are needed
2019-06-30 00:02:03,669 INFO Refreshing order book for XMR/USD
2019-06-30 00:02:07,460 INFO The open BUY trade has entry @ 101.500000 mark @ 99.700000 unrealised -1.773399%
2019-06-30 00:02:08,190 INFO Strategy equity is USD 90066.679353 (-9.933321%)
2019-06-30 00:02:08,192 INFO State has been saved
2019-06-30 00:02:08,192 INFO Done
2019-07-01 00:02:05,602 INFO Connecting to kraken TEST platform
2019-07-01 00:02:05,605 INFO Connected to kraken using KRAKEN_REST_API
2019-07-01 00:02:05,605 INFO State has been loaded
2019-07-01 00:02:06,349 INFO Running MA-1-21 strategy on KRAKEN for XMR/USD using initial capital of USD 100000.000000 leverage {1: 1, -1: 2}
2019-07-01 00:02:10,454 INFO Stance is -1 from [1, -1, 1, 1, -1]
2019-07-01 00:02:11,223 INFO Strategy is changing direction
2019-07-01 00:02:11,970 INFO Placing MARKET order for XMR/USD qty -907.690045
2019-07-01 00:02:11,971 INFO Refreshing order book for XMR/USD
2019-07-01 00:02:15,727 INFO Filled MARKET order for XMR/USD qty -907.690045 side sell @ 87.970000 leverage 1.000000 slippage 0.238149% orderid PAPER_TRADE cost 79849.493281
2019-07-01 00:02:15,727 INFO {'stance': [1, -1, 1, 1, -1], 'orderid': 'PAPER_TRADE', 'side': 'buy', 'comm_to_open': 230.32634898369702, 'comm_to_close': 199.62373320291456, 'cost_to_open': 92130.53959347881, 'cost_to_close': 79849.49328116582, 'qty': 0, 'entry_price': 101.5, 'exit_price': 87.97, 'mark_price': 99.69999999999999, 'cash': 79219.8513890229, 'currency': 'USD', 'can_trade': True, 'symbol_trading': 'XMR/USD', 'exchange': 'kraken', 'equity': 90066.67935307807, 'leverage': 1}
2019-07-01 00:02:16,476 INFO BUY trade result entry 101.500000 exit 87.970000 ret -13.330049% ret after comm -13.830049% cash USD 79219.851389 profit USD -12710.996394
2019-07-01 00:02:17,240 INFO Placing MARKET order for XMR/USD qty -898.387972
2019-07-01 00:02:18,000 INFO Filled MARKET order for XMR/USD qty -898.387972 side sell @ 87.970000 leverage 2.000000 slippage 0.238149% orderid PAPER_TRADE cost 79031.189915
2019-07-01 00:02:18,746 INFO Placed STOP LOSS for XMR/USD qty 898.387972 side buy @ 90.169250 leverage 2.000000 orderid PAPER_TRADE
2019-07-01 00:02:22,607 INFO Strategy equity is USD 78833.611940 (-21.166388%)
2019-07-01 00:02:22,609 INFO State has been saved
2019-07-01 00:02:22,609 INFO Done
2019-07-02 00:01:57,236 INFO Connecting to kraken TEST platform
2019-07-02 00:01:57,240 INFO Connected to kraken using KRAKEN_REST_API
2019-07-02 00:01:57,240 INFO State has been loaded
2019-07-02 00:01:57,998 INFO Running MA-1-21 strategy on KRAKEN for XMR/USD using initial capital of USD 100000.000000 leverage {1: 1, -1: 2}
2019-07-02 00:02:01,273 INFO Checking if STOP LOSS has triggered
2019-07-02 00:02:02,010 INFO Stop loss PAPER_TRADE has TRIGGERED @ 90.169250
2019-07-02 00:02:02,011 INFO {'stance': [1, -1, 1, 1, -1], 'orderid': 'PAPER_TRADE', 'side': 'sell', 'comm_to_open': 197.57797478714966, 'comm_to_close': 202.51742415682838, 'cost_to_open': 79031.18991485986, 'cost_to_close': 81006.96966273135, 'qty': 0, 'entry_price': 87.97, 'exit_price': 90.16924999999999, 'mark_price': 99.69999999999999, 'cash': 76843.97624220741, 'currency': 'USD', 'can_trade': False, 'symbol_trading': 'XMR/USD', 'exchange': 'kraken', 'equity': 78833.6119400727, 'leverage': 2}
2019-07-02 00:02:02,761 INFO SELL trade result entry 87.970000 exit 90.169250 ret -4.878049% ret after comm -5.878049% cash USD 76843.976242 profit USD -2375.875147
2019-07-02 00:02:03,559 INFO Stance is -1 from [-1, 1, 1, -1, -1]
2019-07-02 00:02:04,290 INFO Full strategy signal needed before next trade
2019-07-02 00:02:04,291 INFO Refreshing order book for XMR/USD
2019-07-02 00:02:08,196 INFO Strategy equity is USD 76843.976242 (-23.156024%)
2019-07-02 00:02:08,197 INFO State has been saved
2019-07-03 00:02:39,414 INFO Connecting to kraken TEST platform
2019-07-03 00:02:39,415 INFO Connected to kraken using KRAKEN_REST_API
2019-07-03 00:02:39,416 INFO State has been loaded
2019-07-03 00:02:40,191 INFO Running MA-1-21 strategy on KRAKEN for XMR/USD using initial capital of USD 100000.000000 leverage {1: 1, -1: 2}
2019-07-03 00:02:44,356 INFO Stance is -1 from [1, 1, -1, -1, -1]
2019-07-03 00:02:45,143 INFO Full strategy signal needed before next trade
2019-07-03 00:02:45,144 INFO Refreshing order book for XMR/USD
2019-07-03 00:02:48,915 INFO Strategy equity is USD 76843.976242 (-23.156024%)
2019-07-03 00:02:48,916 INFO State has been saved
2019-07-04 00:02:02,294 INFO Connecting to kraken TEST platform
2019-07-04 00:02:02,300 INFO Connected to kraken using KRAKEN_REST_API
2019-07-04 00:02:02,301 INFO State has been loaded
2019-07-04 00:02:03,055 INFO Running MA-1-21 strategy on KRAKEN for XMR/USD using initial capital of USD 100000.000000 leverage {1: 1, -1: 2}
2019-07-04 00:02:07,686 INFO Stance is -1 from [1, -1, -1, -1, -1]
2019-07-04 00:02:08,442 INFO Full strategy signal needed before next trade
2019-07-04 00:02:08,443 INFO Refreshing order book for XMR/USD
2019-07-04 00:02:12,218 INFO Strategy equity is USD 76843.976242 (-23.156024%)
2019-07-04 00:02:12,219 INFO State has been saved
2019-07-05 00:02:17,517 INFO Connecting to kraken TEST platform
2019-07-05 00:02:17,521 INFO Connected to kraken using KRAKEN_REST_API
2019-07-05 00:02:17,521 INFO State has been loaded
2019-07-05 00:02:18,279 INFO Running MA-1-21 strategy on KRAKEN for XMR/USD using initial capital of USD 100000.000000 leverage {1: 1, -1: 2}
2019-07-05 00:02:22,457 INFO Stance is -1 from [-1, -1, -1, -1, -1]
2019-07-05 00:02:23,198 INFO Full strategy signal needed before next trade
2019-07-05 00:02:23,198 INFO Refreshing order book for XMR/USD
2019-07-05 00:02:26,952 INFO Strategy equity is USD 76843.976242 (-23.156024%)
2019-07-05 00:02:26,953 INFO State has been saved
2019-07-06 00:02:02,033 INFO Connecting to kraken TEST platform
2019-07-06 00:02:02,035 INFO Connected to kraken using KRAKEN_REST_API
2019-07-06 00:02:02,035 INFO State has been loaded
2019-07-06 00:02:02,782 INFO Running MA-1-21 strategy on KRAKEN for XMR/USD using initial capital of USD 100000.000000 leverage {1: 1, -1: 2}
2019-07-06 00:02:06,987 INFO Stance is -1 from [-1, -1, -1, -1, -1]
2019-07-06 00:02:07,736 INFO Full strategy signal needed before next trade
2019-07-06 00:02:07,736 INFO Refreshing order book for XMR/USD
2019-07-06 00:02:11,484 INFO Strategy equity is USD 76843.976242 (-23.156024%)
2019-07-06 00:02:11,485 INFO State has been saved
2019-07-07 00:01:57,642 INFO Connecting to kraken TEST platform
2019-07-07 00:01:57,646 INFO Connected to kraken using KRAKEN_REST_API
2019-07-07 00:01:57,647 INFO State has been loaded
2019-07-07 00:01:58,396 INFO Running MA-1-21 strategy on KRAKEN for XMR/USD using initial capital of USD 100000.000000 leverage {1: 1, -1: 2}
2019-07-07 00:02:02,703 INFO Stance is -1 from [-1, -1, -1, -1, -1]
2019-07-07 00:02:03,433 INFO Full strategy signal needed before next trade
2019-07-07 00:02:03,434 INFO Refreshing order book for XMR/USD
2019-07-07 00:02:07,184 INFO Strategy equity is USD 76843.976242 (-23.156024%)
2019-07-07 00:02:07,185 INFO State has been saved
