2019-06-28 00:00:29,641 INFO Connecting to kraken LIVE platform
2019-06-28 00:00:29,648 INFO Connected to kraken using KRAKEN_REST_API
2019-06-28 00:00:29,649 INFO State has been loaded
2019-06-28 00:00:30,417 INFO Running MA-1-21 strategy on KRAKEN for ETH/USD using initial capital of USD 7132.000000 leverage {1: 1, -1: 2}
2019-06-28 00:00:43,473 INFO Stance is 1 from [1, 1, 1, 1, 1]
2019-06-28 00:00:45,519 INFO {'info': {'ZUSD': '6784.0034', 'KFEE': '197398.06', 'XXBT': '0.1582672200', 'XETH': '24.9997182500', 'USDT': '0.00000001'}, 'USD': {'free': 6784.0034, 'used': 0.0, 'total': 6784.0034}, 'KFEE': {'free': 197398.06, 'used': 0.0, 'total': 197398.06}, 'BTC': {'free': 0.15826722, 'used': 0.0, 'total': 0.15826722}, 'ETH': {'free': 24.99971825, 'used': 0.0, 'total': 24.99971825}, 'USDT': {'free': 1e-08, 'used': 0.0, 'total': 1e-08}, 'free': {'USD': 6784.0034, 'KFEE': 197398.06, 'BTC': 0.15826722, 'ETH': 24.99971825, 'USDT': 1e-08}, 'used': {'USD': 0.0, 'KFEE': 0.0, 'BTC': 0.0, 'ETH': 0.0, 'USDT': 0.0}, 'total': {'USD': 6784.0034, 'KFEE': 197398.06, 'BTC': 0.15826722, 'ETH': 24.99971825, 'USDT': 1e-08}}
2019-06-28 00:00:46,522 INFO Balance is USD 6784.003400
2019-06-28 00:00:47,257 INFO No trades are needed
2019-06-28 00:00:47,257 INFO Refreshing order book for ETH/USD
2019-06-28 00:00:51,020 INFO The open BUY trade has entry @ 285.310000 mark @ 294.185000 unrealised 3.110652%
2019-06-28 00:00:51,750 INFO Strategy equity is USD 7354.542113 (3.120332%)
2019-06-28 00:00:51,751 INFO State has been saved
2019-06-28 00:00:51,751 INFO Done
2019-06-29 00:00:28,441 INFO Connecting to kraken LIVE platform
2019-06-29 00:00:28,445 INFO Connected to kraken using KRAKEN_REST_API
2019-06-29 00:00:28,445 INFO State has been loaded
2019-06-29 00:00:29,216 INFO Running MA-1-21 strategy on KRAKEN for ETH/USD using initial capital of USD 7132.000000 leverage {1: 1, -1: 2}
2019-06-29 00:00:42,273 INFO Stance is 1 from [1, 1, 1, 1, 1]
2019-06-29 00:00:44,365 INFO {'info': {'ZUSD': '6784.0034', 'KFEE': '196862.86', 'XXBT': '0.1582672200', 'XETH': '24.9997182500', 'USDT': '0.00000001'}, 'USD': {'free': 6784.0034, 'used': 0.0, 'total': 6784.0034}, 'KFEE': {'free': 196862.86, 'used': 0.0, 'total': 196862.86}, 'BTC': {'free': 0.15826722, 'used': 0.0, 'total': 0.15826722}, 'ETH': {'free': 24.99971825, 'used': 0.0, 'total': 24.99971825}, 'USDT': {'free': 1e-08, 'used': 0.0, 'total': 1e-08}, 'free': {'USD': 6784.0034, 'KFEE': 196862.86, 'BTC': 0.15826722, 'ETH': 24.99971825, 'USDT': 1e-08}, 'used': {'USD': 0.0, 'KFEE': 0.0, 'BTC': 0.0, 'ETH': 0.0, 'USDT': 0.0}, 'total': {'USD': 6784.0034, 'KFEE': 196862.86, 'BTC': 0.15826722, 'ETH': 24.99971825, 'USDT': 1e-08}}
2019-06-29 00:00:45,139 INFO Balance is USD 6784.003400
2019-06-29 00:00:45,907 INFO No trades are needed
2019-06-29 00:00:45,907 INFO Refreshing order book for ETH/USD
2019-06-29 00:00:49,690 INFO The open BUY trade has entry @ 285.310000 mark @ 309.255000 unrealised 8.392626%
2019-06-29 00:00:50,424 INFO Strategy equity is USD 7731.287867 (8.402802%)
2019-06-29 00:00:50,425 INFO State has been saved
2019-06-29 00:00:50,425 INFO Done
2019-06-30 00:00:28,743 INFO Connecting to kraken LIVE platform
2019-06-30 00:00:28,747 INFO Connected to kraken using KRAKEN_REST_API
2019-06-30 00:00:28,747 INFO State has been loaded
2019-06-30 00:00:29,505 INFO Running MA-1-21 strategy on KRAKEN for ETH/USD using initial capital of USD 7132.000000 leverage {1: 1, -1: 2}
2019-06-30 00:00:42,642 INFO Stance is 1 from [1, 1, 1, 1, 1]
2019-06-30 00:00:44,668 INFO {'info': {'ZUSD': '6784.0034', 'KFEE': '196327.66', 'XXBT': '0.1582672200', 'XETH': '24.9997182500', 'USDT': '0.00000001'}, 'USD': {'free': 6784.0034, 'used': 0.0, 'total': 6784.0034}, 'KFEE': {'free': 196327.66, 'used': 0.0, 'total': 196327.66}, 'BTC': {'free': 0.15826722, 'used': 0.0, 'total': 0.15826722}, 'ETH': {'free': 24.99971825, 'used': 0.0, 'total': 24.99971825}, 'USDT': {'free': 1e-08, 'used': 0.0, 'total': 1e-08}, 'free': {'USD': 6784.0034, 'KFEE': 196327.66, 'BTC': 0.15826722, 'ETH': 24.99971825, 'USDT': 1e-08}, 'used': {'USD': 0.0, 'KFEE': 0.0, 'BTC': 0.0, 'ETH': 0.0, 'USDT': 0.0}, 'total': {'USD': 6784.0034, 'KFEE': 196327.66, 'BTC': 0.15826722, 'ETH': 24.99971825, 'USDT': 1e-08}}
2019-06-30 00:00:45,431 INFO KRAKEN account balance is USD 6784.003400
2019-06-30 00:00:46,161 INFO No trades are needed
2019-06-30 00:00:46,161 INFO Refreshing order book for ETH/USD
2019-06-30 00:00:50,036 INFO The open BUY trade has entry @ 285.310000 mark @ 318.830000 unrealised 11.748624%
2019-06-30 00:00:50,800 INFO Strategy equity is USD 7970.660170 (11.759116%)
2019-06-30 00:00:50,801 INFO State has been saved
2019-06-30 00:00:50,801 INFO Done
2019-07-01 00:00:28,316 INFO Connecting to kraken LIVE platform
2019-07-01 00:00:28,321 INFO Connected to kraken using KRAKEN_REST_API
2019-07-01 00:00:28,322 INFO State has been loaded
2019-07-01 00:00:29,053 INFO Running MA-1-21 strategy on KRAKEN for ETH/USD using initial capital of USD 7132.000000 leverage {1: 1, -1: 2}
2019-07-01 00:00:42,619 INFO Stance is 1 from [1, 1, 1, 1, 1]
2019-07-01 00:00:44,246 INFO {'info': {'ZUSD': '6784.0034', 'KFEE': '195792.46', 'XXBT': '0.1582672200', 'XETH': '24.9997182500', 'USDT': '0.00000001'}, 'USD': {'free': 6784.0034, 'used': 0.0, 'total': 6784.0034}, 'KFEE': {'free': 195792.46, 'used': 0.0, 'total': 195792.46}, 'BTC': {'free': 0.15826722, 'used': 0.0, 'total': 0.15826722}, 'ETH': {'free': 24.99971825, 'used': 0.0, 'total': 24.99971825}, 'USDT': {'free': 1e-08, 'used': 0.0, 'total': 1e-08}, 'free': {'USD': 6784.0034, 'KFEE': 195792.46, 'BTC': 0.15826722, 'ETH': 24.99971825, 'USDT': 1e-08}, 'used': {'USD': 0.0, 'KFEE': 0.0, 'BTC': 0.0, 'ETH': 0.0, 'USDT': 0.0}, 'total': {'USD': 6784.0034, 'KFEE': 195792.46, 'BTC': 0.15826722, 'ETH': 24.99971825, 'USDT': 1e-08}}
2019-07-01 00:00:44,971 INFO KRAKEN account balance is USD 6784.003400
2019-07-01 00:00:45,702 INFO No trades are needed
2019-07-01 00:00:45,702 INFO Refreshing order book for ETH/USD
2019-07-01 00:00:49,467 INFO The open BUY trade has entry @ 285.310000 mark @ 290.630000 unrealised 1.864638%
2019-07-01 00:00:50,220 INFO Strategy equity is USD 7265.668115 (1.874202%)
2019-07-01 00:00:50,221 INFO State has been saved
2019-07-01 00:00:50,221 INFO Done
2019-07-02 00:00:28,579 INFO Connecting to kraken LIVE platform
2019-07-02 00:00:28,585 INFO Connected to kraken using KRAKEN_REST_API
2019-07-02 00:00:28,585 INFO State has been loaded
2019-07-02 00:00:29,321 INFO Running MA-1-21 strategy on KRAKEN for ETH/USD using initial capital of USD 7132.000000 leverage {1: 1, -1: 2}
2019-07-02 00:00:42,599 INFO Stance is 1 from [1, 1, 1, 1, 1]
2019-07-02 00:00:44,475 INFO {'info': {'ZUSD': '6784.0034', 'KFEE': '195257.26', 'XXBT': '0.1582672200', 'XETH': '24.9997182500', 'USDT': '0.00000001'}, 'USD': {'free': 6784.0034, 'used': 0.0, 'total': 6784.0034}, 'KFEE': {'free': 195257.26, 'used': 0.0, 'total': 195257.26}, 'BTC': {'free': 0.15826722, 'used': 0.0, 'total': 0.15826722}, 'ETH': {'free': 24.99971825, 'used': 0.0, 'total': 24.99971825}, 'USDT': {'free': 1e-08, 'used': 0.0, 'total': 1e-08}, 'free': {'USD': 6784.0034, 'KFEE': 195257.26, 'BTC': 0.15826722, 'ETH': 24.99971825, 'USDT': 1e-08}, 'used': {'USD': 0.0, 'KFEE': 0.0, 'BTC': 0.0, 'ETH': 0.0, 'USDT': 0.0}, 'total': {'USD': 6784.0034, 'KFEE': 195257.26, 'BTC': 0.15826722, 'ETH': 24.99971825, 'USDT': 1e-08}}
2019-07-02 00:00:45,201 INFO KRAKEN account balance is USD 6784.003400
2019-07-02 00:00:45,966 INFO No trades are needed
2019-07-02 00:00:45,967 INFO Refreshing order book for ETH/USD
2019-07-02 00:00:49,697 INFO The open BUY trade has entry @ 285.310000 mark @ 293.515000 unrealised 2.875819%
2019-07-02 00:00:50,429 INFO Strategy equity is USD 7337.792302 (2.885478%)
2019-07-02 00:00:50,430 INFO State has been saved
2019-07-02 00:00:50,430 INFO Done
2019-07-03 00:00:49,664 INFO Connecting to kraken LIVE platform
2019-07-03 00:00:49,668 INFO Connected to kraken using KRAKEN_REST_API
2019-07-03 00:00:49,670 INFO State has been loaded
2019-07-03 00:00:50,421 INFO Running MA-1-21 strategy on KRAKEN for ETH/USD using initial capital of USD 7132.000000 leverage {1: 1, -1: 2}
2019-07-03 00:01:33,621 INFO Error fetching candles kraken {"error":["EAPI:Rate limit exceeded"]}
2019-07-03 00:01:34,391 INFO Failed to get latest candle data, aborting...
2019-07-03 00:46:48,077 INFO Connecting to kraken LIVE platform
2019-07-03 00:46:48,081 INFO Connected to kraken using KRAKEN_REST_API
2019-07-03 00:46:48,082 INFO State has been loaded
2019-07-03 00:46:48,852 INFO Running MA-1-21 strategy on KRAKEN for ETH/USD using initial capital of USD 7132.000000 leverage {1: 1, -1: 2}
2019-07-03 00:47:02,025 INFO Stance is 1 from [1, 1, 1, 1, 1]
2019-07-03 00:47:05,022 INFO {'info': {'ZUSD': '6784.0034', 'KFEE': '194722.06', 'XXBT': '0.1582672200', 'XETH': '24.9997182500', 'USDT': '0.00000001'}, 'USD': {'free': 6784.0034, 'used': 0.0, 'total': 6784.0034}, 'KFEE': {'free': 194722.06, 'used': 0.0, 'total': 194722.06}, 'BTC': {'free': 0.15826722, 'used': 0.0, 'total': 0.15826722}, 'ETH': {'free': 24.99971825, 'used': 0.0, 'total': 24.99971825}, 'USDT': {'free': 1e-08, 'used': 0.0, 'total': 1e-08}, 'free': {'USD': 6784.0034, 'KFEE': 194722.06, 'BTC': 0.15826722, 'ETH': 24.99971825, 'USDT': 1e-08}, 'used': {'USD': 0.0, 'KFEE': 0.0, 'BTC': 0.0, 'ETH': 0.0, 'USDT': 0.0}, 'total': {'USD': 6784.0034, 'KFEE': 194722.06, 'BTC': 0.15826722, 'ETH': 24.99971825, 'USDT': 1e-08}}
2019-07-03 00:47:05,813 INFO KRAKEN account balance is USD 6784.003400
2019-07-03 00:47:06,583 INFO No trades are needed
2019-07-03 00:47:06,583 INFO Refreshing order book for ETH/USD
2019-07-03 00:47:10,367 INFO The open BUY trade has entry @ 285.310000 mark @ 294.880000 unrealised 3.354246%
2019-07-03 00:47:11,136 INFO Strategy equity is USD 7371.916918 (3.363950%)
2019-07-03 00:47:11,136 INFO State has been saved
2019-07-03 00:47:11,137 INFO Done
2019-07-04 00:00:31,876 INFO Connecting to kraken LIVE platform
2019-07-04 00:00:31,881 INFO Connected to kraken using KRAKEN_REST_API
2019-07-04 00:00:31,882 INFO State has been loaded
2019-07-04 00:00:32,636 INFO Running MA-1-21 strategy on KRAKEN for ETH/USD using initial capital of USD 7132.000000 leverage {1: 1, -1: 2}
2019-07-04 00:00:45,605 INFO Stance is 1 from [1, 1, 1, 1, 1]
2019-07-04 00:00:47,983 INFO {'info': {'ZUSD': '6784.0034', 'KFEE': '194186.86', 'XXBT': '0.1582672200', 'XETH': '24.9997182500', 'USDT': '0.00000001'}, 'USD': {'free': 6784.0034, 'used': 0.0, 'total': 6784.0034}, 'KFEE': {'free': 194186.86, 'used': 0.0, 'total': 194186.86}, 'BTC': {'free': 0.15826722, 'used': 0.0, 'total': 0.15826722}, 'ETH': {'free': 24.99971825, 'used': 0.0, 'total': 24.99971825}, 'USDT': {'free': 1e-08, 'used': 0.0, 'total': 1e-08}, 'free': {'USD': 6784.0034, 'KFEE': 194186.86, 'BTC': 0.15826722, 'ETH': 24.99971825, 'USDT': 1e-08}, 'used': {'USD': 0.0, 'KFEE': 0.0, 'BTC': 0.0, 'ETH': 0.0, 'USDT': 0.0}, 'total': {'USD': 6784.0034, 'KFEE': 194186.86, 'BTC': 0.15826722, 'ETH': 24.99971825, 'USDT': 1e-08}}
2019-07-04 00:00:48,709 INFO KRAKEN account balance is USD 6784.003400
2019-07-04 00:00:49,460 INFO No trades are needed
2019-07-04 00:00:49,461 INFO Refreshing order book for ETH/USD
2019-07-04 00:00:53,431 INFO The open BUY trade has entry @ 285.310000 mark @ 302.655000 unrealised 6.079352%
2019-07-04 00:00:54,161 INFO Strategy equity is USD 7566.289727 (6.089312%)
2019-07-04 00:00:54,162 INFO State has been saved
2019-07-04 00:00:54,162 INFO Done
2019-07-05 00:00:29,821 INFO Connecting to kraken LIVE platform
2019-07-05 00:00:29,825 INFO Connected to kraken using KRAKEN_REST_API
2019-07-05 00:00:29,825 INFO State has been loaded
2019-07-05 00:00:30,566 INFO Running MA-1-21 strategy on KRAKEN for ETH/USD using initial capital of USD 7132.000000 leverage {1: 1, -1: 2}
2019-07-05 00:00:43,958 INFO Stance is -1 from [1, 1, 1, 1, -1]
2019-07-05 00:00:45,917 INFO {'info': {'ZUSD': '6784.0034', 'KFEE': '193651.66', 'XXBT': '0.1582672200', 'XETH': '24.9997182500', 'USDT': '0.00000001'}, 'USD': {'free': 6784.0034, 'used': 0.0, 'total': 6784.0034}, 'KFEE': {'free': 193651.66, 'used': 0.0, 'total': 193651.66}, 'BTC': {'free': 0.15826722, 'used': 0.0, 'total': 0.15826722}, 'ETH': {'free': 24.99971825, 'used': 0.0, 'total': 24.99971825}, 'USDT': {'free': 1e-08, 'used': 0.0, 'total': 1e-08}, 'free': {'USD': 6784.0034, 'KFEE': 193651.66, 'BTC': 0.15826722, 'ETH': 24.99971825, 'USDT': 1e-08}, 'used': {'USD': 0.0, 'KFEE': 0.0, 'BTC': 0.0, 'ETH': 0.0, 'USDT': 0.0}, 'total': {'USD': 6784.0034, 'KFEE': 193651.66, 'BTC': 0.15826722, 'ETH': 24.99971825, 'USDT': 1e-08}}
2019-07-05 00:00:46,667 INFO KRAKEN account balance is USD 6784.003400
2019-07-05 00:00:47,388 INFO Strategy is changing direction
2019-07-05 00:00:48,114 INFO Placing MARKET order for ETH/USD qty -24.999718
2019-07-05 00:00:51,438 INFO {'id': 'OBEIB7-RMF6Q-HM2E7O', 'info': {'error': [], 'result': {'descr': {'order': 'sell 24.99971825 ETHUSD @ market'}, 'txid': ['OBEIB7-RMF6Q-HM2E7O']}}, 'timestamp': None, 'datetime': None, 'lastTradeTimestamp': None, 'symbol': 'ETH/USD', 'type': 'market', 'side': 'sell', 'price': None, 'amount': 24.99971825, 'cost': None, 'average': None, 'filled': None, 'remaining': None, 'status': None, 'fee': None, 'trades': None}
2019-07-05 00:00:54,602 INFO Order details BEFORE normalising
2019-07-05 00:00:54,602 INFO {'info': {'id': 'OBEIB7-RMF6Q-HM2E7O', 'refid': None, 'userref': 0, 'status': 'closed', 'reason': None, 'opentm': 1562284851.3721, 'closetm': 1562284851.4123, 'starttm': 0, 'expiretm': 0, 'descr': {'pair': 'ETHUSD', 'type': 'sell', 'ordertype': 'market', 'price': '0', 'price2': '0', 'leverage': 'none', 'order': 'sell 24.99971825 ETHUSD @ market', 'close': ''}, 'vol': '24.99971825', 'vol_exec': '24.99971825', 'cost': '7050.66', 'fee': '18.33', 'price': '282.02', 'stopprice': '0.00000', 'limitprice': '0.00000', 'misc': '', 'oflags': 'fciq', 'trades': ['TTWNSS-2QMR4-MY4VSM']}, 'id': 'OBEIB7-RMF6Q-HM2E7O', 'timestamp': 1562284851000, 'datetime': '2019-07-05T00:00:51.000Z', 'lastTradeTimestamp': None, 'status': 'closed', 'symbol': 'ETH/USD', 'type': 'market', 'side': 'sell', 'price': 282.02, 'cost': 7050.66, 'amount': 24.99971825, 'filled': 24.99971825, 'average': 282.02, 'remaining': 0.0, 'fee': {'cost': 18.33, 'rate': None, 'currency': 'USD'}}
2019-07-05 00:00:54,602 INFO Refreshing order book for ETH/USD
2019-07-05 00:00:57,613 INFO {'avg_price': 282.02, 'comm': 18.33, 'qty': 24.99971825, 'symbol': 'ETH/USD', 'cost': 7050.420540865, 'id': 'OBEIB7-RMF6Q-HM2E7O', 'side': 'sell', 'status': 'closed'}
2019-07-05 00:00:58,342 INFO Filled MARKET order for ETH/USD qty 24.99971825 side sell @ 282.02 leverage 1.000000 slippage 0.070867% orderid OBEIB7-RMF6Q-HM2E7O cost 7050.420541
2019-07-05 00:00:58,342 INFO {'stance': [1, 1, 1, 1, -1], 'orderid': 'manual', 'side': 'buy', 'comm_to_open': 18.544, 'comm_to_close': 18.33, 'cost_to_open': 7132.6696139075, 'cost_to_close': 7050.420540865, 'qty': 0, 'entry_price': 285.31, 'exit_price': 282.02, 'mark_price': 302.655, 'cash': 7032.090540865, 'currency': 'USD', 'can_trade': True, 'symbol_trading': 'ETH/USD', 'exchange': 'kraken', 'leverage': 1, 'equity': 7566.28972695375}
2019-07-05 00:00:59,094 INFO BUY trade result entry 285.310000 exit 282.020000 ret -1.153132% ret after comm -1.673132% cash USD 7032.090541 profit USD -119.123073
2019-07-05 00:00:59,859 INFO Placing MARKET order for ETH/USD qty -24.917052
2019-07-05 00:01:03,380 INFO {'id': 'OBJBVC-WPGM4-OH4E4N', 'info': {'error': [], 'result': {'descr': {'order': 'sell 24.91705244 ETHUSD @ market with 2:1 leverage'}, 'txid': ['OBJBVC-WPGM4-OH4E4N']}}, 'timestamp': None, 'datetime': None, 'lastTradeTimestamp': None, 'symbol': 'ETH/USD', 'type': 'market', 'side': 'sell', 'price': None, 'amount': 24.917052444422787, 'cost': None, 'average': None, 'filled': None, 'remaining': None, 'status': None, 'fee': None, 'trades': None}
2019-07-05 00:01:06,519 INFO Order details BEFORE normalising
2019-07-05 00:01:06,519 INFO {'info': {'id': 'OBJBVC-WPGM4-OH4E4N', 'refid': None, 'userref': 0, 'status': 'closed', 'reason': None, 'opentm': 1562284863.3217, 'closetm': 1562284863.3456, 'starttm': 0, 'expiretm': 0, 'descr': {'pair': 'ETHUSD', 'type': 'sell', 'ordertype': 'market', 'price': '0', 'price2': '0', 'leverage': '2:1', 'order': 'sell 24.91705244 ETHUSD @ market with 2:1 leverage', 'close': ''}, 'vol': '24.91705244', 'vol_exec': '24.91705244', 'cost': '7026.61', 'fee': '19.67', 'price': '282.00', 'stopprice': '0.00000', 'limitprice': '0.00000', 'misc': '', 'oflags': 'fciq', 'trades': ['TINABG-3PSB6-OFUQQW']}, 'id': 'OBJBVC-WPGM4-OH4E4N', 'timestamp': 1562284863000, 'datetime': '2019-07-05T00:01:03.000Z', 'lastTradeTimestamp': None, 'status': 'closed', 'symbol': 'ETH/USD', 'type': 'market', 'side': 'sell', 'price': 282.0, 'cost': 7026.61, 'amount': 24.91705244, 'filled': 24.91705244, 'average': 282.0, 'remaining': 0.0, 'fee': {'cost': 19.67, 'rate': None, 'currency': 'USD'}}
2019-07-05 00:01:06,519 INFO {'avg_price': 282.0, 'comm': 19.67, 'qty': 24.91705244, 'symbol': 'ETH/USD', 'cost': 7026.60878808, 'id': 'OBJBVC-WPGM4-OH4E4N', 'side': 'sell', 'status': 'closed'}
2019-07-05 00:01:07,254 INFO Filled MARKET order for ETH/USD qty 24.91705244 side sell @ 282.0 leverage 2.000000 slippage 0.077953% orderid OBJBVC-WPGM4-OH4E4N cost 7026.608788
2019-07-05 00:01:11,949 INFO Placed STOP LOSS for ETH/USD qty 24.917052 side buy @ 291.870000 leverage 2.000000 orderid OHK3RV-532T4-4HSBVZ
2019-07-05 00:01:12,696 INFO Strategy equity is USD 7006.938789 (-1.753522%)
2019-07-05 00:01:12,697 INFO State has been saved
2019-07-05 00:01:12,697 INFO Done
2019-07-06 00:00:28,618 INFO Connecting to kraken LIVE platform
2019-07-06 00:00:28,622 INFO Connected to kraken using KRAKEN_REST_API
2019-07-06 00:00:28,623 INFO State has been loaded
2019-07-06 00:00:29,346 INFO Running MA-1-21 strategy on KRAKEN for ETH/USD using initial capital of USD 7132.000000 leverage {1: 1, -1: 2}
2019-07-06 00:00:41,517 INFO Checking if STOP LOSS has triggered
2019-07-06 00:00:44,813 INFO Order details BEFORE normalising
2019-07-06 00:00:44,813 INFO {'info': {'id': 'OHK3RV-532T4-4HSBVZ', 'refid': None, 'userref': 0, 'status': 'closed', 'reason': None, 'opentm': 1562284870.3464, 'closetm': 1562320861.4973, 'starttm': 0, 'expiretm': 0, 'descr': {'pair': 'ETHUSD', 'type': 'buy', 'ordertype': 'stop-loss', 'price': '291.87', 'price2': '0', 'leverage': '2:1', 'order': 'buy 24.91705244 ETHUSD @ stop loss 291.87', 'close': ''}, 'vol': '24.91705244', 'vol_exec': '24.91705244', 'cost': '7275.77', 'fee': '18.91', 'price': '292.00', 'stopprice': '292.00', 'limitprice': '0.00000', 'misc': 'stopped', 'oflags': 'fciq', 'trades': ['TYWMZC-MEUKV-SVSZUJ']}, 'id': 'OHK3RV-532T4-4HSBVZ', 'timestamp': 1562284870000, 'datetime': '2019-07-05T00:01:10.000Z', 'lastTradeTimestamp': None, 'status': 'closed', 'symbol': 'ETH/USD', 'type': 'stop-loss', 'side': 'buy', 'price': 291.87, 'cost': 7275.77, 'amount': 24.91705244, 'filled': 24.91705244, 'average': 292.0, 'remaining': 0.0, 'fee': {'cost': 18.91, 'rate': None, 'currency': 'USD'}}
2019-07-06 00:00:45,560 INFO STOP LOSS OHK3RV-532T4-4HSBVZ has TRIGGERED @ 291.870000 with slippage 0.000000%
2019-07-06 00:00:45,560 INFO {'stance': [1, 1, 1, 1, -1], 'orderid': 'OBJBVC-WPGM4-OH4E4N', 'side': 'sell', 'comm_to_open': 19.67, 'comm_to_close': 18.91, 'cost_to_open': 7026.60878808, 'cost_to_close': 7272.5400956628, 'qty': 0, 'entry_price': 282.0, 'exit_price': 291.87, 'mark_price': 302.655, 'cash': 6747.579233282198, 'currency': 'USD', 'can_trade': False, 'symbol_trading': 'ETH/USD', 'exchange': 'kraken', 'leverage': 2, 'equity': 7006.938789328198}
2019-07-06 00:00:46,314 INFO SELL trade result entry 282.000000 exit 291.870000 ret -6.763285% ret after comm -7.803285% cash USD 6747.579233 profit USD -284.511308
2019-07-06 00:00:47,089 INFO Stance is -1 from [1, 1, 1, -1, -1]
2019-07-06 00:00:48,571 INFO {'info': {'ZUSD': '13585.4994', 'KFEE': '187139.83', 'XXBT': '0.1582672200', 'XETH': '0.0000000000', 'USDT': '0.00000001'}, 'USD': {'free': 13585.4994, 'used': 0.0, 'total': 13585.4994}, 'KFEE': {'free': 187139.83, 'used': 0.0, 'total': 187139.83}, 'BTC': {'free': 0.15826722, 'used': 0.0, 'total': 0.15826722}, 'ETH': {'free': 0.0, 'used': 0.0, 'total': 0.0}, 'USDT': {'free': 1e-08, 'used': 0.0, 'total': 1e-08}, 'free': {'USD': 13585.4994, 'KFEE': 187139.83, 'BTC': 0.15826722, 'ETH': 0.0, 'USDT': 1e-08}, 'used': {'USD': 0.0, 'KFEE': 0.0, 'BTC': 0.0, 'ETH': 0.0, 'USDT': 0.0}, 'total': {'USD': 13585.4994, 'KFEE': 187139.83, 'BTC': 0.15826722, 'ETH': 0.0, 'USDT': 1e-08}}
2019-07-06 00:00:49,329 INFO KRAKEN account balance is USD 13585.499400
2019-07-06 00:00:50,083 INFO Full strategy signal needed before next trade
2019-07-06 00:00:50,084 INFO Refreshing order book for ETH/USD
2019-07-06 00:00:54,091 INFO Strategy equity is USD 6747.579233 (-5.390084%)
2019-07-06 00:00:54,092 INFO State has been saved
2019-07-07 00:00:31,620 INFO Connecting to kraken LIVE platform
2019-07-07 00:00:31,623 INFO Connected to kraken using KRAKEN_REST_API
2019-07-07 00:00:31,623 INFO State has been loaded
2019-07-07 00:00:32,344 INFO Running MA-1-21 strategy on KRAKEN for ETH/USD using initial capital of USD 7132.000000 leverage {1: 1, -1: 2}
2019-07-07 00:00:45,403 INFO Stance is -1 from [1, 1, -1, -1, -1]
2019-07-07 00:00:47,489 INFO {'info': {'ZUSD': '13585.4994', 'KFEE': '186604.63', 'XXBT': '0.1582672200', 'XETH': '0.0000000000', 'USDT': '0.00000001'}, 'USD': {'free': 13585.4994, 'used': 0.0, 'total': 13585.4994}, 'KFEE': {'free': 186604.63, 'used': 0.0, 'total': 186604.63}, 'BTC': {'free': 0.15826722, 'used': 0.0, 'total': 0.15826722}, 'ETH': {'free': 0.0, 'used': 0.0, 'total': 0.0}, 'USDT': {'free': 1e-08, 'used': 0.0, 'total': 1e-08}, 'free': {'USD': 13585.4994, 'KFEE': 186604.63, 'BTC': 0.15826722, 'ETH': 0.0, 'USDT': 1e-08}, 'used': {'USD': 0.0, 'KFEE': 0.0, 'BTC': 0.0, 'ETH': 0.0, 'USDT': 0.0}, 'total': {'USD': 13585.4994, 'KFEE': 186604.63, 'BTC': 0.15826722, 'ETH': 0.0, 'USDT': 1e-08}}
2019-07-07 00:00:48,238 INFO KRAKEN account balance is USD 13585.499400
2019-07-07 00:00:48,977 INFO Full strategy signal needed before next trade
2019-07-07 00:00:48,978 INFO Refreshing order book for ETH/USD
2019-07-07 00:00:52,724 INFO Strategy equity is USD 6747.579233 (-5.390084%)
2019-07-07 00:00:52,725 INFO State has been saved
2019-07-08 00:00:32,283 INFO Connecting to kraken LIVE platform
2019-07-08 00:00:32,289 INFO Connected to kraken using KRAKEN_REST_API
2019-07-08 00:00:32,289 INFO State has been loaded
2019-07-08 00:00:33,022 INFO Running MA-1-21 strategy on KRAKEN for ETH/USD using initial capital of USD 7132.000000 leverage {1: 1, -1: 2}
2019-07-08 00:00:46,083 INFO Stance is 1 from [1, -1, -1, -1, 1]
2019-07-08 00:00:48,868 INFO {'info': {'ZUSD': '13585.4994', 'KFEE': '186069.43', 'XXBT': '0.1582672200', 'XETH': '0.0000000000', 'USDT': '0.00000001'}, 'USD': {'free': 13585.4994, 'used': 0.0, 'total': 13585.4994}, 'KFEE': {'free': 186069.43, 'used': 0.0, 'total': 186069.43}, 'BTC': {'free': 0.15826722, 'used': 0.0, 'total': 0.15826722}, 'ETH': {'free': 0.0, 'used': 0.0, 'total': 0.0}, 'USDT': {'free': 1e-08, 'used': 0.0, 'total': 1e-08}, 'free': {'USD': 13585.4994, 'KFEE': 186069.43, 'BTC': 0.15826722, 'ETH': 0.0, 'USDT': 1e-08}, 'used': {'USD': 0.0, 'KFEE': 0.0, 'BTC': 0.0, 'ETH': 0.0, 'USDT': 0.0}, 'total': {'USD': 13585.4994, 'KFEE': 186069.43, 'BTC': 0.15826722, 'ETH': 0.0, 'USDT': 1e-08}}
2019-07-08 00:00:49,637 INFO KRAKEN account balance is USD 13585.499400
2019-07-08 00:00:49,638 INFO Refreshing order book for ETH/USD
2019-07-08 00:00:53,424 INFO Placing MARKET order for ETH/USD qty 22.000226
2019-07-08 00:00:57,707 INFO {'id': 'O6AUFC-JZKEN-V3VCJI', 'info': {'error': [], 'result': {'descr': {'order': 'buy 22.00022573 ETHUSD @ market'}, 'txid': ['O6AUFC-JZKEN-V3VCJI']}}, 'timestamp': None, 'datetime': None, 'lastTradeTimestamp': None, 'symbol': 'ETH/USD', 'type': 'market', 'side': 'buy', 'price': None, 'amount': 22.000225732486257, 'cost': None, 'average': None, 'filled': None, 'remaining': None, 'status': None, 'fee': None, 'trades': None}
2019-07-08 00:01:00,870 INFO Order details BEFORE normalising
2019-07-08 00:01:00,870 INFO {'info': {'id': 'O6AUFC-JZKEN-V3VCJI', 'refid': None, 'userref': 0, 'status': 'closed', 'reason': None, 'opentm': 1562544057.6268, 'closetm': 1562544057.6463, 'starttm': 0, 'expiretm': 0, 'descr': {'pair': 'ETHUSD', 'type': 'buy', 'ordertype': 'market', 'price': '0', 'price2': '0', 'leverage': 'none', 'order': 'buy 22.00022573 ETHUSD @ market', 'close': ''}, 'vol': '22.00022573', 'vol_exec': '22.00022573', 'cost': '6748.99', 'fee': '17.54', 'price': '306.76', 'stopprice': '0.00000', 'limitprice': '0.00000', 'misc': '', 'oflags': 'fciq', 'trades': ['TWN5A7-GPRVE-N65JFM']}, 'id': 'O6AUFC-JZKEN-V3VCJI', 'timestamp': 1562544057000, 'datetime': '2019-07-08T00:00:57.000Z', 'lastTradeTimestamp': None, 'status': 'closed', 'symbol': 'ETH/USD', 'type': 'market', 'side': 'buy', 'price': 306.76, 'cost': 6748.99, 'amount': 22.00022573, 'filled': 22.00022573, 'average': 306.76, 'remaining': 0.0, 'fee': {'cost': 17.54, 'rate': None, 'currency': 'USD'}}
2019-07-08 00:01:00,871 INFO {'avg_price': 306.76, 'comm': 17.54, 'qty': 22.00022573, 'symbol': 'ETH/USD', 'cost': 6748.7892449348, 'id': 'O6AUFC-JZKEN-V3VCJI', 'side': 'buy', 'status': 'closed'}
2019-07-08 00:01:01,631 INFO Filled MARKET order for ETH/USD qty 22.00022573 side buy @ 306.76 leverage 1.000000 slippage 0.017933% orderid O6AUFC-JZKEN-V3VCJI cost 6748.789245
2019-07-08 00:01:06,844 INFO Placed STOP LOSS for ETH/USD qty 22.000226 side sell @ 214.732000 leverage 1.000000 orderid O4X6FE-E6I37-R35FHT
2019-07-08 00:01:07,572 INFO Strategy equity is USD 6728.829221 (-5.652983%)
2019-07-08 00:01:07,572 INFO State has been saved
2019-07-08 00:01:07,573 INFO Done
2019-07-09 00:00:33,003 INFO Connecting to kraken LIVE platform
2019-07-09 00:00:33,006 INFO Connected to kraken using KRAKEN_REST_API
2019-07-09 00:00:33,007 INFO State has been loaded
2019-07-09 00:00:33,773 INFO Running MA-1-21 strategy on KRAKEN for ETH/USD using initial capital of USD 7132.000000 leverage {1: 1, -1: 2}
2019-07-09 00:00:46,091 INFO Checking if STOP LOSS has triggered
2019-07-09 00:00:49,837 INFO Order details BEFORE normalising
2019-07-09 00:00:49,837 INFO {'info': {'id': 'O4X6FE-E6I37-R35FHT', 'refid': None, 'userref': 0, 'status': 'open', 'opentm': 1562544065.9638, 'starttm': 0, 'expiretm': 0, 'descr': {'pair': 'ETHUSD', 'type': 'sell', 'ordertype': 'stop-loss', 'price': '214.73', 'price2': '0', 'leverage': 'none', 'order': 'sell 22.00022573 ETHUSD @ stop loss 214.73', 'close': ''}, 'vol': '22.00022573', 'vol_exec': '0.00000000', 'cost': '0.00000', 'fee': '0.00000', 'price': '0.00000', 'stopprice': '0.00000', 'limitprice': '0.00000', 'misc': '', 'oflags': 'fciq'}, 'id': 'O4X6FE-E6I37-R35FHT', 'timestamp': 1562544065000, 'datetime': '2019-07-08T00:01:05.000Z', 'lastTradeTimestamp': None, 'status': 'open', 'symbol': 'ETH/USD', 'type': 'stop-loss', 'side': 'sell', 'price': 214.73, 'cost': 0.0, 'amount': 22.00022573, 'filled': 0.0, 'average': 0.0, 'remaining': 22.00022573, 'fee': {'cost': 0.0, 'rate': None, 'currency': 'USD'}}
2019-07-09 00:00:50,639 INFO Stance is 1 from [-1, -1, -1, 1, 1]
2019-07-09 00:00:52,683 INFO {'info': {'ZUSD': '6836.5083', 'KFEE': '183779.50', 'XXBT': '0.1582672200', 'XETH': '22.0002257300', 'USDT': '0.00000001'}, 'USD': {'free': 6836.5083, 'used': 0.0, 'total': 6836.5083}, 'KFEE': {'free': 183779.5, 'used': 0.0, 'total': 183779.5}, 'BTC': {'free': 0.15826722, 'used': 0.0, 'total': 0.15826722}, 'ETH': {'free': 22.00022573, 'used': 0.0, 'total': 22.00022573}, 'USDT': {'free': 1e-08, 'used': 0.0, 'total': 1e-08}, 'free': {'USD': 6836.5083, 'KFEE': 183779.5, 'BTC': 0.15826722, 'ETH': 22.00022573, 'USDT': 1e-08}, 'used': {'USD': 0.0, 'KFEE': 0.0, 'BTC': 0.0, 'ETH': 0.0, 'USDT': 0.0}, 'total': {'USD': 6836.5083, 'KFEE': 183779.5, 'BTC': 0.15826722, 'ETH': 22.00022573, 'USDT': 1e-08}}
2019-07-09 00:00:53,453 INFO KRAKEN account balance is USD 6836.508300
2019-07-09 00:00:54,173 INFO No trades are needed
2019-07-09 00:00:54,174 INFO Refreshing order book for ETH/USD
2019-07-09 00:00:58,083 INFO The open BUY trade has entry @ 306.760000 mark @ 313.435000 unrealised 2.175968%
2019-07-09 00:00:58,851 INFO Strategy equity is USD 6876.890740 (-3.576967%)
2019-07-09 00:00:58,851 INFO State has been saved
2019-07-09 00:00:58,852 INFO Done
