2019-06-18 00:36:16,103 INFO Connecting to kraken LIVE platform
2019-06-18 00:42:48,349 INFO Connecting to kraken LIVE platform
2019-06-18 00:42:48,353 INFO Connected to kraken using KRAKEN_REST_API
2019-06-18 00:42:49,146 INFO State file LIVE_MA-1-21_BTC_USD_kraken does not exist creating new one
2019-06-18 00:42:49,897 INFO Running MA-1-21 strategy on KRAKEN for BTC/USD using initial capital of USDT 6500.000000 
2019-06-18 00:43:02,904 INFO Stance is 1 from [1, 1, 1, 1, 1]
2019-06-18 00:43:05,170 INFO {'info': {'ZUSD': '6784.0034', 'USDT': '0.00000001'}, 'USD': {'free': 6784.0034, 'used': 0.0, 'total': 6784.0034}, 'USDT': {'free': 1e-08, 'used': 0.0, 'total': 1e-08}, 'free': {'USD': 6784.0034, 'USDT': 1e-08}, 'used': {'USD': 0.0, 'USDT': 0.0}, 'total': {'USD': 6784.0034, 'USDT': 1e-08}}
2019-06-18 00:43:05,919 INFO Balance is USDT 0.000000
2019-06-18 00:43:06,675 INFO Full strategy signal needed before first trade
2019-06-18 00:43:06,676 INFO Refreshing order book for BTC/USD
2019-06-18 00:43:10,440 INFO Strategy equity is USDT 6500.000000 (0.000000%)
2019-06-18 00:43:10,441 INFO State has been saved
2019-06-19 00:00:05,677 INFO Connecting to kraken LIVE platform
2019-06-19 00:00:05,680 INFO Connected to kraken using KRAKEN_REST_API
2019-06-19 00:00:05,680 INFO State has been loaded
2019-06-19 00:00:06,446 INFO Running MA-1-21 strategy on KRAKEN for BTC/USD using initial capital of USDT 6500.000000 
2019-06-19 00:00:19,755 INFO Stance is 1 from [1, 1, 1, 1, 1]
2019-06-19 00:00:21,965 INFO {'info': {'ZUSD': '6784.0034', 'XXBT': '0.1582672200', 'XETH': '24.9997182500', 'USDT': '0.00000001'}, 'USD': {'free': 6784.0034, 'used': 0.0, 'total': 6784.0034}, 'BTC': {'free': 0.15826722, 'used': 0.0, 'total': 0.15826722}, 'ETH': {'free': 24.99971825, 'used': 0.0, 'total': 24.99971825}, 'USDT': {'free': 1e-08, 'used': 0.0, 'total': 1e-08}, 'free': {'USD': 6784.0034, 'BTC': 0.15826722, 'ETH': 24.99971825, 'USDT': 1e-08}, 'used': {'USD': 0.0, 'BTC': 0.0, 'ETH': 0.0, 'USDT': 0.0}, 'total': {'USD': 6784.0034, 'BTC': 0.15826722, 'ETH': 24.99971825, 'USDT': 1e-08}}
2019-06-19 00:00:22,718 INFO Balance is USDT 0.000000
2019-06-19 00:00:23,469 INFO Full strategy signal needed before first trade
2019-06-19 00:00:23,469 INFO Refreshing order book for BTC/USD
2019-06-19 00:00:27,231 INFO Strategy equity is USDT 6500.000000 (0.000000%)
2019-06-19 00:00:27,232 INFO State has been saved
2019-06-20 00:00:05,766 INFO Connecting to kraken LIVE platform
2019-06-20 00:00:05,769 INFO Connected to kraken using KRAKEN_REST_API
2019-06-20 00:00:05,769 INFO State has been loaded
2019-06-20 00:00:06,518 INFO Running MA-1-21 strategy on KRAKEN for BTC/USD using initial capital of USDT 6500.000000 
2019-06-20 00:00:20,696 INFO Stance is 1 from [1, 1, 1, 1, 1]
2019-06-20 00:00:21,691 INFO {'info': {'ZUSD': '6784.0034', 'XXBT': '0.1582672200', 'XETH': '24.9997182500', 'USDT': '0.00000001'}, 'USD': {'free': 6784.0034, 'used': 0.0, 'total': 6784.0034}, 'BTC': {'free': 0.15826722, 'used': 0.0, 'total': 0.15826722}, 'ETH': {'free': 24.99971825, 'used': 0.0, 'total': 24.99971825}, 'USDT': {'free': 1e-08, 'used': 0.0, 'total': 1e-08}, 'free': {'USD': 6784.0034, 'BTC': 0.15826722, 'ETH': 24.99971825, 'USDT': 1e-08}, 'used': {'USD': 0.0, 'BTC': 0.0, 'ETH': 0.0, 'USDT': 0.0}, 'total': {'USD': 6784.0034, 'BTC': 0.15826722, 'ETH': 24.99971825, 'USDT': 1e-08}}
2019-06-20 00:00:22,484 INFO Balance is USDT 0.000000
2019-06-20 00:00:23,260 INFO Full strategy signal needed before first trade
2019-06-20 00:00:23,260 INFO Refreshing order book for BTC/USD
2019-06-20 00:00:27,018 INFO Strategy equity is USDT 6500.000000 (0.000000%)
2019-06-20 00:00:27,018 INFO State has been saved
2019-06-21 00:00:05,529 INFO Connecting to kraken LIVE platform
2019-06-21 00:00:05,532 INFO Connected to kraken using KRAKEN_REST_API
2019-06-21 00:00:05,533 INFO State has been loaded
2019-06-21 00:00:06,311 INFO Running MA-1-21 strategy on KRAKEN for BTC/USD using initial capital of USD 6500.000000 
2019-06-21 00:00:19,433 INFO Stance is 1 from [1, 1, 1, 1, 1]
2019-06-21 00:00:21,849 INFO {'info': {'ZUSD': '6784.0034', 'XXBT': '0.1582672200', 'XETH': '24.9997182500', 'USDT': '0.00000001'}, 'USD': {'free': 6784.0034, 'used': 0.0, 'total': 6784.0034}, 'BTC': {'free': 0.15826722, 'used': 0.0, 'total': 0.15826722}, 'ETH': {'free': 24.99971825, 'used': 0.0, 'total': 24.99971825}, 'USDT': {'free': 1e-08, 'used': 0.0, 'total': 1e-08}, 'free': {'USD': 6784.0034, 'BTC': 0.15826722, 'ETH': 24.99971825, 'USDT': 1e-08}, 'used': {'USD': 0.0, 'BTC': 0.0, 'ETH': 0.0, 'USDT': 0.0}, 'total': {'USD': 6784.0034, 'BTC': 0.15826722, 'ETH': 24.99971825, 'USDT': 1e-08}}
2019-06-21 00:00:22,630 INFO Balance is USD 6784.003400
2019-06-21 00:00:23,371 INFO Full strategy signal needed before first trade
2019-06-21 00:00:23,371 INFO Refreshing order book for BTC/USD
2019-06-21 00:00:27,158 INFO Strategy equity is USD 6500.000000 (0.000000%)
2019-06-21 00:00:27,159 INFO State has been saved
2019-06-22 00:00:06,976 INFO Connecting to kraken LIVE platform
2019-06-22 00:00:06,980 INFO Connected to kraken using KRAKEN_REST_API
2019-06-22 00:00:06,981 INFO State has been loaded
2019-06-22 00:00:07,755 INFO Running MA-1-21 strategy on KRAKEN for BTC/USD using initial capital of USD 6500.000000 
2019-06-22 00:00:20,882 INFO Stance is 1 from [1, 1, 1, 1, 1]
2019-06-22 00:00:22,919 INFO {'info': {'ZUSD': '6784.0034', 'XXBT': '0.1582672200', 'XETH': '24.9997182500', 'USDT': '0.00000001'}, 'USD': {'free': 6784.0034, 'used': 0.0, 'total': 6784.0034}, 'BTC': {'free': 0.15826722, 'used': 0.0, 'total': 0.15826722}, 'ETH': {'free': 24.99971825, 'used': 0.0, 'total': 24.99971825}, 'USDT': {'free': 1e-08, 'used': 0.0, 'total': 1e-08}, 'free': {'USD': 6784.0034, 'BTC': 0.15826722, 'ETH': 24.99971825, 'USDT': 1e-08}, 'used': {'USD': 0.0, 'BTC': 0.0, 'ETH': 0.0, 'USDT': 0.0}, 'total': {'USD': 6784.0034, 'BTC': 0.15826722, 'ETH': 24.99971825, 'USDT': 1e-08}}
2019-06-22 00:00:23,674 INFO Balance is USD 6784.003400
2019-06-22 00:00:24,436 INFO Full strategy signal needed before first trade
2019-06-22 00:00:24,436 INFO Refreshing order book for BTC/USD
2019-06-22 00:00:28,227 INFO Strategy equity is USD 6500.000000 (0.000000%)
2019-06-22 00:00:28,228 INFO State has been saved
2019-06-23 00:00:06,036 INFO Connecting to kraken LIVE platform
2019-06-23 00:00:06,039 INFO Connected to kraken using KRAKEN_REST_API
2019-06-23 00:00:06,039 INFO State has been loaded
2019-06-23 00:00:06,789 INFO Running MA-1-21 strategy on KRAKEN for BTC/USD using initial capital of USD 6500.000000 
2019-06-23 00:00:19,791 INFO Stance is 1 from [1, 1, 1, 1, 1]
2019-06-23 00:00:21,887 INFO {'info': {'ZUSD': '6784.0034', 'XXBT': '0.1582672200', 'XETH': '24.9997182500', 'USDT': '0.00000001'}, 'USD': {'free': 6784.0034, 'used': 0.0, 'total': 6784.0034}, 'BTC': {'free': 0.15826722, 'used': 0.0, 'total': 0.15826722}, 'ETH': {'free': 24.99971825, 'used': 0.0, 'total': 24.99971825}, 'USDT': {'free': 1e-08, 'used': 0.0, 'total': 1e-08}, 'free': {'USD': 6784.0034, 'BTC': 0.15826722, 'ETH': 24.99971825, 'USDT': 1e-08}, 'used': {'USD': 0.0, 'BTC': 0.0, 'ETH': 0.0, 'USDT': 0.0}, 'total': {'USD': 6784.0034, 'BTC': 0.15826722, 'ETH': 24.99971825, 'USDT': 1e-08}}
2019-06-23 00:00:22,648 INFO Balance is USD 6784.003400
2019-06-23 00:00:23,409 INFO Full strategy signal needed before first trade
2019-06-23 00:00:23,410 INFO Refreshing order book for BTC/USD
2019-06-23 00:00:27,173 INFO Strategy equity is USD 6500.000000 (0.000000%)
2019-06-23 00:00:27,174 INFO State has been saved
2019-06-24 00:00:05,671 INFO Connecting to kraken LIVE platform
2019-06-24 00:00:05,674 INFO Connected to kraken using KRAKEN_REST_API
2019-06-24 00:00:05,675 INFO State has been loaded
2019-06-24 00:00:06,420 INFO Running MA-1-21 strategy on KRAKEN for BTC/USD using initial capital of USD 6500.000000 
2019-06-24 00:00:19,526 INFO Stance is 1 from [1, 1, 1, 1, 1]
2019-06-24 00:00:21,575 INFO {'info': {'ZUSD': '6784.0034', 'XXBT': '0.1582672200', 'XETH': '24.9997182500', 'USDT': '0.00000001'}, 'USD': {'free': 6784.0034, 'used': 0.0, 'total': 6784.0034}, 'BTC': {'free': 0.15826722, 'used': 0.0, 'total': 0.15826722}, 'ETH': {'free': 24.99971825, 'used': 0.0, 'total': 24.99971825}, 'USDT': {'free': 1e-08, 'used': 0.0, 'total': 1e-08}, 'free': {'USD': 6784.0034, 'BTC': 0.15826722, 'ETH': 24.99971825, 'USDT': 1e-08}, 'used': {'USD': 0.0, 'BTC': 0.0, 'ETH': 0.0, 'USDT': 0.0}, 'total': {'USD': 6784.0034, 'BTC': 0.15826722, 'ETH': 24.99971825, 'USDT': 1e-08}}
2019-06-24 00:00:22,320 INFO Balance is USD 6784.003400
2019-06-24 00:00:23,076 INFO Full strategy signal needed before first trade
2019-06-24 00:00:23,077 INFO Refreshing order book for BTC/USD
2019-06-24 00:00:26,843 INFO Strategy equity is USD 6500.000000 (0.000000%)
2019-06-24 00:00:26,844 INFO State has been saved
2019-06-25 00:00:06,001 INFO Connecting to kraken LIVE platform
2019-06-25 00:00:06,003 INFO Connected to kraken using KRAKEN_REST_API
2019-06-25 00:00:06,004 INFO State has been loaded
2019-06-25 00:00:06,756 INFO Running MA-1-21 strategy on KRAKEN for BTC/USD using initial capital of USD 6500.000000 
2019-06-25 00:00:19,856 INFO Stance is 1 from [1, 1, 1, 1, 1]
2019-06-25 00:00:21,850 INFO {'info': {'ZUSD': '6784.0034', 'XXBT': '0.1582672200', 'XETH': '24.9997182500', 'USDT': '0.00000001'}, 'USD': {'free': 6784.0034, 'used': 0.0, 'total': 6784.0034}, 'BTC': {'free': 0.15826722, 'used': 0.0, 'total': 0.15826722}, 'ETH': {'free': 24.99971825, 'used': 0.0, 'total': 24.99971825}, 'USDT': {'free': 1e-08, 'used': 0.0, 'total': 1e-08}, 'free': {'USD': 6784.0034, 'BTC': 0.15826722, 'ETH': 24.99971825, 'USDT': 1e-08}, 'used': {'USD': 0.0, 'BTC': 0.0, 'ETH': 0.0, 'USDT': 0.0}, 'total': {'USD': 6784.0034, 'BTC': 0.15826722, 'ETH': 24.99971825, 'USDT': 1e-08}}
2019-06-25 00:00:22,602 INFO Balance is USD 6784.003400
2019-06-25 00:00:23,374 INFO Full strategy signal needed before next trade
2019-06-25 00:00:23,374 INFO Refreshing order book for BTC/USD
2019-06-25 00:00:27,142 INFO Strategy equity is USD 6500.000000 (0.000000%)
2019-06-25 00:00:27,143 INFO State has been saved
2019-06-26 00:00:06,218 INFO Connecting to kraken LIVE platform
2019-06-26 00:00:06,221 INFO Connected to kraken using KRAKEN_REST_API
2019-06-26 00:00:06,221 INFO State has been loaded
2019-06-26 00:00:07,159 INFO Running MA-1-21 strategy on KRAKEN for BTC/USD using initial capital of USD 6500.000000 
2019-06-26 00:00:20,293 INFO Stance is 1 from [1, 1, 1, 1, 1]
2019-06-26 00:00:22,330 INFO {'info': {'ZUSD': '6784.0034', 'KFEE': '198468.46', 'XXBT': '0.1582672200', 'XETH': '24.9997182500', 'USDT': '0.00000001'}, 'USD': {'free': 6784.0034, 'used': 0.0, 'total': 6784.0034}, 'KFEE': {'free': 198468.46, 'used': 0.0, 'total': 198468.46}, 'BTC': {'free': 0.15826722, 'used': 0.0, 'total': 0.15826722}, 'ETH': {'free': 24.99971825, 'used': 0.0, 'total': 24.99971825}, 'USDT': {'free': 1e-08, 'used': 0.0, 'total': 1e-08}, 'free': {'USD': 6784.0034, 'KFEE': 198468.46, 'BTC': 0.15826722, 'ETH': 24.99971825, 'USDT': 1e-08}, 'used': {'USD': 0.0, 'KFEE': 0.0, 'BTC': 0.0, 'ETH': 0.0, 'USDT': 0.0}, 'total': {'USD': 6784.0034, 'KFEE': 198468.46, 'BTC': 0.15826722, 'ETH': 24.99971825, 'USDT': 1e-08}}
2019-06-26 00:00:23,119 INFO Balance is USD 6784.003400
2019-06-26 00:00:23,880 INFO No trades are needed
2019-06-26 00:00:23,880 INFO Refreshing order book for BTC/USD
2019-06-26 00:00:27,643 INFO The open BUY trade has entry @ 11419.312828 mark @ 11761.950000 unrealised 9.001518%
2019-06-26 00:00:28,408 INFO Strategy equity is USD 6767.580216 (4.116619%)
2019-06-26 00:00:28,409 INFO State has been saved
2019-06-26 00:00:28,409 INFO Done
2019-06-27 00:00:05,707 INFO Connecting to kraken LIVE platform
2019-06-27 00:00:05,710 INFO Connected to kraken using KRAKEN_REST_API
2019-06-27 00:00:05,711 INFO State has been loaded
2019-06-27 00:00:06,438 INFO Running MA-1-21 strategy on KRAKEN for BTC/USD using initial capital of USD 6500.000000 leverage {1: 3, -1: 3}
2019-06-27 00:00:19,495 INFO Stance is 1 from [1, 1, 1, 1, 1]
2019-06-27 00:00:21,665 INFO {'info': {'ZUSD': '6784.0034', 'KFEE': '197933.26', 'XXBT': '0.1582672200', 'XETH': '24.9997182500', 'USDT': '0.00000001'}, 'USD': {'free': 6784.0034, 'used': 0.0, 'total': 6784.0034}, 'KFEE': {'free': 197933.26, 'used': 0.0, 'total': 197933.26}, 'BTC': {'free': 0.15826722, 'used': 0.0, 'total': 0.15826722}, 'ETH': {'free': 24.99971825, 'used': 0.0, 'total': 24.99971825}, 'USDT': {'free': 1e-08, 'used': 0.0, 'total': 1e-08}, 'free': {'USD': 6784.0034, 'KFEE': 197933.26, 'BTC': 0.15826722, 'ETH': 24.99971825, 'USDT': 1e-08}, 'used': {'USD': 0.0, 'KFEE': 0.0, 'BTC': 0.0, 'ETH': 0.0, 'USDT': 0.0}, 'total': {'USD': 6784.0034, 'KFEE': 197933.26, 'BTC': 0.15826722, 'ETH': 24.99971825, 'USDT': 1e-08}}
2019-06-27 00:00:22,410 INFO Balance is USD 6784.003400
2019-06-27 00:00:23,166 INFO No trades are needed
2019-06-27 00:00:23,166 INFO Refreshing order book for BTC/USD
2019-06-27 00:00:26,922 INFO The open BUY trade has entry @ 11419.312828 mark @ 12917.050000 unrealised 39.347477%
2019-06-27 00:00:27,647 INFO Strategy equity is USD 7669.663647 (17.994825%)
2019-06-27 00:00:27,647 INFO State has been saved
2019-06-27 00:00:27,648 INFO Done
2019-06-28 00:00:06,994 INFO Connecting to kraken LIVE platform
2019-06-28 00:00:06,997 INFO Connected to kraken using KRAKEN_REST_API
2019-06-28 00:00:07,001 INFO State has been loaded
2019-06-28 00:00:07,766 INFO Running MA-1-21 strategy on KRAKEN for BTC/USD using initial capital of USD 6500.000000 leverage {1: 3, -1: 3}
2019-06-28 00:00:20,748 INFO Stance is 1 from [1, 1, 1, 1, 1]
2019-06-28 00:00:22,924 INFO {'info': {'ZUSD': '6784.0034', 'KFEE': '197398.06', 'XXBT': '0.1582672200', 'XETH': '24.9997182500', 'USDT': '0.00000001'}, 'USD': {'free': 6784.0034, 'used': 0.0, 'total': 6784.0034}, 'KFEE': {'free': 197398.06, 'used': 0.0, 'total': 197398.06}, 'BTC': {'free': 0.15826722, 'used': 0.0, 'total': 0.15826722}, 'ETH': {'free': 24.99971825, 'used': 0.0, 'total': 24.99971825}, 'USDT': {'free': 1e-08, 'used': 0.0, 'total': 1e-08}, 'free': {'USD': 6784.0034, 'KFEE': 197398.06, 'BTC': 0.15826722, 'ETH': 24.99971825, 'USDT': 1e-08}, 'used': {'USD': 0.0, 'KFEE': 0.0, 'BTC': 0.0, 'ETH': 0.0, 'USDT': 0.0}, 'total': {'USD': 6784.0034, 'KFEE': 197398.06, 'BTC': 0.15826722, 'ETH': 24.99971825, 'USDT': 1e-08}}
2019-06-28 00:00:23,664 INFO Balance is USD 6784.003400
2019-06-28 00:00:24,394 INFO No trades are needed
2019-06-28 00:00:24,395 INFO Refreshing order book for BTC/USD
2019-06-28 00:00:28,178 INFO The open BUY trade has entry @ 11419.312828 mark @ 11137.800000 unrealised -7.395703%
2019-06-28 00:00:28,908 INFO Strategy equity is USD 6280.145905 (-3.382371%)
2019-06-28 00:00:28,909 INFO State has been saved
2019-06-28 00:00:28,909 INFO Done
2019-06-29 00:00:05,851 INFO Connecting to kraken LIVE platform
2019-06-29 00:00:05,853 INFO Connected to kraken using KRAKEN_REST_API
2019-06-29 00:00:05,853 INFO State has been loaded
2019-06-29 00:00:06,601 INFO Running MA-1-21 strategy on KRAKEN for BTC/USD using initial capital of USD 6500.000000 leverage {1: 3, -1: 3}
2019-06-29 00:00:19,693 INFO Stance is 1 from [1, 1, 1, 1, 1]
2019-06-29 00:00:21,691 INFO {'info': {'ZUSD': '6784.0034', 'KFEE': '196862.86', 'XXBT': '0.1582672200', 'XETH': '24.9997182500', 'USDT': '0.00000001'}, 'USD': {'free': 6784.0034, 'used': 0.0, 'total': 6784.0034}, 'KFEE': {'free': 196862.86, 'used': 0.0, 'total': 196862.86}, 'BTC': {'free': 0.15826722, 'used': 0.0, 'total': 0.15826722}, 'ETH': {'free': 24.99971825, 'used': 0.0, 'total': 24.99971825}, 'USDT': {'free': 1e-08, 'used': 0.0, 'total': 1e-08}, 'free': {'USD': 6784.0034, 'KFEE': 196862.86, 'BTC': 0.15826722, 'ETH': 24.99971825, 'USDT': 1e-08}, 'used': {'USD': 0.0, 'KFEE': 0.0, 'BTC': 0.0, 'ETH': 0.0, 'USDT': 0.0}, 'total': {'USD': 6784.0034, 'KFEE': 196862.86, 'BTC': 0.15826722, 'ETH': 24.99971825, 'USDT': 1e-08}}
2019-06-29 00:00:22,434 INFO Balance is USD 6784.003400
2019-06-29 00:00:23,204 INFO No trades are needed
2019-06-29 00:00:23,204 INFO Refreshing order book for BTC/USD
2019-06-29 00:00:26,961 INFO The open BUY trade has entry @ 11419.312828 mark @ 12345.450000 unrealised 24.330812%
2019-06-29 00:00:27,694 INFO Strategy equity is USD 7223.268626 (11.127210%)
2019-06-29 00:00:27,695 INFO State has been saved
2019-06-29 00:00:27,695 INFO Done
2019-06-30 00:00:06,044 INFO Connecting to kraken LIVE platform
2019-06-30 00:00:06,053 INFO Connected to kraken using KRAKEN_REST_API
2019-06-30 00:00:06,053 INFO State has been loaded
2019-06-30 00:00:06,817 INFO Running MA-1-21 strategy on KRAKEN for BTC/USD using initial capital of USD 6500.000000 leverage {1: 3, -1: 3}
2019-06-30 00:00:19,919 INFO Stance is 1 from [1, 1, 1, 1, 1]
2019-06-30 00:00:21,995 INFO {'info': {'ZUSD': '6784.0034', 'KFEE': '196327.66', 'XXBT': '0.1582672200', 'XETH': '24.9997182500', 'USDT': '0.00000001'}, 'USD': {'free': 6784.0034, 'used': 0.0, 'total': 6784.0034}, 'KFEE': {'free': 196327.66, 'used': 0.0, 'total': 196327.66}, 'BTC': {'free': 0.15826722, 'used': 0.0, 'total': 0.15826722}, 'ETH': {'free': 24.99971825, 'used': 0.0, 'total': 24.99971825}, 'USDT': {'free': 1e-08, 'used': 0.0, 'total': 1e-08}, 'free': {'USD': 6784.0034, 'KFEE': 196327.66, 'BTC': 0.15826722, 'ETH': 24.99971825, 'USDT': 1e-08}, 'used': {'USD': 0.0, 'KFEE': 0.0, 'BTC': 0.0, 'ETH': 0.0, 'USDT': 0.0}, 'total': {'USD': 6784.0034, 'KFEE': 196327.66, 'BTC': 0.15826722, 'ETH': 24.99971825, 'USDT': 1e-08}}
2019-06-30 00:00:22,753 INFO KRAKEN account balance is USD 6784.003400
2019-06-30 00:00:23,505 INFO No trades are needed
2019-06-30 00:00:23,506 INFO Refreshing order book for BTC/USD
2019-06-30 00:00:27,289 INFO The open BUY trade has entry @ 11419.312828 mark @ 11880.300000 unrealised 12.110724%
2019-06-30 00:00:28,018 INFO Strategy equity is USD 6860.006477 (5.538561%)
2019-06-30 00:00:28,019 INFO State has been saved
2019-06-30 00:00:28,019 INFO Done
2019-07-01 00:00:05,707 INFO Connecting to kraken LIVE platform
2019-07-01 00:00:05,710 INFO Connected to kraken using KRAKEN_REST_API
2019-07-01 00:00:05,711 INFO State has been loaded
2019-07-01 00:00:06,442 INFO Running MA-1-21 strategy on KRAKEN for BTC/USD using initial capital of USD 6500.000000 leverage {1: 3, -1: 3}
2019-07-01 00:00:19,506 INFO Stance is 1 from [1, 1, 1, 1, 1]
2019-07-01 00:00:21,617 INFO {'info': {'ZUSD': '6784.0034', 'KFEE': '195792.46', 'XXBT': '0.1582672200', 'XETH': '24.9997182500', 'USDT': '0.00000001'}, 'USD': {'free': 6784.0034, 'used': 0.0, 'total': 6784.0034}, 'KFEE': {'free': 195792.46, 'used': 0.0, 'total': 195792.46}, 'BTC': {'free': 0.15826722, 'used': 0.0, 'total': 0.15826722}, 'ETH': {'free': 24.99971825, 'used': 0.0, 'total': 24.99971825}, 'USDT': {'free': 1e-08, 'used': 0.0, 'total': 1e-08}, 'free': {'USD': 6784.0034, 'KFEE': 195792.46, 'BTC': 0.15826722, 'ETH': 24.99971825, 'USDT': 1e-08}, 'used': {'USD': 0.0, 'KFEE': 0.0, 'BTC': 0.0, 'ETH': 0.0, 'USDT': 0.0}, 'total': {'USD': 6784.0034, 'KFEE': 195792.46, 'BTC': 0.15826722, 'ETH': 24.99971825, 'USDT': 1e-08}}
2019-07-01 00:00:22,354 INFO KRAKEN account balance is USD 6784.003400
2019-07-01 00:00:23,106 INFO No trades are needed
2019-07-01 00:00:23,107 INFO Refreshing order book for BTC/USD
2019-07-01 00:00:26,851 INFO The open BUY trade has entry @ 11419.312828 mark @ 10771.400000 unrealised -17.021501%
2019-07-01 00:00:27,578 INFO Strategy equity is USD 5994.003260 (-7.784565%)
2019-07-01 00:00:27,578 INFO State has been saved
2019-07-01 00:00:27,578 INFO Done
2019-07-02 00:00:05,449 INFO Connecting to kraken LIVE platform
2019-07-02 00:00:05,452 INFO Connected to kraken using KRAKEN_REST_API
2019-07-02 00:00:05,452 INFO State has been loaded
2019-07-02 00:00:06,224 INFO Running MA-1-21 strategy on KRAKEN for BTC/USD using initial capital of USD 6500.000000 leverage {1: 3, -1: 3}
2019-07-02 00:00:19,200 INFO Stance is 1 from [1, 1, 1, 1, 1]
2019-07-02 00:00:21,917 INFO {'info': {'ZUSD': '6784.0034', 'KFEE': '195257.26', 'XXBT': '0.1582672200', 'XETH': '24.9997182500', 'USDT': '0.00000001'}, 'USD': {'free': 6784.0034, 'used': 0.0, 'total': 6784.0034}, 'KFEE': {'free': 195257.26, 'used': 0.0, 'total': 195257.26}, 'BTC': {'free': 0.15826722, 'used': 0.0, 'total': 0.15826722}, 'ETH': {'free': 24.99971825, 'used': 0.0, 'total': 24.99971825}, 'USDT': {'free': 1e-08, 'used': 0.0, 'total': 1e-08}, 'free': {'USD': 6784.0034, 'KFEE': 195257.26, 'BTC': 0.15826722, 'ETH': 24.99971825, 'USDT': 1e-08}, 'used': {'USD': 0.0, 'KFEE': 0.0, 'BTC': 0.0, 'ETH': 0.0, 'USDT': 0.0}, 'total': {'USD': 6784.0034, 'KFEE': 195257.26, 'BTC': 0.15826722, 'ETH': 24.99971825, 'USDT': 1e-08}}
2019-07-02 00:00:22,649 INFO KRAKEN account balance is USD 6784.003400
2019-07-02 00:00:23,368 INFO No trades are needed
2019-07-02 00:00:23,370 INFO Refreshing order book for BTC/USD
2019-07-02 00:00:27,106 INFO The open BUY trade has entry @ 11419.312828 mark @ 10571.050000 unrealised -22.284953%
2019-07-02 00:00:27,835 INFO Strategy equity is USD 5837.538525 (-10.191715%)
2019-07-02 00:00:27,835 INFO State has been saved
2019-07-02 00:00:27,835 INFO Done
2019-07-03 00:00:05,551 INFO Connecting to kraken LIVE platform
2019-07-03 00:00:05,556 INFO Connected to kraken using KRAKEN_REST_API
2019-07-03 00:00:05,557 INFO State has been loaded
2019-07-03 00:00:06,333 INFO Running MA-1-21 strategy on KRAKEN for BTC/USD using initial capital of USD 6500.000000 leverage {1: 3, -1: 3}
2019-07-03 00:00:48,152 INFO Error fetching candles kraken {"error":["EAPI:Rate limit exceeded"]}
2019-07-03 00:00:48,916 INFO Failed to get latest candle data, aborting...
2019-07-03 00:12:05,168 INFO Connecting to kraken LIVE platform
2019-07-03 00:12:05,171 INFO Connected to kraken using KRAKEN_REST_API
2019-07-03 00:12:05,171 INFO State has been loaded
2019-07-03 00:12:05,920 INFO Running MA-1-21 strategy on KRAKEN for BTC/USD using initial capital of USD 6500.000000 leverage {1: 3, -1: 3}
2019-07-03 00:45:52,947 INFO Connecting to kraken LIVE platform
2019-07-03 00:45:52,952 INFO Connected to kraken using KRAKEN_REST_API
2019-07-03 00:45:52,953 INFO State has been loaded
2019-07-03 00:45:53,727 INFO Running MA-1-21 strategy on KRAKEN for BTC/USD using initial capital of USD 6500.000000 leverage {1: 3, -1: 3}
2019-07-03 00:46:06,808 INFO Stance is 1 from [1, 1, 1, 1, 1]
2019-07-03 00:46:08,877 INFO {'info': {'ZUSD': '6784.0034', 'KFEE': '194722.06', 'XXBT': '0.1582672200', 'XETH': '24.9997182500', 'USDT': '0.00000001'}, 'USD': {'free': 6784.0034, 'used': 0.0, 'total': 6784.0034}, 'KFEE': {'free': 194722.06, 'used': 0.0, 'total': 194722.06}, 'BTC': {'free': 0.15826722, 'used': 0.0, 'total': 0.15826722}, 'ETH': {'free': 24.99971825, 'used': 0.0, 'total': 24.99971825}, 'USDT': {'free': 1e-08, 'used': 0.0, 'total': 1e-08}, 'free': {'USD': 6784.0034, 'KFEE': 194722.06, 'BTC': 0.15826722, 'ETH': 24.99971825, 'USDT': 1e-08}, 'used': {'USD': 0.0, 'KFEE': 0.0, 'BTC': 0.0, 'ETH': 0.0, 'USDT': 0.0}, 'total': {'USD': 6784.0034, 'KFEE': 194722.06, 'BTC': 0.15826722, 'ETH': 24.99971825, 'USDT': 1e-08}}
2019-07-03 00:46:09,654 INFO KRAKEN account balance is USD 6784.003400
2019-07-03 00:46:10,422 INFO No trades are needed
2019-07-03 00:46:10,423 INFO Refreshing order book for BTC/USD
2019-07-03 00:46:14,202 INFO The open BUY trade has entry @ 11419.312828 mark @ 11171.800000 unrealised -6.502480%
2019-07-03 00:46:14,976 INFO Strategy equity is USD 6306.698443 (-2.973870%)
2019-07-03 00:46:14,976 INFO State has been saved
2019-07-03 00:46:14,976 INFO Done
2019-07-04 00:00:06,247 INFO Connecting to kraken LIVE platform
2019-07-04 00:00:06,251 INFO Connected to kraken using KRAKEN_REST_API
2019-07-04 00:00:06,251 INFO State has been loaded
2019-07-04 00:00:07,022 INFO Running MA-1-21 strategy on KRAKEN for BTC/USD using initial capital of USD 6500.000000 leverage {1: 3, -1: 3}
2019-07-04 00:00:20,100 INFO Stance is 1 from [1, 1, 1, 1, 1]
2019-07-04 00:00:25,180 INFO {'info': {'ZUSD': '6784.0034', 'KFEE': '194186.86', 'XXBT': '0.1582672200', 'XETH': '24.9997182500', 'USDT': '0.00000001'}, 'USD': {'free': 6784.0034, 'used': 0.0, 'total': 6784.0034}, 'KFEE': {'free': 194186.86, 'used': 0.0, 'total': 194186.86}, 'BTC': {'free': 0.15826722, 'used': 0.0, 'total': 0.15826722}, 'ETH': {'free': 24.99971825, 'used': 0.0, 'total': 24.99971825}, 'USDT': {'free': 1e-08, 'used': 0.0, 'total': 1e-08}, 'free': {'USD': 6784.0034, 'KFEE': 194186.86, 'BTC': 0.15826722, 'ETH': 24.99971825, 'USDT': 1e-08}, 'used': {'USD': 0.0, 'KFEE': 0.0, 'BTC': 0.0, 'ETH': 0.0, 'USDT': 0.0}, 'total': {'USD': 6784.0034, 'KFEE': 194186.86, 'BTC': 0.15826722, 'ETH': 24.99971825, 'USDT': 1e-08}}
2019-07-04 00:00:25,914 INFO KRAKEN account balance is USD 6784.003400
2019-07-04 00:00:26,663 INFO No trades are needed
2019-07-04 00:00:26,663 INFO Refreshing order book for BTC/USD
2019-07-04 00:00:30,402 INFO The open BUY trade has entry @ 11419.312828 mark @ 11994.550000 unrealised 15.112219%
2019-07-04 00:00:31,146 INFO Strategy equity is USD 6949.230814 (6.911243%)
2019-07-04 00:00:31,147 INFO State has been saved
2019-07-04 00:00:31,147 INFO Done
2019-07-05 00:00:06,135 INFO Connecting to kraken LIVE platform
2019-07-05 00:00:06,143 INFO Connected to kraken using KRAKEN_REST_API
2019-07-05 00:00:06,143 INFO State has been loaded
2019-07-05 00:00:06,876 INFO Running MA-1-21 strategy on KRAKEN for BTC/USD using initial capital of USD 6500.000000 leverage {1: 3, -1: 3}
2019-07-05 00:00:20,010 INFO Stance is 1 from [1, 1, 1, 1, 1]
2019-07-05 00:00:23,109 INFO {'info': {'ZUSD': '6784.0034', 'KFEE': '193651.66', 'XXBT': '0.1582672200', 'XETH': '24.9997182500', 'USDT': '0.00000001'}, 'USD': {'free': 6784.0034, 'used': 0.0, 'total': 6784.0034}, 'KFEE': {'free': 193651.66, 'used': 0.0, 'total': 193651.66}, 'BTC': {'free': 0.15826722, 'used': 0.0, 'total': 0.15826722}, 'ETH': {'free': 24.99971825, 'used': 0.0, 'total': 24.99971825}, 'USDT': {'free': 1e-08, 'used': 0.0, 'total': 1e-08}, 'free': {'USD': 6784.0034, 'KFEE': 193651.66, 'BTC': 0.15826722, 'ETH': 24.99971825, 'USDT': 1e-08}, 'used': {'USD': 0.0, 'KFEE': 0.0, 'BTC': 0.0, 'ETH': 0.0, 'USDT': 0.0}, 'total': {'USD': 6784.0034, 'KFEE': 193651.66, 'BTC': 0.15826722, 'ETH': 24.99971825, 'USDT': 1e-08}}
2019-07-05 00:00:23,843 INFO KRAKEN account balance is USD 6784.003400
2019-07-05 00:00:24,564 INFO No trades are needed
2019-07-05 00:00:24,565 INFO Refreshing order book for BTC/USD
2019-07-05 00:00:28,353 INFO The open BUY trade has entry @ 11419.312828 mark @ 11117.800000 unrealised -7.921129%
2019-07-05 00:00:29,098 INFO Strategy equity is USD 6264.526765 (-3.622665%)
2019-07-05 00:00:29,099 INFO State has been saved
2019-07-05 00:00:29,100 INFO Done
2019-07-06 00:00:05,825 INFO Connecting to kraken LIVE platform
2019-07-06 00:00:05,829 INFO Connected to kraken using KRAKEN_REST_API
2019-07-06 00:00:05,830 INFO State has been loaded
2019-07-06 00:00:06,569 INFO Running MA-1-21 strategy on KRAKEN for BTC/USD using initial capital of USD 6500.000000 leverage {1: 3, -1: 3}
2019-07-06 00:00:19,633 INFO Stance is 1 from [1, 1, 1, 1, 1]
2019-07-06 00:00:21,891 INFO {'info': {'ZUSD': '13585.4994', 'KFEE': '187139.83', 'XXBT': '0.1582672200', 'XETH': '0.0000000000', 'USDT': '0.00000001'}, 'USD': {'free': 13585.4994, 'used': 0.0, 'total': 13585.4994}, 'KFEE': {'free': 187139.83, 'used': 0.0, 'total': 187139.83}, 'BTC': {'free': 0.15826722, 'used': 0.0, 'total': 0.15826722}, 'ETH': {'free': 0.0, 'used': 0.0, 'total': 0.0}, 'USDT': {'free': 1e-08, 'used': 0.0, 'total': 1e-08}, 'free': {'USD': 13585.4994, 'KFEE': 187139.83, 'BTC': 0.15826722, 'ETH': 0.0, 'USDT': 1e-08}, 'used': {'USD': 0.0, 'KFEE': 0.0, 'BTC': 0.0, 'ETH': 0.0, 'USDT': 0.0}, 'total': {'USD': 13585.4994, 'KFEE': 187139.83, 'BTC': 0.15826722, 'ETH': 0.0, 'USDT': 1e-08}}
2019-07-06 00:00:22,631 INFO KRAKEN account balance is USD 13585.499400
2019-07-06 00:00:23,364 INFO No trades are needed
2019-07-06 00:00:23,364 INFO Refreshing order book for BTC/USD
2019-07-06 00:00:27,116 INFO The open BUY trade has entry @ 11419.312828 mark @ 10991.600000 unrealised -11.236565%
2019-07-06 00:00:27,867 INFO Strategy equity is USD 6165.969991 (-5.138923%)
2019-07-06 00:00:27,867 INFO State has been saved
2019-07-06 00:00:27,868 INFO Done
2019-07-07 00:00:05,544 INFO Connecting to kraken LIVE platform
2019-07-07 00:00:05,549 INFO Connected to kraken using KRAKEN_REST_API
2019-07-07 00:00:05,549 INFO State has been loaded
2019-07-07 00:00:06,298 INFO Running MA-1-21 strategy on KRAKEN for BTC/USD using initial capital of USD 6500.000000 leverage {1: 3, -1: 3}
2019-07-07 00:00:18,613 INFO Checking if STOP LOSS has triggered
2019-07-07 00:00:21,718 INFO Order details BEFORE normalising
2019-07-07 00:00:21,719 INFO {'info': {'id': 'OPOGFG-RDLWW-3ZABTF', 'refid': None, 'userref': 0, 'status': 'open', 'opentm': 1562373548.4292, 'starttm': 0, 'expiretm': 0, 'descr': {'pair': 'XBTUSD', 'type': 'sell', 'ordertype': 'stop-loss', 'price': '7993.5', 'price2': '0', 'leverage': '3:1', 'order': 'sell 0.78095700 XBTUSD @ stop loss 7993.5', 'close': ''}, 'vol': '0.78095700', 'vol_exec': '0.00000000', 'cost': '0.00000', 'fee': '0.00000', 'price': '0.00000', 'stopprice': '0.00000', 'limitprice': '0.00000', 'misc': '', 'oflags': 'fciq'}, 'id': 'OPOGFG-RDLWW-3ZABTF', 'timestamp': 1562373548000, 'datetime': '2019-07-06T00:39:08.000Z', 'lastTradeTimestamp': None, 'status': 'open', 'symbol': 'BTC/USD', 'type': 'stop-loss', 'side': 'sell', 'price': 7993.5, 'cost': 0.0, 'amount': 0.780957, 'filled': 0.0, 'average': 0.0, 'remaining': 0.780957, 'fee': {'cost': 0.0, 'rate': None, 'currency': 'USD'}}
2019-07-07 00:00:22,489 INFO Stance is 1 from [1, 1, 1, 1, 1]
2019-07-07 00:00:24,921 INFO {'info': {'ZUSD': '13585.4994', 'KFEE': '186604.63', 'XXBT': '0.1582672200', 'XETH': '0.0000000000', 'USDT': '0.00000001'}, 'USD': {'free': 13585.4994, 'used': 0.0, 'total': 13585.4994}, 'KFEE': {'free': 186604.63, 'used': 0.0, 'total': 186604.63}, 'BTC': {'free': 0.15826722, 'used': 0.0, 'total': 0.15826722}, 'ETH': {'free': 0.0, 'used': 0.0, 'total': 0.0}, 'USDT': {'free': 1e-08, 'used': 0.0, 'total': 1e-08}, 'free': {'USD': 13585.4994, 'KFEE': 186604.63, 'BTC': 0.15826722, 'ETH': 0.0, 'USDT': 1e-08}, 'used': {'USD': 0.0, 'KFEE': 0.0, 'BTC': 0.0, 'ETH': 0.0, 'USDT': 0.0}, 'total': {'USD': 13585.4994, 'KFEE': 186604.63, 'BTC': 0.15826722, 'ETH': 0.0, 'USDT': 1e-08}}
2019-07-07 00:00:25,642 INFO KRAKEN account balance is USD 13585.499400
2019-07-07 00:00:26,371 INFO No trades are needed
2019-07-07 00:00:26,372 INFO Refreshing order book for BTC/USD
2019-07-07 00:00:30,114 INFO The open BUY trade has entry @ 11419.312828 mark @ 11216.650000 unrealised -5.324213%
2019-07-07 00:00:30,869 INFO Strategy equity is USD 6341.724364 (-2.435010%)
2019-07-07 00:00:30,871 INFO State has been saved
2019-07-07 00:00:30,871 INFO Done
2019-07-08 00:00:06,402 INFO Connecting to kraken LIVE platform
2019-07-08 00:00:06,404 INFO Connected to kraken using KRAKEN_REST_API
2019-07-08 00:00:06,404 INFO State has been loaded
2019-07-08 00:00:07,139 INFO Running MA-1-21 strategy on KRAKEN for BTC/USD using initial capital of USD 6500.000000 leverage {1: 3, -1: 3}
2019-07-08 00:00:19,374 INFO Checking if STOP LOSS has triggered
2019-07-08 00:00:22,684 INFO Order details BEFORE normalising
2019-07-08 00:00:22,684 INFO {'info': {'id': 'OPOGFG-RDLWW-3ZABTF', 'refid': None, 'userref': 0, 'status': 'open', 'opentm': 1562373548.4292, 'starttm': 0, 'expiretm': 0, 'descr': {'pair': 'XBTUSD', 'type': 'sell', 'ordertype': 'stop-loss', 'price': '7993.5', 'price2': '0', 'leverage': '3:1', 'order': 'sell 0.78095700 XBTUSD @ stop loss 7993.5', 'close': ''}, 'vol': '0.78095700', 'vol_exec': '0.00000000', 'cost': '0.00000', 'fee': '0.00000', 'price': '0.00000', 'stopprice': '0.00000', 'limitprice': '0.00000', 'misc': '', 'oflags': 'fciq'}, 'id': 'OPOGFG-RDLWW-3ZABTF', 'timestamp': 1562373548000, 'datetime': '2019-07-06T00:39:08.000Z', 'lastTradeTimestamp': None, 'status': 'open', 'symbol': 'BTC/USD', 'type': 'stop-loss', 'side': 'sell', 'price': 7993.5, 'cost': 0.0, 'amount': 0.780957, 'filled': 0.0, 'average': 0.0, 'remaining': 0.780957, 'fee': {'cost': 0.0, 'rate': None, 'currency': 'USD'}}
2019-07-08 00:00:23,479 INFO Stance is 1 from [1, 1, 1, 1, 1]
2019-07-08 00:00:25,551 INFO {'info': {'ZUSD': '13585.4994', 'KFEE': '186069.43', 'XXBT': '0.1582672200', 'XETH': '0.0000000000', 'USDT': '0.00000001'}, 'USD': {'free': 13585.4994, 'used': 0.0, 'total': 13585.4994}, 'KFEE': {'free': 186069.43, 'used': 0.0, 'total': 186069.43}, 'BTC': {'free': 0.15826722, 'used': 0.0, 'total': 0.15826722}, 'ETH': {'free': 0.0, 'used': 0.0, 'total': 0.0}, 'USDT': {'free': 1e-08, 'used': 0.0, 'total': 1e-08}, 'free': {'USD': 13585.4994, 'KFEE': 186069.43, 'BTC': 0.15826722, 'ETH': 0.0, 'USDT': 1e-08}, 'used': {'USD': 0.0, 'KFEE': 0.0, 'BTC': 0.0, 'ETH': 0.0, 'USDT': 0.0}, 'total': {'USD': 13585.4994, 'KFEE': 186069.43, 'BTC': 0.15826722, 'ETH': 0.0, 'USDT': 1e-08}}
2019-07-08 00:00:26,285 INFO KRAKEN account balance is USD 13585.499400
2019-07-08 00:00:27,049 INFO No trades are needed
2019-07-08 00:00:27,049 INFO Refreshing order book for BTC/USD
2019-07-08 00:00:30,801 INFO The open BUY trade has entry @ 11419.312828 mark @ 11484.750000 unrealised 1.719118%
2019-07-08 00:00:31,550 INFO Strategy equity is USD 6551.098936 (0.786137%)
2019-07-08 00:00:31,550 INFO State has been saved
2019-07-08 00:00:31,550 INFO Done
2019-07-09 00:00:06,371 INFO Connecting to kraken LIVE platform
2019-07-09 00:00:06,373 INFO Connected to kraken using KRAKEN_REST_API
2019-07-09 00:00:06,373 INFO State has been loaded
2019-07-09 00:00:07,123 INFO Running MA-1-21 strategy on KRAKEN for BTC/USD using initial capital of USD 6500.000000 leverage {1: 3, -1: 3}
2019-07-09 00:00:19,644 INFO Checking if STOP LOSS has triggered
2019-07-09 00:00:22,730 INFO Order details BEFORE normalising
2019-07-09 00:00:22,730 INFO {'info': {'id': 'OPOGFG-RDLWW-3ZABTF', 'refid': None, 'userref': 0, 'status': 'open', 'opentm': 1562373548.4292, 'starttm': 0, 'expiretm': 0, 'descr': {'pair': 'XBTUSD', 'type': 'sell', 'ordertype': 'stop-loss', 'price': '7993.5', 'price2': '0', 'leverage': '3:1', 'order': 'sell 0.78095700 XBTUSD @ stop loss 7993.5', 'close': ''}, 'vol': '0.78095700', 'vol_exec': '0.00000000', 'cost': '0.00000', 'fee': '0.00000', 'price': '0.00000', 'stopprice': '0.00000', 'limitprice': '0.00000', 'misc': '', 'oflags': 'fciq'}, 'id': 'OPOGFG-RDLWW-3ZABTF', 'timestamp': 1562373548000, 'datetime': '2019-07-06T00:39:08.000Z', 'lastTradeTimestamp': None, 'status': 'open', 'symbol': 'BTC/USD', 'type': 'stop-loss', 'side': 'sell', 'price': 7993.5, 'cost': 0.0, 'amount': 0.780957, 'filled': 0.0, 'average': 0.0, 'remaining': 0.780957, 'fee': {'cost': 0.0, 'rate': None, 'currency': 'USD'}}
2019-07-09 00:00:23,533 INFO Stance is 1 from [1, 1, 1, 1, 1]
2019-07-09 00:00:26,263 INFO {'info': {'ZUSD': '6836.5083', 'KFEE': '183779.50', 'XXBT': '0.1582672200', 'XETH': '22.0002257300', 'USDT': '0.00000001'}, 'USD': {'free': 6836.5083, 'used': 0.0, 'total': 6836.5083}, 'KFEE': {'free': 183779.5, 'used': 0.0, 'total': 183779.5}, 'BTC': {'free': 0.15826722, 'used': 0.0, 'total': 0.15826722}, 'ETH': {'free': 22.00022573, 'used': 0.0, 'total': 22.00022573}, 'USDT': {'free': 1e-08, 'used': 0.0, 'total': 1e-08}, 'free': {'USD': 6836.5083, 'KFEE': 183779.5, 'BTC': 0.15826722, 'ETH': 22.00022573, 'USDT': 1e-08}, 'used': {'USD': 0.0, 'KFEE': 0.0, 'BTC': 0.0, 'ETH': 0.0, 'USDT': 0.0}, 'total': {'USD': 6836.5083, 'KFEE': 183779.5, 'BTC': 0.15826722, 'ETH': 22.00022573, 'USDT': 1e-08}}
2019-07-09 00:00:27,004 INFO KRAKEN account balance is USD 6836.508300
2019-07-09 00:00:27,761 INFO No trades are needed
2019-07-09 00:00:27,762 INFO Refreshing order book for BTC/USD
2019-07-09 00:00:31,524 INFO The open BUY trade has entry @ 11419.312828 mark @ 12295.450000 unrealised 23.017248%
2019-07-09 00:00:32,265 INFO Strategy equity is USD 7184.220776 (10.526473%)
2019-07-09 00:00:32,266 INFO State has been saved
2019-07-09 00:00:32,266 INFO Done
