2019-06-04 00:01:08,872 INFO SELL*	8011.200000*
2019-06-05 00:00:51,936 INFO SELL*	8011.200000	7679.700000	4.316575%*
2019-06-06 00:00:55,552 INFO SELL*	8011.200000	7770.050000	3.103584%*
2019-06-07 00:00:54,113 INFO SELL*	8011.200000	7808.700000	2.593261%*
2019-06-08 00:00:54,128 INFO SELL*	8011.200000	7982.950000	0.353879%*
2019-06-09 00:00:53,204 INFO SELL*	8011.200000	7938.500000	0.915790%*
2019-06-10 00:00:55,308 INFO SELL*	8011.200000	7624.350000	5.073875%*
2019-06-11 00:00:54,919 INFO SELL*	8011.200000	8035.700000	-0.304889%*
2019-06-12 00:00:54,467 INFO SELL*	8011.200000	7921.950000	1.126617%*
2019-06-13 00:13:27,752 INFO SELL*	8011.200000	8159.450000	-1.816912%*
2019-06-14 00:01:02,294 INFO SELL	8011.200000	8249.200000	-5.770257%	-6.770257%	96524.291826	-3475.708174
2019-06-14 00:01:03,711 INFO BUY*	8249.200000*
2019-06-14 19:22:32,961 INFO BUY*	8249.200000	8443.600000	2.356592%*
2019-06-15 00:00:14,495 INFO BUY*	8249.200000	8696.050000	5.416889%*
2019-06-16 00:00:14,385 INFO BUY*	8249.200000	8856.950000	7.367381%*
2019-06-17 00:00:15,233 INFO BUY*	8249.200000	8975.350000	8.802672%*
2019-06-18 00:43:20,383 INFO BUY*	8249.200000	9312.600000	25.781894%*
2019-06-19 00:00:36,764 INFO BUY*	8249.200000	9083.050000	10.108253%*
2019-06-20 00:00:36,790 INFO BUY*	8249.200000	9288.200000	12.595161%*
2019-06-21 00:13:26,164 INFO BUY*	8249.200000	9549.750000	15.765771%*
2019-06-22 00:00:45,282 INFO BUY*	8249.200000	10200.350000	23.652597%*
2019-06-23 00:00:43,599 INFO BUY*	8249.200000	10655.100000	29.165252%*
2019-06-24 00:00:44,096 INFO BUY*	8249.200000	10792.100000	30.826019%*
2019-06-25 00:00:43,945 INFO BUY*	8249.200000	11037.550000	33.801460%*
2019-06-26 00:00:45,041 INFO BUY*	8249.200000	11742.900000	42.351986%*
2019-06-27 00:00:44,521 INFO BUY*	8249.200000	12906.800000	56.461233%*
2019-06-28 00:01:08,808 INFO BUY*	8249.200000	11126.600000	34.880958%*
2019-06-29 00:01:07,448 INFO BUY*	8249.200000	12317.500000	49.317510%*
2019-06-30 00:01:07,713 INFO BUY*	8249.200000	11902.000000	44.280658%*
2019-07-01 00:01:06,814 INFO BUY*	8249.200000	10772.650000	30.590239%*
2019-07-02 00:01:06,920 INFO BUY*	8249.200000	10566.650000	28.093027%*
2019-07-03 00:01:51,367 INFO BUY*	8249.200000	10962.000000	32.885613%*
2019-07-04 00:01:11,077 INFO BUY*	8249.200000	12021.900000	45.734132%*
2019-07-05 00:01:29,523 INFO BUY*	8249.200000	11112.000000	34.703971%*
2019-07-06 00:01:11,224 INFO BUY*	8249.200000	11014.550000	33.522645%*
2019-07-07 00:01:09,640 INFO BUY*	8249.200000	11184.100000	35.577995%*
2019-07-08 00:01:24,079 INFO BUY*	8249.200000	11491.150000	39.300175%*
2019-07-09 00:01:16,066 INFO BUY*	8249.200000	12296.500000	49.062939%*
