2019-06-08 00:00:55,607 INFO Connecting to kraken TEST platform
2019-06-08 00:00:55,609 INFO Connected to kraken using KRAKEN_REST_API
2019-06-08 00:00:56,126 INFO State file MA-1-21_XRP_USD_kraken does not exist creating new one
2019-06-08 00:00:56,614 INFO Running MA-1-21 strategy on KRAKEN for XRP/USD using initial capital of USD 100000.000000 
2019-06-08 00:01:00,731 INFO Stance is 1 from [1, -1, -1, 1, 1]
2019-06-08 00:01:01,223 INFO Strategy signal needed to trade, aborting...
2019-06-08 00:01:01,223 INFO Refreshing order book for XRP/USD
2019-06-08 00:01:04,709 INFO Strategy equity is USD 100000.000000 (0.000000%)
2019-06-08 00:01:04,710 INFO State has been saved
2019-06-09 00:00:54,634 INFO Connecting to kraken TEST platform
2019-06-09 00:00:54,636 INFO Connected to kraken using KRAKEN_REST_API
2019-06-09 00:00:54,637 INFO State has been loaded
2019-06-09 00:00:55,112 INFO Running MA-1-21 strategy on KRAKEN for XRP/USD using initial capital of USD 100000.000000 
2019-06-09 00:00:59,215 INFO Stance is -1 from [-1, -1, 1, 1, -1]
2019-06-09 00:00:59,216 INFO Refreshing order book for XRP/USD
2019-06-09 00:01:02,709 INFO Placing MARKET order for XRP/USD qty -244615.403432
2019-06-09 00:01:03,190 INFO Filled MARKET order for XRP/USD qty -244615.403432 side sell @ 0.407009 leverage 2.000000 slippage 0.439287% orderid PAPER_TRADE cost 99560.712646
2019-06-09 00:01:03,665 INFO Strategy equity is USD 99311.810865 (-0.688189%)
2019-06-09 00:01:03,665 INFO State has been saved
2019-06-09 00:01:03,665 INFO Done
2019-06-10 00:00:56,746 INFO Connecting to kraken TEST platform
2019-06-10 00:00:56,749 INFO Connected to kraken using KRAKEN_REST_API
2019-06-10 00:00:56,750 INFO State has been loaded
2019-06-10 00:00:57,224 INFO Running MA-1-21 strategy on KRAKEN for XRP/USD using initial capital of USD 100000.000000 
2019-06-10 00:01:01,234 INFO Stance is -1 from [-1, 1, 1, -1, -1]
2019-06-10 00:01:01,702 INFO No trades are needed
2019-06-10 00:01:01,703 INFO Refreshing order book for XRP/USD
2019-06-10 00:01:05,182 INFO The open SELL trade has entry @ 0.407009 mark @ 0.384555 unrealised 5.839001%
2019-06-10 00:01:05,653 INFO Strategy equity is USD 105243.734398 (5.243734%)
2019-06-10 00:01:05,654 INFO State has been saved
2019-06-10 00:01:05,654 INFO Done
2019-06-11 00:00:56,362 INFO Connecting to kraken TEST platform
2019-06-11 00:00:56,365 INFO Connected to kraken using KRAKEN_REST_API
2019-06-11 00:00:56,365 INFO State has been loaded
2019-06-11 00:00:56,846 INFO Running MA-1-21 strategy on KRAKEN for XRP/USD using initial capital of USD 100000.000000 
2019-06-11 00:01:01,034 INFO Stance is -1 from [1, 1, -1, -1, -1]
2019-06-11 00:01:01,512 INFO No trades are needed
2019-06-11 00:01:01,512 INFO Refreshing order book for XRP/USD
2019-06-11 00:01:05,048 INFO The open SELL trade has entry @ 0.407009 mark @ 0.402835 unrealised 1.036199%
2019-06-11 00:01:05,522 INFO Strategy equity is USD 100772.164823 (0.772165%)
2019-06-11 00:01:05,523 INFO State has been saved
2019-06-11 00:01:05,523 INFO Done
2019-06-12 00:00:55,868 INFO Connecting to kraken TEST platform
2019-06-12 00:00:55,871 INFO Connected to kraken using KRAKEN_REST_API
2019-06-12 00:00:55,871 INFO State has been loaded
2019-06-12 00:00:56,356 INFO Running MA-1-21 strategy on KRAKEN for XRP/USD using initial capital of USD 100000.000000 
2019-06-12 00:01:00,434 INFO Stance is -1 from [1, -1, -1, -1, -1]
2019-06-12 00:01:00,919 INFO No trades are needed
2019-06-12 00:01:00,919 INFO Refreshing order book for XRP/USD
2019-06-12 00:01:04,402 INFO The open SELL trade has entry @ 0.407009 mark @ 0.393920 unrealised 3.322799%
2019-06-12 00:01:04,890 INFO Strategy equity is USD 102952.911145 (2.952911%)
2019-06-12 00:01:04,890 INFO State has been saved
2019-06-12 00:01:04,890 INFO Done
2019-06-13 00:13:29,222 INFO Connecting to kraken TEST platform
2019-06-13 00:13:29,225 INFO Connected to kraken using KRAKEN_REST_API
2019-06-13 00:13:29,225 INFO State has been loaded
2019-06-13 00:13:29,709 INFO Running MA-1-21 strategy on KRAKEN for XRP/USD using initial capital of USD 100000.000000 
2019-06-13 00:13:33,737 INFO Stance is -1 from [-1, -1, -1, -1, -1]
2019-06-13 00:13:34,199 INFO No trades are needed
2019-06-13 00:13:34,199 INFO Refreshing order book for XRP/USD
2019-06-13 00:13:37,692 INFO The open SELL trade has entry @ 0.407009 mark @ 0.401810 unrealised 1.293938%
2019-06-13 00:13:38,156 INFO Strategy equity is USD 101022.895612 (1.022896%)
2019-06-13 00:13:38,157 INFO State has been saved
2019-06-13 00:13:38,157 INFO Done
2019-06-14 00:01:04,640 INFO Connecting to kraken TEST platform
2019-06-14 00:01:04,642 INFO Connected to kraken using KRAKEN_REST_API
2019-06-14 00:01:04,642 INFO State has been loaded
2019-06-14 00:01:05,150 INFO Running MA-1-21 strategy on KRAKEN for XRP/USD using initial capital of USD 100000.000000 
2019-06-14 00:01:09,271 INFO Stance is -1 from [-1, -1, -1, -1, -1]
2019-06-14 00:01:09,731 INFO No trades are needed
2019-06-14 00:01:09,732 INFO Refreshing order book for XRP/USD
2019-06-14 00:01:13,211 INFO The open SELL trade has entry @ 0.407009 mark @ 0.400210 unrealised 1.698901%
2019-06-14 00:01:13,726 INFO Strategy equity is USD 101414.280257 (1.414280%)
2019-06-14 00:01:13,727 INFO State has been saved
2019-06-14 00:01:13,727 INFO Done
2019-06-14 19:22:35,804 INFO Connecting to kraken TEST platform
2019-06-14 19:22:35,806 INFO Connected to kraken using KRAKEN_REST_API
2019-06-14 19:22:35,807 INFO State has been loaded
2019-06-14 19:22:36,798 INFO Running MA-1-21 strategy on KRAKEN for XRP/USD using initial capital of USD 100000.000000 
2019-06-14 19:22:41,178 INFO Stance is -1 from [-1, -1, -1, -1, -1]
2019-06-14 19:22:42,133 INFO No trades are needed
2019-06-14 19:22:42,133 INFO Refreshing order book for XRP/USD
2019-06-14 19:22:46,099 INFO The open SELL trade has entry @ 0.407009 mark @ 0.394220 unrealised 3.244171%
2019-06-14 19:22:47,051 INFO Strategy equity is USD 102879.526524 (2.879527%)
2019-06-14 19:22:47,053 INFO State has been saved
2019-06-14 19:22:47,054 INFO Done
2019-06-15 00:00:16,857 INFO Connecting to kraken TEST platform
2019-06-15 00:00:16,861 INFO Connected to kraken using KRAKEN_REST_API
2019-06-15 00:00:16,861 INFO State has been loaded
2019-06-15 00:00:17,650 INFO Running MA-1-21 strategy on KRAKEN for XRP/USD using initial capital of USD 100000.000000 
2019-06-15 00:00:21,752 INFO Stance is -1 from [-1, -1, -1, -1, -1]
2019-06-15 00:00:22,547 INFO No trades are needed
2019-06-15 00:00:22,549 INFO Refreshing order book for XRP/USD
2019-06-15 00:00:26,356 INFO The open SELL trade has entry @ 0.407009 mark @ 0.404220 unrealised 0.690013%
2019-06-15 00:00:27,153 INFO Strategy equity is USD 100433.372490 (0.433372%)
2019-06-15 00:00:27,154 INFO State has been saved
2019-06-15 00:00:27,154 INFO Done
2019-06-16 00:00:16,740 INFO Connecting to kraken TEST platform
2019-06-16 00:00:16,742 INFO Connected to kraken using KRAKEN_REST_API
2019-06-16 00:00:16,742 INFO State has been loaded
2019-06-16 00:00:17,496 INFO Running MA-1-21 strategy on KRAKEN for XRP/USD using initial capital of USD 100000.000000 
2019-06-16 00:00:21,675 INFO Stance is -1 from [-1, -1, -1, -1, -1]
2019-06-16 00:00:22,432 INFO No trades are needed
2019-06-16 00:00:22,433 INFO Refreshing order book for XRP/USD
2019-06-16 00:00:26,224 INFO The open SELL trade has entry @ 0.407009 mark @ 0.411265 unrealised -1.034814%
2019-06-16 00:00:26,997 INFO Strategy equity is USD 98710.056972 (-1.289943%)
2019-06-16 00:00:26,998 INFO State has been saved
2019-06-16 00:00:26,998 INFO Done
2019-06-17 00:00:17,583 INFO Connecting to kraken TEST platform
2019-06-17 00:00:17,596 INFO Connected to kraken using KRAKEN_REST_API
2019-06-17 00:00:17,596 INFO State has been loaded
2019-06-17 00:00:18,396 INFO Running MA-1-21 strategy on KRAKEN for XRP/USD using initial capital of USD 100000.000000 
2019-06-17 00:00:22,591 INFO Stance is 1 from [-1, -1, -1, -1, 1]
2019-06-17 00:00:23,385 INFO Strategy is changing direction
2019-06-17 00:00:24,185 INFO Placing MARKET order for XRP/USD qty 244615.403432
2019-06-17 00:00:24,185 INFO Refreshing order book for XRP/USD
2019-06-17 00:00:28,198 INFO Filled MARKET order for XRP/USD qty 244615.403432 side buy @ 0.430416 leverage 2.000000 slippage 0.499799% orderid PAPER_TRADE cost 105286.264630
2019-06-17 00:00:28,198 INFO {'stance': [-1, -1, -1, -1, 1], 'orderid': 'PAPER_TRADE', 'side': 'sell', 'comm_to_open': 248.90178161620568, 'comm_to_close': 263.2156615747981, 'cost_to_open': 99560.71264648226, 'cost_to_close': 105286.26462991924, 'qty': 0, 'entry_price': 0.4070091713344518, 'exit_price': 0.43041551412034135, 'mark_price': 0.411265, 'cash': 93762.33057337203, 'currency': 'USD', 'can_trade': True, 'symbol_trading': 'XRP/USD', 'exchange': 'kraken', 'equity': 98710.05697242347, 'leverage': 2}
2019-06-17 00:00:28,999 INFO SELL trade result entry 0.407009 exit 0.430416 ret -10.876161% ret after comm -11.876161% USD cash 93762.330573 USD profit -6237.669427
2019-06-17 00:00:29,756 INFO Placing MARKET order for XRP/USD qty 218930.198058
2019-06-17 00:00:30,516 INFO Filled MARKET order for XRP/USD qty 218930.198058 side buy @ 0.429799 leverage 1.000000 slippage 0.355940% orderid PAPER_TRADE cost 94096.067919
2019-06-17 00:00:31,296 INFO Strategy equity is USD 93193.353058 (-6.806647%)
2019-06-17 00:00:31,296 INFO State has been saved
2019-06-17 00:00:31,296 INFO Done
2019-06-18 00:43:22,711 INFO Connecting to kraken TEST platform
2019-06-18 00:43:22,715 INFO Connected to kraken using KRAKEN_REST_API
2019-06-18 00:43:22,715 INFO State has been loaded
2019-06-18 00:43:23,513 INFO Running MA-1-21 strategy on KRAKEN for XRP/USD using initial capital of USD 100000.000000 
2019-06-18 00:43:27,732 INFO Stance is 1 from [-1, -1, -1, 1, 1]
2019-06-18 00:43:28,494 INFO No trades are needed
2019-06-18 00:43:28,494 INFO Refreshing order book for XRP/USD
2019-06-18 00:43:32,278 INFO The open BUY trade has entry @ 0.429799 mark @ 0.451480 unrealised 5.044353%
2019-06-18 00:43:33,064 INFO Strategy equity is USD 98273.628304 (-1.726372%)
2019-06-18 00:43:33,067 INFO State has been saved
2019-06-18 00:43:33,067 INFO Done
2019-06-19 00:00:39,052 INFO Connecting to kraken TEST platform
2019-06-19 00:00:39,054 INFO Connected to kraken using KRAKEN_REST_API
2019-06-19 00:00:39,055 INFO State has been loaded
2019-06-19 00:00:39,809 INFO Running MA-1-21 strategy on KRAKEN for XRP/USD using initial capital of USD 100000.000000 
2019-06-19 00:00:43,987 INFO Stance is 1 from [-1, -1, 1, 1, 1]
2019-06-19 00:00:44,774 INFO No trades are needed
2019-06-19 00:00:44,774 INFO Refreshing order book for XRP/USD
2019-06-19 00:00:48,570 INFO The open BUY trade has entry @ 0.429799 mark @ 0.426760 unrealised -0.707167%
2019-06-19 00:00:49,329 INFO Strategy equity is USD 92861.673808 (-7.138326%)
2019-06-19 00:00:49,331 INFO State has been saved
2019-06-19 00:00:49,331 INFO Done
2019-06-20 00:00:39,152 INFO Connecting to kraken TEST platform
2019-06-20 00:00:39,155 INFO Connected to kraken using KRAKEN_REST_API
2019-06-20 00:00:39,155 INFO State has been loaded
2019-06-20 00:00:39,917 INFO Running MA-1-21 strategy on KRAKEN for XRP/USD using initial capital of USD 100000.000000 
2019-06-20 00:00:43,951 INFO Stance is 1 from [-1, 1, 1, 1, 1]
2019-06-20 00:00:44,701 INFO No trades are needed
2019-06-20 00:00:44,701 INFO Refreshing order book for XRP/USD
2019-06-20 00:00:48,478 INFO The open BUY trade has entry @ 0.429799 mark @ 0.434945 unrealised 1.197210%
2019-06-20 00:00:49,259 INFO Strategy equity is USD 94653.617479 (-5.346383%)
2019-06-20 00:00:49,261 INFO State has been saved
2019-06-20 00:00:49,261 INFO Done
2019-06-21 00:13:28,512 INFO Connecting to kraken TEST platform
2019-06-21 00:13:28,516 INFO Connected to kraken using KRAKEN_REST_API
2019-06-21 00:13:28,517 INFO State has been loaded
2019-06-21 00:13:29,282 INFO Running MA-1-21 strategy on KRAKEN for XRP/USD using initial capital of USD 100000.000000 
2019-06-21 00:13:33,489 INFO Stance is 1 from [1, 1, 1, 1, 1]
2019-06-21 00:13:34,362 INFO No trades are needed
2019-06-21 00:13:34,362 INFO Refreshing order book for XRP/USD
2019-06-21 00:13:38,158 INFO The open BUY trade has entry @ 0.429799 mark @ 0.431105 unrealised 0.303769%
2019-06-21 00:13:38,917 INFO Strategy equity is USD 93812.925519 (-6.187074%)
2019-06-21 00:13:38,918 INFO State has been saved
2019-06-21 00:13:38,918 INFO Done
2019-06-22 00:00:47,589 INFO Connecting to kraken TEST platform
2019-06-22 00:00:47,593 INFO Connected to kraken using KRAKEN_REST_API
2019-06-22 00:00:47,593 INFO State has been loaded
2019-06-22 00:00:48,379 INFO Running MA-1-21 strategy on KRAKEN for XRP/USD using initial capital of USD 100000.000000 
2019-06-22 00:00:52,493 INFO Stance is 1 from [1, 1, 1, 1, 1]
2019-06-22 00:00:53,252 INFO No trades are needed
2019-06-22 00:00:53,252 INFO Refreshing order book for XRP/USD
2019-06-22 00:00:57,024 INFO The open BUY trade has entry @ 0.429799 mark @ 0.444635 unrealised 3.451750%
2019-06-22 00:00:57,804 INFO Strategy equity is USD 96775.051099 (-3.224949%)
2019-06-22 00:00:57,806 INFO State has been saved
2019-06-22 00:00:57,806 INFO Done
2019-06-23 00:00:45,908 INFO Connecting to kraken TEST platform
2019-06-23 00:00:45,910 INFO Connected to kraken using KRAKEN_REST_API
2019-06-23 00:00:45,910 INFO State has been loaded
2019-06-23 00:00:46,688 INFO Running MA-1-21 strategy on KRAKEN for XRP/USD using initial capital of USD 100000.000000 
2019-06-23 00:00:50,741 INFO Stance is 1 from [1, 1, 1, 1, 1]
2019-06-23 00:00:51,500 INFO No trades are needed
2019-06-23 00:00:51,500 INFO Refreshing order book for XRP/USD
2019-06-23 00:00:55,283 INFO The open BUY trade has entry @ 0.429799 mark @ 0.473510 unrealised 10.170000%
2019-06-23 00:00:56,053 INFO Strategy equity is USD 103096.660568 (3.096661%)
2019-06-23 00:00:56,055 INFO State has been saved
2019-06-23 00:00:56,055 INFO Done
2019-06-24 00:00:46,420 INFO Connecting to kraken TEST platform
2019-06-24 00:00:46,423 INFO Connected to kraken using KRAKEN_REST_API
2019-06-24 00:00:46,423 INFO State has been loaded
2019-06-24 00:00:47,179 INFO Running MA-1-21 strategy on KRAKEN for XRP/USD using initial capital of USD 100000.000000 
2019-06-24 00:00:51,355 INFO Stance is 1 from [1, 1, 1, 1, 1]
2019-06-24 00:00:52,134 INFO No trades are needed
2019-06-24 00:00:52,135 INFO Refreshing order book for XRP/USD
2019-06-24 00:00:55,920 INFO The open BUY trade has entry @ 0.429799 mark @ 0.465715 unrealised 8.356363%
2019-06-24 00:00:56,716 INFO Strategy equity is USD 101390.099674 (1.390100%)
2019-06-24 00:00:56,716 INFO State has been saved
2019-06-24 00:00:56,716 INFO Done
2019-06-25 00:00:46,220 INFO Connecting to kraken TEST platform
2019-06-25 00:00:46,224 INFO Connected to kraken using KRAKEN_REST_API
2019-06-25 00:00:46,225 INFO State has been loaded
2019-06-25 00:00:46,979 INFO Running MA-1-21 strategy on KRAKEN for XRP/USD using initial capital of USD 100000.000000 
2019-06-25 00:00:51,017 INFO Stance is 1 from [1, 1, 1, 1, 1]
2019-06-25 00:00:51,781 INFO No trades are needed
2019-06-25 00:00:51,781 INFO Refreshing order book for XRP/USD
2019-06-25 00:00:55,580 INFO The open BUY trade has entry @ 0.429799 mark @ 0.472250 unrealised 9.876840%
2019-06-25 00:00:56,340 INFO Strategy equity is USD 102820.808518 (2.820809%)
2019-06-25 00:00:56,342 INFO State has been saved
2019-06-25 00:00:56,342 INFO Done
2019-06-26 00:00:47,368 INFO Connecting to kraken TEST platform
2019-06-26 00:00:47,371 INFO Connected to kraken using KRAKEN_REST_API
2019-06-26 00:00:47,371 INFO State has been loaded
2019-06-26 00:00:48,168 INFO Running MA-1-21 strategy on KRAKEN for XRP/USD using initial capital of USD 100000.000000 
2019-06-26 00:00:52,352 INFO Stance is 1 from [1, 1, 1, 1, 1]
2019-06-26 00:00:53,141 INFO No trades are needed
2019-06-26 00:00:53,141 INFO Refreshing order book for XRP/USD
2019-06-26 00:00:57,178 INFO The open BUY trade has entry @ 0.429799 mark @ 0.466715 unrealised 8.589030%
2019-06-26 00:00:57,985 INFO Strategy equity is USD 101609.029872 (1.609030%)
2019-06-26 00:00:57,986 INFO State has been saved
2019-06-26 00:00:57,986 INFO Done
2019-06-27 00:00:46,767 INFO Connecting to kraken TEST platform
2019-06-27 00:00:46,769 INFO Connected to kraken using KRAKEN_REST_API
2019-06-27 00:00:46,770 INFO State has been loaded
2019-06-27 00:00:47,618 INFO Running MA-1-21 strategy on KRAKEN for XRP/USD using initial capital of USD 100000.000000 leverage {1: 1, -1: 2}
2019-06-27 00:00:51,838 INFO Stance is 1 from [1, 1, 1, 1, 1]
2019-06-27 00:00:52,577 INFO No trades are needed
2019-06-27 00:00:52,577 INFO Refreshing order book for XRP/USD
2019-06-27 00:00:56,343 INFO The open BUY trade has entry @ 0.429799 mark @ 0.462160 unrealised 7.529233%
2019-06-27 00:00:57,080 INFO Strategy equity is USD 100611.802820 (0.611803%)
2019-06-27 00:00:57,082 INFO State has been saved
2019-06-27 00:00:57,082 INFO Done
2019-06-28 00:01:11,081 INFO Connecting to kraken TEST platform
2019-06-28 00:01:11,083 INFO Connected to kraken using KRAKEN_REST_API
2019-06-28 00:01:11,084 INFO State has been loaded
2019-06-28 00:01:11,841 INFO Running MA-1-21 strategy on KRAKEN for XRP/USD using initial capital of USD 100000.000000 leverage {1: 1, -1: 2}
2019-06-28 00:01:16,240 INFO Stance is -1 from [1, 1, 1, 1, -1]
2019-06-28 00:01:16,994 INFO Strategy is changing direction
2019-06-28 00:01:17,750 INFO Placing MARKET order for XRP/USD qty -218930.198058
2019-06-28 00:01:17,750 INFO Refreshing order book for XRP/USD
2019-06-28 00:01:21,505 INFO Filled MARKET order for XRP/USD qty -218930.198058 side sell @ 0.402344 leverage 1.000000 slippage 0.392687% orderid PAPER_TRADE cost 88085.212491
2019-06-28 00:01:21,506 INFO {'stance': [1, 1, 1, 1, -1], 'orderid': 'PAPER_TRADE', 'side': 'buy', 'comm_to_open': 235.24016979647132, 'comm_to_close': 220.2130312269701, 'cost_to_open': 94096.06791858852, 'cost_to_close': 88085.21249078804, 'qty': 0, 'entry_price': 0.4297994006910722, 'exit_price': 0.40234382132781416, 'mark_price': 0.46216, 'cash': 87296.0219445481, 'currency': 'USD', 'can_trade': True, 'symbol_trading': 'XRP/USD', 'exchange': 'kraken', 'equity': 100611.80281956092, 'leverage': 1}
2019-06-28 00:01:22,281 INFO BUY trade result entry 0.429799 exit 0.402344 ret -6.387999% ret after comm -6.887999% USD cash 87296.021945 USD profit -6466.308629
2019-06-28 00:01:23,031 INFO Placing MARKET order for XRP/USD qty -216116.708203
2019-06-28 00:01:51,897 INFO Filled MARKET order for XRP/USD qty -216116.708203 side sell @ 0.402376 leverage 2.000000 slippage 0.384598% orderid PAPER_TRADE cost 86960.282906
2019-06-28 00:01:52,646 INFO Placed STOP LOSS for XRP/USD qty 216116.708203 side buy @ 0.412436 leverage 2.000000 orderid PAPER_TRADE
2019-06-28 00:01:53,397 INFO Strategy equity is USD 86742.882198 (-13.257118%)
2019-06-28 00:01:53,398 INFO State has been saved
2019-06-28 00:01:53,398 INFO Done
2019-06-29 00:01:09,705 INFO Connecting to kraken TEST platform
2019-06-29 00:01:09,710 INFO Connected to kraken using KRAKEN_REST_API
2019-06-29 00:01:09,711 INFO State has been loaded
2019-06-29 00:01:10,465 INFO Running MA-1-21 strategy on KRAKEN for XRP/USD using initial capital of USD 100000.000000 leverage {1: 1, -1: 2}
2019-06-29 00:01:10,465 INFO Checking if STOP LOSS has triggered
2019-06-29 00:01:10,465 INFO Refreshing order book for XRP/USD
2019-06-29 00:01:14,319 INFO Stop loss PAPER_TRADE has triggered with slippage 2.299532%
2019-06-29 00:01:14,319 INFO {'stance': [1, 1, 1, 1, -1], 'orderid': 'PAPER_TRADE', 'side': 'sell', 'comm_to_open': 217.4007072643679, 'comm_to_close': 227.95990381281246, 'cost_to_open': 86960.28290574715, 'cost_to_close': 91183.96152512498, 'qty': 0, 'entry_price': 0.40237649198300224, 'exit_price': 0.42191999999999996, 'mark_price': 0.46216, 'cash': 82626.98271409309, 'currency': 'USD', 'can_trade': False, 'symbol_trading': 'XRP/USD', 'exchange': 'kraken', 'equity': 86742.88219848277, 'leverage': 2}
2019-06-29 00:01:15,090 INFO SELL trade result entry 0.402376 exit 0.421920 ret -9.264082% ret after comm -10.264082% USD cash 82626.982714 USD profit -4669.039230
2019-06-29 00:01:19,392 INFO Stance is -1 from [1, 1, 1, -1, -1]
2019-06-29 00:01:20,128 INFO Full strategy signal needed before next trade
2019-06-29 00:01:20,885 INFO Strategy equity is USD 82626.982714 (-17.373017%)
2019-06-29 00:01:20,886 INFO State has been saved
2019-06-30 00:01:09,983 INFO Connecting to kraken TEST platform
2019-06-30 00:01:09,988 INFO Connected to kraken using KRAKEN_REST_API
2019-06-30 00:01:09,989 INFO State has been loaded
2019-06-30 00:01:10,738 INFO Running MA-1-21 strategy on KRAKEN for XRP/USD using initial capital of USD 100000.000000 leverage {1: 1, -1: 2}
2019-06-30 00:01:14,801 INFO Stance is -1 from [1, 1, -1, -1, -1]
2019-06-30 00:01:15,570 INFO Full strategy signal needed before next trade
2019-06-30 00:01:15,570 INFO Refreshing order book for XRP/USD
2019-06-30 00:01:19,318 INFO Strategy equity is USD 82626.982714 (-17.373017%)
2019-06-30 00:01:19,319 INFO State has been saved
2019-07-01 00:01:09,097 INFO Connecting to kraken TEST platform
2019-07-01 00:01:09,098 INFO Connected to kraken using KRAKEN_REST_API
2019-07-01 00:01:09,098 INFO State has been loaded
2019-07-01 00:01:09,835 INFO Running MA-1-21 strategy on KRAKEN for XRP/USD using initial capital of USD 100000.000000 leverage {1: 1, -1: 2}
2019-07-01 00:01:14,153 INFO Stance is -1 from [1, -1, -1, -1, -1]
2019-07-01 00:01:14,931 INFO Full strategy signal needed before next trade
2019-07-01 00:01:14,931 INFO Refreshing order book for XRP/USD
2019-07-01 00:01:18,726 INFO Strategy equity is USD 82626.982714 (-17.373017%)
2019-07-01 00:01:18,727 INFO State has been saved
2019-07-02 00:01:09,181 INFO Connecting to kraken TEST platform
2019-07-02 00:01:09,186 INFO Connected to kraken using KRAKEN_REST_API
2019-07-02 00:01:09,186 INFO State has been loaded
2019-07-02 00:01:09,923 INFO Running MA-1-21 strategy on KRAKEN for XRP/USD using initial capital of USD 100000.000000 leverage {1: 1, -1: 2}
2019-07-02 00:01:14,098 INFO Stance is -1 from [-1, -1, -1, -1, -1]
2019-07-02 00:01:14,837 INFO Full strategy signal needed before next trade
2019-07-02 00:01:14,838 INFO Refreshing order book for XRP/USD
2019-07-02 00:01:18,621 INFO Strategy equity is USD 82626.982714 (-17.373017%)
2019-07-02 00:01:18,622 INFO State has been saved
2019-07-03 00:01:53,683 INFO Connecting to kraken TEST platform
2019-07-03 00:01:53,687 INFO Connected to kraken using KRAKEN_REST_API
2019-07-03 00:01:53,687 INFO State has been loaded
2019-07-03 00:01:54,451 INFO Running MA-1-21 strategy on KRAKEN for XRP/USD using initial capital of USD 100000.000000 leverage {1: 1, -1: 2}
2019-07-03 00:01:58,571 INFO Stance is -1 from [-1, -1, -1, -1, -1]
2019-07-03 00:01:59,352 INFO Full strategy signal needed before next trade
2019-07-03 00:01:59,352 INFO Refreshing order book for XRP/USD
2019-07-03 00:02:03,128 INFO Strategy equity is USD 82626.982714 (-17.373017%)
2019-07-03 00:02:03,129 INFO State has been saved
2019-07-04 00:01:13,358 INFO Connecting to kraken TEST platform
2019-07-04 00:01:13,364 INFO Connected to kraken using KRAKEN_REST_API
2019-07-04 00:01:13,364 INFO State has been loaded
2019-07-04 00:01:14,123 INFO Running MA-1-21 strategy on KRAKEN for XRP/USD using initial capital of USD 100000.000000 leverage {1: 1, -1: 2}
2019-07-04 00:01:18,147 INFO Stance is -1 from [-1, -1, -1, -1, -1]
2019-07-04 00:01:18,930 INFO Full strategy signal needed before next trade
2019-07-04 00:01:18,930 INFO Refreshing order book for XRP/USD
2019-07-04 00:01:22,701 INFO Strategy equity is USD 82626.982714 (-17.373017%)
2019-07-04 00:01:22,702 INFO State has been saved
2019-07-05 00:01:31,771 INFO Connecting to kraken TEST platform
2019-07-05 00:01:31,774 INFO Connected to kraken using KRAKEN_REST_API
2019-07-05 00:01:31,775 INFO State has been loaded
2019-07-05 00:01:32,505 INFO Running MA-1-21 strategy on KRAKEN for XRP/USD using initial capital of USD 100000.000000 leverage {1: 1, -1: 2}
2019-07-05 00:01:36,914 INFO Stance is -1 from [-1, -1, -1, -1, -1]
2019-07-05 00:01:37,669 INFO Full strategy signal needed before next trade
2019-07-05 00:01:37,669 INFO Refreshing order book for XRP/USD
2019-07-05 00:01:41,448 INFO Strategy equity is USD 82626.982714 (-17.373017%)
2019-07-05 00:01:41,449 INFO State has been saved
2019-07-06 00:01:13,517 INFO Connecting to kraken TEST platform
2019-07-06 00:01:13,520 INFO Connected to kraken using KRAKEN_REST_API
2019-07-06 00:01:13,520 INFO State has been loaded
2019-07-06 00:01:14,262 INFO Running MA-1-21 strategy on KRAKEN for XRP/USD using initial capital of USD 100000.000000 leverage {1: 1, -1: 2}
2019-07-06 00:01:18,463 INFO Stance is -1 from [-1, -1, -1, -1, -1]
2019-07-06 00:01:19,230 INFO Full strategy signal needed before next trade
2019-07-06 00:01:19,230 INFO Refreshing order book for XRP/USD
2019-07-06 00:01:22,991 INFO Strategy equity is USD 82626.982714 (-17.373017%)
2019-07-06 00:01:22,991 INFO State has been saved
2019-07-07 00:01:11,918 INFO Connecting to kraken TEST platform
2019-07-07 00:01:11,923 INFO Connected to kraken using KRAKEN_REST_API
2019-07-07 00:01:11,923 INFO State has been loaded
2019-07-07 00:01:12,685 INFO Running MA-1-21 strategy on KRAKEN for XRP/USD using initial capital of USD 100000.000000 leverage {1: 1, -1: 2}
2019-07-07 00:01:17,095 INFO Stance is -1 from [-1, -1, -1, -1, -1]
2019-07-07 00:01:17,828 INFO Full strategy signal needed before next trade
2019-07-07 00:01:17,829 INFO Refreshing order book for XRP/USD
2019-07-07 00:01:21,583 INFO Strategy equity is USD 82626.982714 (-17.373017%)
2019-07-07 00:01:21,585 INFO State has been saved
2019-07-08 00:01:26,343 INFO Connecting to kraken TEST platform
2019-07-08 00:01:26,348 INFO Connected to kraken using KRAKEN_REST_API
2019-07-08 00:01:26,349 INFO State has been loaded
2019-07-08 00:01:27,103 INFO Running MA-1-21 strategy on KRAKEN for XRP/USD using initial capital of USD 100000.000000 leverage {1: 1, -1: 2}
2019-07-08 00:01:31,248 INFO Stance is -1 from [-1, -1, -1, -1, -1]
2019-07-08 00:01:32,004 INFO Full strategy signal needed before next trade
2019-07-08 00:01:32,005 INFO Refreshing order book for XRP/USD
2019-07-08 00:01:36,031 INFO Strategy equity is USD 82626.982714 (-17.373017%)
2019-07-08 00:01:36,031 INFO State has been saved
