2019-06-08 00:01:05,183 INFO Connecting to kraken TEST platform
2019-06-08 00:01:05,186 INFO Connected to kraken using KRAKEN_REST_API
2019-06-08 00:01:05,662 INFO State file MA-1-21_LTC_USD_kraken does not exist creating new one
2019-06-08 00:01:06,130 INFO Running MA-1-21 strategy on KRAKEN for LTC/USD using initial capital of USD 100000.000000 
2019-06-08 00:01:10,246 INFO Stance is 1 from [1, -1, 1, 1, 1]
2019-06-08 00:01:10,739 INFO Strategy signal needed to trade, aborting...
2019-06-08 00:01:10,739 INFO Refreshing order book for LTC/USD
2019-06-08 00:01:14,235 INFO Strategy equity is USD 100000.000000 (0.000000%)
2019-06-08 00:01:14,235 INFO State has been saved
2019-06-09 00:01:04,175 INFO Connecting to kraken TEST platform
2019-06-09 00:01:04,177 INFO Connected to kraken using KRAKEN_REST_API
2019-06-09 00:01:04,177 INFO State has been loaded
2019-06-09 00:01:04,664 INFO Running MA-1-21 strategy on KRAKEN for LTC/USD using initial capital of USD 100000.000000 
2019-06-09 00:01:09,048 INFO Stance is 1 from [-1, 1, 1, 1, 1]
2019-06-09 00:01:09,534 INFO Full strategy signal needed before first trade
2019-06-09 00:01:09,534 INFO Refreshing order book for LTC/USD
2019-06-09 00:01:13,018 INFO Strategy equity is USD 100000.000000 (0.000000%)
2019-06-09 00:01:13,019 INFO State has been saved
2019-06-10 00:01:06,141 INFO Connecting to kraken TEST platform
2019-06-10 00:01:06,144 INFO Connected to kraken using KRAKEN_REST_API
2019-06-10 00:01:06,144 INFO State has been loaded
2019-06-10 00:01:06,635 INFO Running MA-1-21 strategy on KRAKEN for LTC/USD using initial capital of USD 100000.000000 
2019-06-10 00:01:10,769 INFO Stance is 1 from [1, 1, 1, 1, 1]
2019-06-10 00:01:11,238 INFO Full strategy signal needed before first trade
2019-06-10 00:01:11,238 INFO Refreshing order book for LTC/USD
2019-06-10 00:01:14,734 INFO Strategy equity is USD 100000.000000 (0.000000%)
2019-06-10 00:01:14,734 INFO State has been saved
2019-06-11 00:01:06,012 INFO Connecting to kraken TEST platform
2019-06-11 00:01:06,014 INFO Connected to kraken using KRAKEN_REST_API
2019-06-11 00:01:06,014 INFO State has been loaded
2019-06-11 00:01:06,507 INFO Running MA-1-21 strategy on KRAKEN for LTC/USD using initial capital of USD 100000.000000 
2019-06-11 00:01:10,621 INFO Stance is 1 from [1, 1, 1, 1, 1]
2019-06-11 00:01:11,166 INFO Full strategy signal needed before first trade
2019-06-11 00:01:11,166 INFO Refreshing order book for LTC/USD
2019-06-11 00:01:14,686 INFO Strategy equity is USD 100000.000000 (0.000000%)
2019-06-11 00:01:14,686 INFO State has been saved
2019-06-12 00:01:05,358 INFO Connecting to kraken TEST platform
2019-06-12 00:01:05,360 INFO Connected to kraken using KRAKEN_REST_API
2019-06-12 00:01:05,360 INFO State has been loaded
2019-06-12 00:01:05,875 INFO Running MA-1-21 strategy on KRAKEN for LTC/USD using initial capital of USD 100000.000000 
2019-06-12 00:01:09,988 INFO Stance is 1 from [1, 1, 1, 1, 1]
2019-06-12 00:01:10,475 INFO Full strategy signal needed before first trade
2019-06-12 00:01:10,476 INFO Refreshing order book for LTC/USD
2019-06-12 00:01:13,961 INFO Strategy equity is USD 100000.000000 (0.000000%)
2019-06-12 00:01:13,961 INFO State has been saved
2019-06-13 00:13:38,638 INFO Connecting to kraken TEST platform
2019-06-13 00:13:38,641 INFO Connected to kraken using KRAKEN_REST_API
2019-06-13 00:13:38,641 INFO State has been loaded
2019-06-13 00:13:39,108 INFO Running MA-1-21 strategy on KRAKEN for LTC/USD using initial capital of USD 100000.000000 
2019-06-13 00:13:43,229 INFO Stance is 1 from [1, 1, 1, 1, 1]
2019-06-13 00:13:43,697 INFO Full strategy signal needed before first trade
2019-06-13 00:13:43,697 INFO Refreshing order book for LTC/USD
2019-06-13 00:13:47,194 INFO Strategy equity is USD 100000.000000 (0.000000%)
2019-06-13 00:13:47,194 INFO State has been saved
2019-06-14 00:01:14,200 INFO Connecting to kraken TEST platform
2019-06-14 00:01:14,203 INFO Connected to kraken using KRAKEN_REST_API
2019-06-14 00:01:14,203 INFO State has been loaded
2019-06-14 00:01:14,673 INFO Running MA-1-21 strategy on KRAKEN for LTC/USD using initial capital of USD 100000.000000 
2019-06-14 00:01:18,800 INFO Stance is 1 from [1, 1, 1, 1, 1]
2019-06-14 00:01:19,263 INFO Full strategy signal needed before first trade
2019-06-14 00:01:19,263 INFO Refreshing order book for LTC/USD
2019-06-14 00:01:52,860 INFO Strategy equity is USD 100000.000000 (0.000000%)
2019-06-14 00:01:52,861 INFO State has been saved
2019-06-14 19:22:48,008 INFO Connecting to kraken TEST platform
2019-06-14 19:22:48,013 INFO Connected to kraken using KRAKEN_REST_API
2019-06-14 19:22:48,014 INFO State has been loaded
2019-06-14 19:22:49,964 INFO Running MA-1-21 strategy on KRAKEN for LTC/USD using initial capital of USD 100000.000000 
2019-06-14 19:22:54,157 INFO Stance is 1 from [1, 1, 1, 1, 1]
2019-06-14 19:22:55,129 INFO Full strategy signal needed before first trade
2019-06-14 19:22:55,130 INFO Refreshing order book for LTC/USD
2019-06-14 19:22:59,095 INFO Strategy equity is USD 100000.000000 (0.000000%)
2019-06-14 19:22:59,096 INFO State has been saved
2019-06-15 00:00:27,933 INFO Connecting to kraken TEST platform
2019-06-15 00:00:27,937 INFO Connected to kraken using KRAKEN_REST_API
2019-06-15 00:00:27,937 INFO State has been loaded
2019-06-15 00:00:28,732 INFO Running MA-1-21 strategy on KRAKEN for LTC/USD using initial capital of USD 100000.000000 
2019-06-15 00:00:32,801 INFO Stance is 1 from [1, 1, 1, 1, 1]
2019-06-15 00:00:33,597 INFO Full strategy signal needed before first trade
2019-06-15 00:00:33,598 INFO Refreshing order book for LTC/USD
2019-06-15 00:00:37,408 INFO Strategy equity is USD 100000.000000 (0.000000%)
2019-06-15 00:00:37,409 INFO State has been saved
2019-06-16 00:00:27,759 INFO Connecting to kraken TEST platform
2019-06-16 00:00:27,763 INFO Connected to kraken using KRAKEN_REST_API
2019-06-16 00:00:27,764 INFO State has been loaded
2019-06-16 00:00:28,538 INFO Running MA-1-21 strategy on KRAKEN for LTC/USD using initial capital of USD 100000.000000 
2019-06-16 00:00:32,743 INFO Stance is 1 from [1, 1, 1, 1, 1]
2019-06-16 00:00:33,529 INFO Full strategy signal needed before first trade
2019-06-16 00:00:33,530 INFO Refreshing order book for LTC/USD
2019-06-16 00:00:37,334 INFO Strategy equity is USD 100000.000000 (0.000000%)
2019-06-16 00:00:37,335 INFO State has been saved
2019-06-17 00:00:35,165 INFO Connecting to kraken TEST platform
2019-06-17 00:00:35,168 INFO Connected to kraken using KRAKEN_REST_API
2019-06-17 00:00:35,168 INFO State has been loaded
2019-06-17 00:00:35,923 INFO Running MA-1-21 strategy on KRAKEN for LTC/USD using initial capital of USD 100000.000000 
2019-06-17 00:00:40,112 INFO Stance is 1 from [1, 1, 1, 1, 1]
2019-06-17 00:00:40,866 INFO Full strategy signal needed before first trade
2019-06-17 00:00:40,866 INFO Refreshing order book for LTC/USD
2019-06-17 00:01:05,774 INFO Strategy equity is USD 100000.000000 (0.000000%)
2019-06-17 00:01:05,775 INFO State has been saved
2019-06-18 00:43:33,831 INFO Connecting to kraken TEST platform
2019-06-18 00:43:33,835 INFO Connected to kraken using KRAKEN_REST_API
2019-06-18 00:43:33,835 INFO State has been loaded
2019-06-18 00:43:34,629 INFO Running MA-1-21 strategy on KRAKEN for LTC/USD using initial capital of USD 100000.000000 
2019-06-18 00:43:38,701 INFO Stance is 1 from [1, 1, 1, 1, 1]
2019-06-18 00:43:39,482 INFO Full strategy signal needed before first trade
2019-06-18 00:43:39,483 INFO Refreshing order book for LTC/USD
2019-06-18 00:43:43,256 INFO Strategy equity is USD 100000.000000 (0.000000%)
2019-06-18 00:43:43,256 INFO State has been saved
2019-06-19 00:00:50,126 INFO Connecting to kraken TEST platform
2019-06-19 00:00:50,128 INFO Connected to kraken using KRAKEN_REST_API
2019-06-19 00:00:50,128 INFO State has been loaded
2019-06-19 00:00:50,880 INFO Running MA-1-21 strategy on KRAKEN for LTC/USD using initial capital of USD 100000.000000 
2019-06-19 00:00:55,208 INFO Stance is 1 from [1, 1, 1, 1, 1]
2019-06-19 00:00:55,984 INFO Full strategy signal needed before first trade
2019-06-19 00:00:55,985 INFO Refreshing order book for LTC/USD
2019-06-19 00:00:59,808 INFO Strategy equity is USD 100000.000000 (0.000000%)
2019-06-19 00:00:59,808 INFO State has been saved
2019-06-20 00:00:50,023 INFO Connecting to kraken TEST platform
2019-06-20 00:00:50,025 INFO Connected to kraken using KRAKEN_REST_API
2019-06-20 00:00:50,026 INFO State has been loaded
2019-06-20 00:00:50,806 INFO Running MA-1-21 strategy on KRAKEN for LTC/USD using initial capital of USD 100000.000000 
2019-06-20 00:00:55,477 INFO Stance is 1 from [1, 1, 1, 1, 1]
2019-06-20 00:00:56,246 INFO Full strategy signal needed before first trade
2019-06-20 00:00:56,246 INFO Refreshing order book for LTC/USD
2019-06-20 00:01:00,018 INFO Strategy equity is USD 100000.000000 (0.000000%)
2019-06-20 00:01:00,019 INFO State has been saved
2019-06-21 00:13:39,694 INFO Connecting to kraken TEST platform
2019-06-21 00:13:39,698 INFO Connected to kraken using KRAKEN_REST_API
2019-06-21 00:13:39,698 INFO State has been loaded
2019-06-21 00:13:40,467 INFO Running MA-1-21 strategy on KRAKEN for LTC/USD using initial capital of USD 100000.000000 
2019-06-21 00:13:44,847 INFO Stance is 1 from [1, 1, 1, 1, 1]
2019-06-21 00:13:45,629 INFO Full strategy signal needed before first trade
2019-06-21 00:13:45,629 INFO Refreshing order book for LTC/USD
2019-06-21 00:13:49,395 INFO Strategy equity is USD 100000.000000 (0.000000%)
2019-06-21 00:13:49,396 INFO State has been saved
2019-06-22 00:00:58,568 INFO Connecting to kraken TEST platform
2019-06-22 00:00:58,575 INFO Connected to kraken using KRAKEN_REST_API
2019-06-22 00:00:58,577 INFO State has been loaded
2019-06-22 00:00:59,338 INFO Running MA-1-21 strategy on KRAKEN for LTC/USD using initial capital of USD 100000.000000 
2019-06-22 00:01:31,863 INFO Stance is 1 from [1, 1, 1, 1, 1]
2019-06-22 00:01:32,655 INFO Full strategy signal needed before first trade
2019-06-22 00:01:32,655 INFO Refreshing order book for LTC/USD
2019-06-22 00:01:36,433 INFO Strategy equity is USD 100000.000000 (0.000000%)
2019-06-22 00:01:36,435 INFO State has been saved
2019-06-23 00:00:56,830 INFO Connecting to kraken TEST platform
2019-06-23 00:00:56,834 INFO Connected to kraken using KRAKEN_REST_API
2019-06-23 00:00:56,835 INFO State has been loaded
2019-06-23 00:00:57,617 INFO Running MA-1-21 strategy on KRAKEN for LTC/USD using initial capital of USD 100000.000000 
2019-06-23 00:01:27,920 INFO Stance is 1 from [1, 1, 1, 1, 1]
2019-06-23 00:01:28,700 INFO Full strategy signal needed before first trade
2019-06-23 00:01:28,701 INFO Refreshing order book for LTC/USD
2019-06-23 00:01:32,495 INFO Strategy equity is USD 100000.000000 (0.000000%)
2019-06-23 00:01:32,496 INFO State has been saved
2019-06-24 00:00:57,472 INFO Connecting to kraken TEST platform
2019-06-24 00:00:57,475 INFO Connected to kraken using KRAKEN_REST_API
2019-06-24 00:00:57,475 INFO State has been loaded
2019-06-24 00:00:58,225 INFO Running MA-1-21 strategy on KRAKEN for LTC/USD using initial capital of USD 100000.000000 
2019-06-24 00:01:30,528 INFO Stance is 1 from [1, 1, 1, 1, 1]
2019-06-24 00:01:31,313 INFO Full strategy signal needed before first trade
2019-06-24 00:01:31,313 INFO Refreshing order book for LTC/USD
2019-06-24 00:01:35,116 INFO Strategy equity is USD 100000.000000 (0.000000%)
2019-06-24 00:01:35,141 INFO State has been saved
2019-06-25 00:00:57,102 INFO Connecting to kraken TEST platform
2019-06-25 00:00:57,105 INFO Connected to kraken using KRAKEN_REST_API
2019-06-25 00:00:57,106 INFO State has been loaded
2019-06-25 00:00:57,903 INFO Running MA-1-21 strategy on KRAKEN for LTC/USD using initial capital of USD 100000.000000 
2019-06-25 00:01:28,241 INFO Stance is 1 from [1, 1, 1, 1, 1]
2019-06-25 00:01:29,022 INFO Full strategy signal needed before next trade
2019-06-25 00:01:29,022 INFO Refreshing order book for LTC/USD
2019-06-25 00:01:32,821 INFO Strategy equity is USD 100000.000000 (0.000000%)
2019-06-25 00:01:32,822 INFO State has been saved
2019-06-26 00:00:58,766 INFO Connecting to kraken TEST platform
2019-06-26 00:00:58,769 INFO Connected to kraken using KRAKEN_REST_API
2019-06-26 00:00:58,770 INFO State has been loaded
2019-06-26 00:00:59,594 INFO Running MA-1-21 strategy on KRAKEN for LTC/USD using initial capital of USD 100000.000000 
2019-06-26 00:01:28,918 INFO Stance is 1 from [1, 1, 1, 1, 1]
2019-06-26 00:01:29,756 INFO Full strategy signal needed before next trade
2019-06-26 00:01:29,756 INFO Refreshing order book for LTC/USD
2019-06-26 00:01:33,536 INFO Strategy equity is USD 100000.000000 (0.000000%)
2019-06-26 00:01:33,536 INFO State has been saved
2019-06-27 00:00:57,834 INFO Connecting to kraken TEST platform
2019-06-27 00:00:57,838 INFO Connected to kraken using KRAKEN_REST_API
2019-06-27 00:00:57,838 INFO State has been loaded
2019-06-27 00:00:58,622 INFO Running MA-1-21 strategy on KRAKEN for LTC/USD using initial capital of USD 100000.000000 leverage {1: 1, -1: 2}
2019-06-27 00:01:28,210 INFO Stance is -1 from [1, 1, 1, 1, -1]
2019-06-27 00:01:28,210 INFO Refreshing order book for LTC/USD
2019-06-27 00:01:32,109 INFO Placing MARKET order for LTC/USD qty -766.371614
2019-06-27 00:01:32,865 INFO Filled MARKET order for LTC/USD qty -766.371614 side sell @ 130.440000 leverage 2.000000 slippage 0.034487% orderid PAPER_TRADE cost 99965.513277
2019-06-27 00:01:33,682 INFO Placed STOP LOSS for LTC/USD qty 766.371614 side buy @ 133.701000 leverage 2.000000 orderid PAPER_TRADE
2019-06-27 00:01:34,428 INFO Strategy equity is USD 99715.599494 (-0.284401%)
2019-06-27 00:01:34,428 INFO State has been saved
2019-06-27 00:01:34,429 INFO Done
2019-06-28 00:01:54,146 INFO Connecting to kraken TEST platform
2019-06-28 00:01:54,150 INFO Connected to kraken using KRAKEN_REST_API
2019-06-28 00:01:54,150 INFO State has been loaded
2019-06-28 00:01:54,891 INFO Running MA-1-21 strategy on KRAKEN for LTC/USD using initial capital of USD 100000.000000 leverage {1: 1, -1: 2}
2019-06-28 00:01:54,891 INFO Checking if STOP LOSS has triggered
2019-06-28 00:01:54,891 INFO Refreshing order book for LTC/USD
2019-06-28 00:02:02,326 INFO Stance is -1 from [1, 1, 1, -1, -1]
2019-06-28 00:02:03,075 INFO No trades are needed
2019-06-28 00:02:03,816 INFO The open SELL trade has entry @ 130.440000 mark @ 113.950000 unrealised 28.942519%
2019-06-28 00:02:04,549 INFO Strategy equity is USD 112387.554125 (12.387554%)
2019-06-28 00:02:04,551 INFO State has been saved
2019-06-28 00:02:04,551 INFO Done
2019-06-29 00:01:21,649 INFO Connecting to kraken TEST platform
2019-06-29 00:01:21,653 INFO Connected to kraken using KRAKEN_REST_API
2019-06-29 00:01:21,653 INFO State has been loaded
2019-06-29 00:01:53,644 INFO Running MA-1-21 strategy on KRAKEN for LTC/USD using initial capital of USD 100000.000000 leverage {1: 1, -1: 2}
2019-06-29 00:01:53,644 INFO Checking if STOP LOSS has triggered
2019-06-29 00:01:53,645 INFO Refreshing order book for LTC/USD
2019-06-29 00:02:00,682 INFO Stance is -1 from [1, 1, -1, -1, -1]
2019-06-29 00:02:01,448 INFO No trades are needed
2019-06-29 00:02:02,216 INFO The open SELL trade has entry @ 130.440000 mark @ 119.185000 unrealised 18.886605%
2019-06-29 00:02:02,952 INFO Strategy equity is USD 108375.598728 (8.375599%)
2019-06-29 00:02:02,952 INFO State has been saved
2019-06-29 00:02:02,953 INFO Done
2019-06-30 00:01:20,060 INFO Connecting to kraken TEST platform
2019-06-30 00:01:20,066 INFO Connected to kraken using KRAKEN_REST_API
2019-06-30 00:01:20,066 INFO State has been loaded
2019-06-30 00:01:20,832 INFO Running MA-1-21 strategy on KRAKEN for LTC/USD using initial capital of USD 100000.000000 leverage {1: 1, -1: 2}
2019-06-30 00:01:24,439 INFO Checking if STOP LOSS has triggered
2019-06-30 00:01:25,192 INFO Stop loss PAPER_TRADE has TRIGGERED @ 133.701000
2019-06-30 00:01:25,193 INFO {'stance': [1, 1, -1, -1, -1], 'orderid': 'PAPER_TRADE', 'side': 'sell', 'comm_to_open': 249.9137831934705, 'comm_to_close': 256.16162777330726, 'cost_to_open': 99965.51327738819, 'cost_to_close': 102464.65110932289, 'qty': 0, 'entry_price': 130.44, 'exit_price': 133.701, 'mark_price': 119.185, 'cash': 96994.78675709853, 'currency': 'USD', 'can_trade': False, 'symbol_trading': 'LTC/USD', 'exchange': 'kraken', 'equity': 108375.59872782312, 'leverage': 2}
2019-06-30 00:01:51,067 INFO SELL trade result entry 130.440000 exit 133.701000 ret -4.878049% ret after comm -5.878049% cash USD 96994.786757 profit USD -3005.213243
2019-06-30 00:01:51,885 INFO Stance is 1 from [1, -1, -1, -1, 1]
2019-06-30 00:01:51,886 INFO Refreshing order book for LTC/USD
2019-06-30 00:01:55,666 INFO Placing MARKET order for LTC/USD qty 726.770469
2019-06-30 00:01:56,399 INFO Filled MARKET order for LTC/USD qty 726.770469 side buy @ 133.544070 leverage 1.000000 slippage 0.062993% orderid PAPER_TRADE cost 97055.886325
2019-06-30 00:01:57,139 INFO Strategy equity is USD 96691.047473 (-3.308953%)
2019-06-30 00:01:57,141 INFO State has been saved
2019-06-30 00:01:57,141 INFO Done
2019-07-01 00:01:19,642 INFO Connecting to kraken TEST platform
2019-07-01 00:01:19,650 INFO Connected to kraken using KRAKEN_REST_API
2019-07-01 00:01:19,650 INFO State has been loaded
2019-07-01 00:01:20,409 INFO Running MA-1-21 strategy on KRAKEN for LTC/USD using initial capital of USD 100000.000000 leverage {1: 1, -1: 2}
2019-07-01 00:01:24,446 INFO Stance is -1 from [-1, -1, -1, 1, -1]
2019-07-01 00:01:53,430 INFO Strategy is changing direction
2019-07-01 00:01:54,188 INFO Placing MARKET order for LTC/USD qty -726.770469
2019-07-01 00:01:54,188 INFO Refreshing order book for LTC/USD
2019-07-01 00:01:57,942 INFO Filled MARKET order for LTC/USD qty -726.770469 side sell @ 122.213338 leverage 1.000000 slippage 0.095367% orderid PAPER_TRADE cost 88821.044919
2019-07-01 00:01:57,942 INFO {'stance': [-1, -1, -1, 1, -1], 'orderid': 'PAPER_TRADE', 'side': 'buy', 'comm_to_open': 242.63971581315855, 'comm_to_close': 222.0526122965289, 'cost_to_open': 97055.88632526342, 'cost_to_close': 88821.04491861156, 'qty': 0, 'entry_price': 133.54406996540655, 'exit_price': 122.21333796551042, 'mark_price': 119.185, 'cash': 88295.25302233698, 'currency': 'USD', 'can_trade': True, 'symbol_trading': 'LTC/USD', 'exchange': 'kraken', 'equity': 96691.04747312047, 'leverage': 1}
2019-07-01 00:01:58,725 INFO BUY trade result entry 133.544070 exit 122.213338 ret -8.484639% ret after comm -8.984639% cash USD 88295.253022 profit USD -8699.533735
2019-07-01 00:01:59,484 INFO Placing MARKET order for LTC/USD qty -721.779228
2019-07-01 00:02:00,230 INFO Filled MARKET order for LTC/USD qty -721.779228 side sell @ 122.213361 leverage 2.000000 slippage 0.095348% orderid PAPER_TRADE cost 88211.065450
2019-07-01 00:02:00,967 INFO Placed STOP LOSS for LTC/USD qty 721.779228 side buy @ 125.268695 leverage 2.000000 orderid PAPER_TRADE
2019-07-01 00:02:01,734 INFO Strategy equity is USD 87990.537787 (-12.009462%)
2019-07-01 00:02:01,735 INFO State has been saved
2019-07-01 00:02:01,735 INFO Done
2019-07-02 00:01:19,367 INFO Connecting to kraken TEST platform
2019-07-02 00:01:19,372 INFO Connected to kraken using KRAKEN_REST_API
2019-07-02 00:01:19,372 INFO State has been loaded
2019-07-02 00:01:20,132 INFO Running MA-1-21 strategy on KRAKEN for LTC/USD using initial capital of USD 100000.000000 leverage {1: 1, -1: 2}
2019-07-02 00:01:23,522 INFO Checking if STOP LOSS has triggered
2019-07-02 00:01:24,258 INFO Stop loss PAPER_TRADE has TRIGGERED @ 125.268695
2019-07-02 00:01:24,258 INFO {'stance': [-1, -1, -1, 1, -1], 'orderid': 'PAPER_TRADE', 'side': 'sell', 'comm_to_open': 220.5276636253347, 'comm_to_close': 226.04085521596804, 'cost_to_open': 88211.06545013387, 'cost_to_close': 90416.34208638722, 'qty': 0, 'entry_price': 122.21336104880972, 'exit_price': 125.26869507502995, 'mark_price': 119.185, 'cash': 85643.40786724233, 'currency': 'USD', 'can_trade': False, 'symbol_trading': 'LTC/USD', 'exchange': 'kraken', 'equity': 87990.53778650853, 'leverage': 2}
2019-07-02 00:01:51,156 INFO SELL trade result entry 122.213361 exit 125.268695 ret -4.878049% ret after comm -5.878049% cash USD 85643.407867 profit USD -2651.845155
2019-07-02 00:01:51,963 INFO Stance is -1 from [-1, -1, 1, -1, -1]
2019-07-02 00:01:52,699 INFO Full strategy signal needed before next trade
2019-07-02 00:01:52,699 INFO Refreshing order book for LTC/USD
2019-07-02 00:01:56,481 INFO Strategy equity is USD 85643.407867 (-14.356592%)
2019-07-02 00:01:56,481 INFO State has been saved
2019-07-03 00:02:03,921 INFO Connecting to kraken TEST platform
2019-07-03 00:02:03,926 INFO Connected to kraken using KRAKEN_REST_API
2019-07-03 00:02:03,926 INFO State has been loaded
2019-07-03 00:02:04,703 INFO Running MA-1-21 strategy on KRAKEN for LTC/USD using initial capital of USD 100000.000000 leverage {1: 1, -1: 2}
2019-07-03 00:02:08,932 INFO Stance is -1 from [-1, 1, -1, -1, -1]
2019-07-03 00:02:34,831 INFO Full strategy signal needed before next trade
2019-07-03 00:02:34,831 INFO Refreshing order book for LTC/USD
2019-07-03 00:02:38,600 INFO Strategy equity is USD 85643.407867 (-14.356592%)
2019-07-03 00:02:38,601 INFO State has been saved
2019-07-04 00:01:23,461 INFO Connecting to kraken TEST platform
2019-07-04 00:01:23,466 INFO Connected to kraken using KRAKEN_REST_API
2019-07-04 00:01:23,467 INFO State has been loaded
2019-07-04 00:01:24,245 INFO Running MA-1-21 strategy on KRAKEN for LTC/USD using initial capital of USD 100000.000000 leverage {1: 1, -1: 2}
2019-07-04 00:01:28,456 INFO Stance is -1 from [1, -1, -1, -1, -1]
2019-07-04 00:01:57,442 INFO Full strategy signal needed before next trade
2019-07-04 00:01:57,442 INFO Refreshing order book for LTC/USD
2019-07-04 00:02:01,555 INFO Strategy equity is USD 85643.407867 (-14.356592%)
2019-07-04 00:02:01,556 INFO State has been saved
2019-07-05 00:01:42,216 INFO Connecting to kraken TEST platform
2019-07-05 00:01:42,220 INFO Connected to kraken using KRAKEN_REST_API
2019-07-05 00:01:42,220 INFO State has been loaded
2019-07-05 00:01:42,956 INFO Running MA-1-21 strategy on KRAKEN for LTC/USD using initial capital of USD 100000.000000 leverage {1: 1, -1: 2}
2019-07-05 00:01:47,142 INFO Stance is -1 from [-1, -1, -1, -1, -1]
2019-07-05 00:02:12,993 INFO Full strategy signal needed before next trade
2019-07-05 00:02:12,993 INFO Refreshing order book for LTC/USD
2019-07-05 00:02:16,778 INFO Strategy equity is USD 85643.407867 (-14.356592%)
2019-07-05 00:02:16,778 INFO State has been saved
2019-07-06 00:01:23,752 INFO Connecting to kraken TEST platform
2019-07-06 00:01:23,755 INFO Connected to kraken using KRAKEN_REST_API
2019-07-06 00:01:23,756 INFO State has been loaded
2019-07-06 00:01:24,495 INFO Running MA-1-21 strategy on KRAKEN for LTC/USD using initial capital of USD 100000.000000 leverage {1: 1, -1: 2}
2019-07-06 00:01:28,540 INFO Stance is -1 from [-1, -1, -1, -1, -1]
2019-07-06 00:01:57,519 INFO Full strategy signal needed before next trade
2019-07-06 00:01:57,519 INFO Refreshing order book for LTC/USD
2019-07-06 00:02:01,271 INFO Strategy equity is USD 85643.407867 (-14.356592%)
2019-07-06 00:02:01,272 INFO State has been saved
2019-07-07 00:01:22,316 INFO Connecting to kraken TEST platform
2019-07-07 00:01:22,322 INFO Connected to kraken using KRAKEN_REST_API
2019-07-07 00:01:22,323 INFO State has been loaded
2019-07-07 00:01:23,063 INFO Running MA-1-21 strategy on KRAKEN for LTC/USD using initial capital of USD 100000.000000 leverage {1: 1, -1: 2}
2019-07-07 00:01:27,278 INFO Stance is -1 from [-1, -1, -1, -1, -1]
2019-07-07 00:01:53,151 INFO Full strategy signal needed before next trade
2019-07-07 00:01:53,151 INFO Refreshing order book for LTC/USD
2019-07-07 00:01:56,901 INFO Strategy equity is USD 85643.407867 (-14.356592%)
2019-07-07 00:01:56,902 INFO State has been saved
2019-07-08 00:01:36,775 INFO Connecting to kraken TEST platform
2019-07-08 00:01:36,779 INFO Connected to kraken using KRAKEN_REST_API
2019-07-08 00:01:36,780 INFO State has been loaded
2019-07-08 00:01:37,530 INFO Running MA-1-21 strategy on KRAKEN for LTC/USD using initial capital of USD 100000.000000 leverage {1: 1, -1: 2}
2019-07-08 00:01:41,807 INFO Stance is -1 from [-1, -1, -1, -1, -1]
2019-07-08 00:02:10,803 INFO Full strategy signal needed before next trade
2019-07-08 00:02:10,803 INFO Refreshing order book for LTC/USD
2019-07-08 00:02:14,551 INFO Strategy equity is USD 85643.407867 (-14.356592%)
2019-07-08 00:02:14,553 INFO State has been saved
