2019-05-25 18:52:44,213 INFO Connecting to kraken TEST platform
2019-05-25 18:52:44,215 INFO Connected to kraken using ccxt
2019-05-25 18:52:44,215 INFO Running MA-1-21 strategy on API CCXT_kraken for BTC/USD using initial capital of USD 100000.000000 
2019-05-25 18:52:44,215 INFO State file MA-1-21_BTC_USD_CCXT_kraken does not exist creating new one
2019-05-25 18:52:47,878 INFO Stance is 1 from [1, 1, 1, 1, 1]
2019-05-25 18:52:47,878 INFO Strategy signal needed to trade, aborting...
2019-05-25 18:52:47,878 INFO State has been saved
2019-05-26 01:00:39,086 INFO Connecting to kraken TEST platform
2019-05-26 01:00:39,089 INFO Connected to kraken using ccxt
2019-05-26 01:00:39,089 INFO Running MA-1-21 strategy on API CCXT_kraken for BTC/USD using initial capital of USD 100000.000000 
2019-05-26 01:00:39,089 INFO State has been loaded
2019-05-26 01:00:43,006 INFO Stance is 1 from [1, 1, 1, 1, 1]
2019-05-26 01:00:43,006 INFO Strategy signal needed to trade, aborting...
2019-05-26 01:00:43,006 INFO State has been saved
2019-05-26 01:33:16,576 INFO Connecting to kraken TEST platform
2019-05-26 01:33:16,578 INFO Connected to kraken using ccxt
2019-05-26 01:33:16,641 INFO Running MA-1-21 strategy on API CCXT_kraken for BTC/USD using initial capital of USD 100000.000000 
2019-05-26 01:33:16,641 INFO State has been loaded
2019-05-26 01:33:20,432 INFO Stance is 1 from [1, 1, 1, 1, 1]
2019-05-26 01:33:20,503 INFO Strategy signal needed to trade, aborting...
2019-05-26 01:33:20,568 INFO Refreshing order book for BTC/USD
2019-05-26 01:33:23,587 INFO State has been saved
2019-05-27 01:00:45,390 INFO Connecting to kraken TEST platform
2019-05-27 01:00:45,393 INFO Connected to kraken using ccxt
2019-05-27 01:00:45,463 INFO Running MA-1-21 strategy on API CCXT_kraken for BTC/USD using initial capital of USD 100000.000000 
2019-05-27 01:00:45,463 INFO State has been loaded
2019-05-27 01:00:49,429 INFO Stance is 1 from [1, 1, 1, 1, 1]
2019-05-27 01:00:49,489 INFO Strategy signal needed to trade, aborting...
2019-05-27 01:00:49,489 INFO Refreshing order book for BTC/USD
2019-05-27 01:00:52,507 INFO State has been saved
2019-05-28 01:00:44,984 INFO Connecting to kraken TEST platform
2019-05-28 01:00:44,987 INFO Connected to kraken using ccxt
2019-05-28 01:00:45,053 INFO Running MA-1-21 strategy on API CCXT_kraken for BTC/USD using initial capital of USD 100000.000000 
2019-05-28 01:00:45,053 INFO State has been loaded
2019-05-28 01:00:48,801 INFO Stance is 1 from [1, 1, 1, 1, 1]
2019-05-28 01:00:48,926 INFO Strategy signal needed to trade, aborting...
2019-05-28 01:00:48,926 INFO Refreshing order book for BTC/USD
2019-05-28 01:00:51,940 INFO State has been saved
2019-05-29 01:00:45,460 INFO Connecting to kraken TEST platform
2019-05-29 01:00:45,463 INFO Connected to kraken using ccxt
2019-05-29 01:00:45,533 INFO Running MA-1-21 strategy on API CCXT_kraken for BTC/USD using initial capital of USD 100000.000000 
2019-05-29 01:00:45,533 INFO State has been loaded
2019-05-29 01:00:49,268 INFO Stance is 1 from [1, 1, 1, 1, 1]
2019-05-29 01:00:49,339 INFO Strategy signal needed to trade, aborting...
2019-05-29 01:00:49,339 INFO Refreshing order book for BTC/USD
2019-05-29 01:00:52,352 INFO State has been saved
2019-05-30 00:00:45,693 INFO Connecting to kraken TEST platform
2019-05-30 00:00:45,696 INFO Connected to kraken using ccxt
2019-05-30 00:00:45,771 INFO Running MA-1-21 strategy on API CCXT_kraken for BTC/USD using initial capital of USD 100000.000000 
2019-05-30 00:00:45,771 INFO State has been loaded
2019-05-30 00:00:49,844 INFO Stance is 1 from [1, 1, 1, 1, 1]
2019-05-30 00:00:49,910 INFO Strategy signal needed to trade, aborting...
2019-05-30 00:00:49,911 INFO Refreshing order book for BTC/USD
2019-05-30 00:00:52,925 INFO State has been saved
2019-05-31 00:00:45,094 INFO Connecting to kraken TEST platform
2019-05-31 00:00:45,097 INFO Connected to kraken using ccxt
2019-05-31 00:00:45,161 INFO Running MA-1-21 strategy on API CCXT_kraken for BTC/USD using initial capital of USD 100000.000000 
2019-05-31 00:00:45,161 INFO State has been loaded
2019-05-31 00:00:49,224 INFO Stance is 1 from [1, 1, 1, 1, 1]
2019-05-31 00:00:49,286 INFO Strategy signal needed to trade, aborting...
2019-05-31 00:00:49,287 INFO Refreshing order book for BTC/USD
2019-05-31 00:00:52,309 INFO State has been saved
2019-06-01 00:00:51,662 INFO Connecting to kraken TEST platform
2019-06-01 00:00:51,664 INFO Connected to kraken using ccxt
2019-06-01 00:00:51,664 INFO State has been loaded
2019-06-01 00:00:51,736 INFO Running MA-1-21 strategy on API CCXT_kraken for BTC/USD using initial capital of USD 100000.000000 
2019-06-01 00:00:55,464 INFO Stance is 1 from [1, 1, 1, 1, 1]
2019-06-01 00:00:55,532 INFO Strategy signal needed to trade, aborting...
2019-06-01 00:00:55,532 INFO Refreshing order book for BTC/USD
2019-06-01 00:00:58,615 INFO Strategy equity is USD 100000.000000 (0.000000%)
2019-06-01 00:00:58,615 INFO State has been saved
2019-06-02 00:00:44,628 INFO Connecting to kraken TEST platform
2019-06-02 00:00:44,631 INFO Connected to kraken using ccxt
2019-06-02 00:00:44,631 INFO State has been loaded
2019-06-02 00:00:44,701 INFO Running MA-1-21 strategy on API CCXT_kraken for BTC/USD using initial capital of USD 100000.000000 
2019-06-02 00:00:48,615 INFO Stance is 1 from [1, 1, 1, 1, 1]
2019-06-02 00:00:48,693 INFO Strategy signal needed to trade, aborting...
2019-06-02 00:00:48,693 INFO Refreshing order book for BTC/USD
2019-06-02 00:00:51,762 INFO Strategy equity is USD 100000.000000 (0.000000%)
2019-06-02 00:00:51,763 INFO State has been saved
2019-06-03 00:00:46,237 INFO Connecting to kraken TEST platform
2019-06-03 00:00:46,239 INFO Connected to kraken using ccxt
2019-06-03 00:00:46,239 INFO State has been loaded
2019-06-03 00:00:46,308 INFO Running MA-1-21 strategy on API CCXT_kraken for BTC/USD using initial capital of USD 100000.000000 
2019-06-03 00:00:50,032 INFO Stance is 1 from [1, 1, 1, 1, 1]
2019-06-03 00:00:50,092 INFO Strategy signal needed to trade, aborting...
2019-06-03 00:00:50,092 INFO Refreshing order book for BTC/USD
2019-06-03 00:00:53,184 INFO Strategy equity is USD 100000.000000 (0.000000%)
2019-06-03 00:00:53,185 INFO State has been saved
2019-06-04 00:01:01,970 INFO Connecting to kraken TEST platform
2019-06-04 00:01:01,973 INFO Connected to kraken using ccxt
2019-06-04 00:01:01,973 INFO State has been loaded
2019-06-04 00:01:02,041 INFO Running MA-1-21 strategy on API CCXT_kraken for BTC/USD using initial capital of USD 100000.000000 
2019-06-04 00:01:05,704 INFO Stance is -1 from [1, 1, 1, 1, -1]
2019-06-04 00:01:05,704 INFO Refreshing order book for BTC/USD
2019-06-04 00:01:08,803 INFO Placing MARKET order for BTC/USD qty -12.473338
2019-06-04 00:01:08,872 INFO Filled MARKET order for BTC/USD qty -12.473338 side sell @ 8011.200000 leverage 2.000000 slippage 0.073593% orderid PAPER_TRADE cost 99926.407304
2019-06-04 00:01:08,935 INFO Strategy equity is USD 99676.591286 (-0.323409%)
2019-06-04 00:01:08,936 INFO State has been saved
2019-06-04 00:01:08,936 INFO Done
2019-06-05 00:00:45,049 INFO Connecting to kraken TEST platform
2019-06-05 00:00:45,051 INFO Connected to kraken using ccxt
2019-06-05 00:00:45,052 INFO State has been loaded
2019-06-05 00:00:45,166 INFO Running MA-1-21 strategy on API CCXT_kraken for BTC/USD using initial capital of USD 100000.000000 
2019-06-05 00:00:48,796 INFO Stance is -1 from [1, 1, 1, -1, -1]
2019-06-05 00:00:48,922 INFO No trades are needed
2019-06-05 00:00:48,922 INFO Refreshing order book for BTC/USD
2019-06-05 00:00:52,052 INFO Unrealised on open SELL trade 4.316575%
2019-06-05 00:00:52,172 INFO Strategy equity is USD 103885.095608 (3.885096%)
2019-06-05 00:00:52,173 INFO State has been saved
2019-06-05 00:00:52,173 INFO Done
2019-06-06 00:00:48,126 INFO Connecting to kraken TEST platform
2019-06-06 00:00:48,129 INFO Connected to kraken using ccxt
2019-06-06 00:00:48,129 INFO State has been loaded
2019-06-06 00:00:48,255 INFO Running MA-1-21 strategy on API CCXT_kraken for BTC/USD using initial capital of USD 100000.000000 
2019-06-06 00:00:52,405 INFO Stance is -1 from [1, 1, -1, -1, -1]
2019-06-06 00:00:52,537 INFO No trades are needed
2019-06-06 00:00:52,538 INFO Refreshing order book for BTC/USD
2019-06-06 00:00:55,672 INFO Unrealised on open SELL trade 3.103584%
2019-06-06 00:00:55,798 INFO Strategy equity is USD 102758.129498 (2.758129%)
2019-06-06 00:00:55,798 INFO State has been saved
2019-06-06 00:00:55,799 INFO Done
2019-06-07 00:00:46,091 INFO Connecting to kraken TEST platform
2019-06-07 00:00:46,094 INFO Connected to kraken using KRAKEN_REST_API
2019-06-07 00:00:46,094 INFO State has been loaded
2019-06-07 00:00:46,565 INFO Running MA-1-21 strategy on KRAKEN for BTC/USD using initial capital of USD 100000.000000 
2019-06-07 00:00:50,614 INFO Stance is -1 from [1, -1, -1, -1, -1]
2019-06-07 00:00:51,100 INFO No trades are needed
2019-06-07 00:00:51,100 INFO Refreshing order book for BTC/USD
2019-06-07 00:00:54,602 INFO The open SELL trade has entry @ 8011.200000 mark @ 7808.700000 unrealised 2.593261%
2019-06-07 00:00:55,087 INFO Strategy equity is USD 102276.034975 (2.276035%)
2019-06-07 00:00:55,088 INFO State has been saved
2019-06-07 00:00:55,088 INFO Done
2019-06-08 00:00:45,647 INFO Connecting to kraken TEST platform
2019-06-08 00:00:45,649 INFO Connected to kraken using KRAKEN_REST_API
2019-06-08 00:00:45,649 INFO State has been loaded
2019-06-08 00:00:46,124 INFO Running MA-1-21 strategy on KRAKEN for BTC/USD using initial capital of USD 100000.000000 
2019-06-08 00:00:50,635 INFO Stance is -1 from [-1, -1, -1, -1, -1]
2019-06-08 00:00:51,113 INFO No trades are needed
2019-06-08 00:00:51,113 INFO Refreshing order book for BTC/USD
2019-06-08 00:00:54,632 INFO The open SELL trade has entry @ 8011.200000 mark @ 7982.950000 unrealised 0.353879%
2019-06-08 00:00:55,111 INFO Strategy equity is USD 100102.555787 (0.102556%)
2019-06-08 00:00:55,112 INFO State has been saved
2019-06-08 00:00:55,112 INFO Done
2019-06-09 00:00:45,150 INFO Connecting to kraken TEST platform
2019-06-09 00:00:45,152 INFO Connected to kraken using KRAKEN_REST_API
2019-06-09 00:00:45,152 INFO State has been loaded
2019-06-09 00:00:45,625 INFO Running MA-1-21 strategy on KRAKEN for BTC/USD using initial capital of USD 100000.000000 
2019-06-09 00:00:49,718 INFO Stance is -1 from [-1, -1, -1, -1, -1]
2019-06-09 00:00:50,188 INFO No trades are needed
2019-06-09 00:00:50,188 INFO Refreshing order book for BTC/USD
2019-06-09 00:00:53,691 INFO The open SELL trade has entry @ 8011.200000 mark @ 7938.500000 unrealised 0.915790%
2019-06-09 00:00:54,164 INFO Strategy equity is USD 100656.995672 (0.656996%)
2019-06-09 00:00:54,164 INFO State has been saved
2019-06-09 00:00:54,164 INFO Done
2019-06-10 00:00:47,225 INFO Connecting to kraken TEST platform
2019-06-10 00:00:47,228 INFO Connected to kraken using KRAKEN_REST_API
2019-06-10 00:00:47,228 INFO State has been loaded
2019-06-10 00:00:47,713 INFO Running MA-1-21 strategy on KRAKEN for BTC/USD using initial capital of USD 100000.000000 
2019-06-10 00:00:51,827 INFO Stance is -1 from [-1, -1, -1, -1, -1]
2019-06-10 00:00:52,293 INFO No trades are needed
2019-06-10 00:00:52,294 INFO Refreshing order book for BTC/USD
2019-06-10 00:00:55,774 INFO The open SELL trade has entry @ 8011.200000 mark @ 7624.350000 unrealised 5.073875%
2019-06-10 00:00:56,261 INFO Strategy equity is USD 104575.494880 (4.575495%)
2019-06-10 00:00:56,262 INFO State has been saved
2019-06-10 00:00:56,262 INFO Done
2019-06-11 00:00:46,799 INFO Connecting to kraken TEST platform
2019-06-11 00:00:46,801 INFO Connected to kraken using KRAKEN_REST_API
2019-06-11 00:00:46,801 INFO State has been loaded
2019-06-11 00:00:47,315 INFO Running MA-1-21 strategy on KRAKEN for BTC/USD using initial capital of USD 100000.000000 
2019-06-11 00:00:51,423 INFO Stance is -1 from [-1, -1, -1, -1, -1]
2019-06-11 00:00:51,905 INFO No trades are needed
2019-06-11 00:00:51,905 INFO Refreshing order book for BTC/USD
2019-06-11 00:00:55,415 INFO The open SELL trade has entry @ 8011.200000 mark @ 8035.700000 unrealised -0.304889%
2019-06-11 00:00:55,890 INFO Strategy equity is USD 99444.587195 (-0.555413%)
2019-06-11 00:00:55,890 INFO State has been saved
2019-06-11 00:00:55,890 INFO Done
2019-06-12 00:00:45,962 INFO Connecting to kraken TEST platform
2019-06-12 00:00:45,965 INFO Connected to kraken using KRAKEN_REST_API
2019-06-12 00:00:45,965 INFO State has been loaded
2019-06-12 00:00:46,432 INFO Running MA-1-21 strategy on KRAKEN for BTC/USD using initial capital of USD 100000.000000 
2019-06-12 00:00:50,988 INFO Stance is -1 from [-1, -1, -1, -1, -1]
2019-06-12 00:00:51,457 INFO No trades are needed
2019-06-12 00:00:51,457 INFO Refreshing order book for BTC/USD
2019-06-12 00:00:54,936 INFO The open SELL trade has entry @ 8011.200000 mark @ 7921.950000 unrealised 1.126617%
2019-06-12 00:00:55,401 INFO Strategy equity is USD 100863.429420 (0.863429%)
2019-06-12 00:00:55,402 INFO State has been saved
2019-06-12 00:00:55,402 INFO Done
2019-06-13 00:13:19,640 INFO Connecting to kraken TEST platform
2019-06-13 00:13:19,643 INFO Connected to kraken using KRAKEN_REST_API
2019-06-13 00:13:19,643 INFO State has been loaded
2019-06-13 00:13:20,116 INFO Running MA-1-21 strategy on KRAKEN for BTC/USD using initial capital of USD 100000.000000 
2019-06-13 00:13:24,261 INFO Stance is -1 from [-1, -1, -1, -1, -1]
2019-06-13 00:13:24,740 INFO No trades are needed
2019-06-13 00:13:24,740 INFO Refreshing order book for BTC/USD
2019-06-13 00:13:28,270 INFO The open SELL trade has entry @ 8011.200000 mark @ 8159.450000 unrealised -1.816912%
2019-06-13 00:13:28,757 INFO Strategy equity is USD 97901.011588 (-2.098988%)
2019-06-13 00:13:28,758 INFO State has been saved
2019-06-13 00:13:28,758 INFO Done
2019-06-14 00:00:53,302 INFO Connecting to kraken TEST platform
2019-06-14 00:00:53,305 INFO Connected to kraken using KRAKEN_REST_API
2019-06-14 00:00:53,305 INFO State has been loaded
2019-06-14 00:00:53,772 INFO Running MA-1-21 strategy on KRAKEN for BTC/USD using initial capital of USD 100000.000000 
2019-06-14 00:00:57,858 INFO Stance is 1 from [-1, -1, -1, -1, 1]
2019-06-14 00:00:58,329 INFO Strategy is changing direction
2019-06-14 00:00:58,795 INFO Placing MARKET order for BTC/USD qty 12.473338
2019-06-14 00:00:58,795 INFO Refreshing order book for BTC/USD
2019-06-14 00:01:02,294 INFO Filled MARKET order for BTC/USD qty 12.473338 side buy @ 8249.200000 leverage 2.000000 slippage 0.000606% orderid PAPER_TRADE cost 102895.061805
2019-06-14 00:01:02,294 INFO {'stance': [-1, -1, -1, -1, 1], 'orderid': 'PAPER_TRADE', 'side': 'sell', 'comm_to_open': 249.81601826096716, 'comm_to_close': 257.2376545134775, 'cost_to_open': 99926.40730438686, 'cost_to_close': 102895.06180539099, 'qty': 0, 'entry_price': 8011.199999999999, 'exit_price': 8249.2, 'mark_price': 8159.45, 'cash': 96524.29182622142, 'currency': 'USD', 'can_trade': True, 'equity': 97901.0115877312, 'leverage': 2}
2019-06-14 00:01:02,762 INFO SELL trade result entry 8011.200000 exit 8249.200000 ret -5.770257% ret after comm -6.770257% USD cash 96524.291826 USD profit -3475.708174
2019-06-14 00:01:03,249 INFO Placing MARKET order for BTC/USD qty 11.701120
2019-06-14 00:01:03,711 INFO Filled MARKET order for BTC/USD qty 11.701120 side buy @ 8249.200000 leverage 1.000000 slippage 0.000606% orderid PAPER_TRADE cost 96524.876882
2019-06-14 00:01:04,175 INFO Strategy equity is USD 96282.394578 (-3.717605%)
2019-06-14 00:01:04,176 INFO State has been saved
2019-06-14 00:01:04,176 INFO Done
2019-06-14 19:22:23,755 INFO Connecting to kraken TEST platform
2019-06-14 19:22:23,759 INFO Connected to kraken using KRAKEN_REST_API
2019-06-14 19:22:23,760 INFO State has been loaded
2019-06-14 19:22:24,725 INFO Running MA-1-21 strategy on KRAKEN for BTC/USD using initial capital of USD 100000.000000 
2019-06-14 19:22:28,974 INFO Stance is 1 from [-1, -1, -1, -1, 1]
2019-06-14 19:22:29,945 INFO No trades are needed
2019-06-14 19:22:29,946 INFO Refreshing order book for BTC/USD
2019-06-14 19:22:33,929 INFO The open BUY trade has entry @ 8249.200000 mark @ 8443.600000 unrealised 2.356592%
2019-06-14 19:22:34,845 INFO Strategy equity is USD 98557.677310 (-1.442323%)
2019-06-14 19:22:34,846 INFO State has been saved
2019-06-14 19:22:34,847 INFO Done
2019-06-15 00:00:05,678 INFO Connecting to kraken TEST platform
2019-06-15 00:00:05,681 INFO Connected to kraken using KRAKEN_REST_API
2019-06-15 00:00:05,682 INFO State has been loaded
2019-06-15 00:00:06,458 INFO Running MA-1-21 strategy on KRAKEN for BTC/USD using initial capital of USD 100000.000000 
2019-06-15 00:00:10,693 INFO Stance is 1 from [-1, -1, -1, 1, 1]
2019-06-15 00:00:11,481 INFO No trades are needed
2019-06-15 00:00:11,482 INFO Refreshing order book for BTC/USD
2019-06-15 00:00:15,283 INFO The open BUY trade has entry @ 8249.200000 mark @ 8696.050000 unrealised 5.416889%
2019-06-15 00:00:16,079 INFO Strategy equity is USD 101511.624986 (1.511625%)
2019-06-15 00:00:16,080 INFO State has been saved
2019-06-15 00:00:16,080 INFO Done
2019-06-16 00:00:05,610 INFO Connecting to kraken TEST platform
2019-06-16 00:00:05,614 INFO Connected to kraken using KRAKEN_REST_API
2019-06-16 00:00:05,615 INFO State has been loaded
2019-06-16 00:00:06,395 INFO Running MA-1-21 strategy on KRAKEN for BTC/USD using initial capital of USD 100000.000000 
2019-06-16 00:00:10,621 INFO Stance is 1 from [-1, -1, 1, 1, 1]
2019-06-16 00:00:11,374 INFO No trades are needed
2019-06-16 00:00:11,374 INFO Refreshing order book for BTC/USD
2019-06-16 00:00:15,169 INFO The open BUY trade has entry @ 8249.200000 mark @ 8856.950000 unrealised 7.367381%
2019-06-16 00:00:15,962 INFO Strategy equity is USD 103394.335150 (3.394335%)
2019-06-16 00:00:15,963 INFO State has been saved
2019-06-16 00:00:15,963 INFO Done
2019-06-17 00:00:06,431 INFO Connecting to kraken TEST platform
2019-06-17 00:00:06,435 INFO Connected to kraken using KRAKEN_REST_API
2019-06-17 00:00:06,435 INFO State has been loaded
2019-06-17 00:00:07,195 INFO Running MA-1-21 strategy on KRAKEN for BTC/USD using initial capital of USD 100000.000000 
2019-06-17 00:00:11,430 INFO Stance is 1 from [-1, 1, 1, 1, 1]
2019-06-17 00:00:12,214 INFO No trades are needed
2019-06-17 00:00:12,221 INFO Refreshing order book for BTC/USD
2019-06-17 00:00:16,026 INFO The open BUY trade has entry @ 8249.200000 mark @ 8975.350000 unrealised 8.802672%
2019-06-17 00:00:16,824 INFO Strategy equity is USD 104779.747726 (4.779748%)
2019-06-17 00:00:16,825 INFO State has been saved
2019-06-17 00:00:16,825 INFO Done
2019-06-18 00:43:11,361 INFO Connecting to kraken TEST platform
2019-06-18 00:43:11,363 INFO Connected to kraken using KRAKEN_REST_API
2019-06-18 00:43:11,363 INFO State has been loaded
2019-06-18 00:43:12,155 INFO Running MA-1-21 strategy on KRAKEN for BTC/USD using initial capital of USD 100000.000000 
2019-06-18 00:43:16,611 INFO Stance is 1 from [1, 1, 1, 1, 1]
2019-06-18 00:43:17,372 INFO No trades are needed
2019-06-18 00:43:17,372 INFO Refreshing order book for BTC/USD
2019-06-18 00:43:21,171 INFO The open BUY trade has entry @ 8249.200000 mark @ 9312.600000 unrealised 25.781894%
2019-06-18 00:43:21,952 INFO Strategy equity is USD 108725.950356 (8.725950%)
2019-06-18 00:43:21,953 INFO State has been saved
2019-06-18 00:43:21,953 INFO Done
2019-06-19 00:00:28,034 INFO Connecting to kraken TEST platform
2019-06-19 00:00:28,036 INFO Connected to kraken using KRAKEN_REST_API
2019-06-19 00:00:28,037 INFO State has been loaded
2019-06-19 00:00:28,797 INFO Running MA-1-21 strategy on KRAKEN for BTC/USD using initial capital of USD 100000.000000 
2019-06-19 00:00:32,982 INFO Stance is 1 from [1, 1, 1, 1, 1]
2019-06-19 00:00:33,754 INFO No trades are needed
2019-06-19 00:00:33,754 INFO Refreshing order book for BTC/USD
2019-06-19 00:00:37,515 INFO The open BUY trade has entry @ 8249.200000 mark @ 9083.050000 unrealised 10.108253%
2019-06-19 00:00:38,296 INFO Strategy equity is USD 106039.958321 (6.039958%)
2019-06-19 00:00:38,298 INFO State has been saved
2019-06-19 00:00:38,298 INFO Done
2019-06-20 00:00:27,830 INFO Connecting to kraken TEST platform
2019-06-20 00:00:27,834 INFO Connected to kraken using KRAKEN_REST_API
2019-06-20 00:00:27,834 INFO State has been loaded
2019-06-20 00:00:28,596 INFO Running MA-1-21 strategy on KRAKEN for BTC/USD using initial capital of USD 100000.000000 
2019-06-20 00:00:33,004 INFO Stance is 1 from [1, 1, 1, 1, 1]
2019-06-20 00:00:33,765 INFO No trades are needed
2019-06-20 00:00:33,765 INFO Refreshing order book for BTC/USD
2019-06-20 00:00:37,633 INFO The open BUY trade has entry @ 8249.200000 mark @ 9288.200000 unrealised 12.595161%
2019-06-20 00:00:38,394 INFO Strategy equity is USD 108440.443034 (8.440443%)
2019-06-20 00:00:38,394 INFO State has been saved
2019-06-20 00:00:38,394 INFO Done
2019-06-21 00:13:17,378 INFO Connecting to kraken TEST platform
2019-06-21 00:13:17,383 INFO Connected to kraken using KRAKEN_REST_API
2019-06-21 00:13:17,384 INFO State has been loaded
2019-06-21 00:13:18,167 INFO Running MA-1-21 strategy on KRAKEN for BTC/USD using initial capital of USD 100000.000000 
2019-06-21 00:13:22,362 INFO Stance is 1 from [1, 1, 1, 1, 1]
2019-06-21 00:13:23,150 INFO No trades are needed
2019-06-21 00:13:23,150 INFO Refreshing order book for BTC/USD
2019-06-21 00:13:26,951 INFO The open BUY trade has entry @ 8249.200000 mark @ 9549.750000 unrealised 15.765771%
2019-06-21 00:13:27,756 INFO Strategy equity is USD 111500.870900 (11.500871%)
2019-06-21 00:13:27,756 INFO State has been saved
2019-06-21 00:13:27,756 INFO Done
2019-06-22 00:00:36,637 INFO Connecting to kraken TEST platform
2019-06-22 00:00:36,642 INFO Connected to kraken using KRAKEN_REST_API
2019-06-22 00:00:36,643 INFO State has been loaded
2019-06-22 00:00:37,436 INFO Running MA-1-21 strategy on KRAKEN for BTC/USD using initial capital of USD 100000.000000 
2019-06-22 00:00:41,483 INFO Stance is 1 from [1, 1, 1, 1, 1]
2019-06-22 00:00:42,267 INFO No trades are needed
2019-06-22 00:00:42,267 INFO Refreshing order book for BTC/USD
2019-06-22 00:00:46,046 INFO The open BUY trade has entry @ 8249.200000 mark @ 10200.350000 unrealised 23.652597%
2019-06-22 00:00:46,827 INFO Strategy equity is USD 119113.619397 (19.113619%)
2019-06-22 00:00:46,828 INFO State has been saved
2019-06-22 00:00:46,829 INFO Done
2019-06-23 00:00:34,899 INFO Connecting to kraken TEST platform
2019-06-23 00:00:34,902 INFO Connected to kraken using KRAKEN_REST_API
2019-06-23 00:00:34,903 INFO State has been loaded
2019-06-23 00:00:35,662 INFO Running MA-1-21 strategy on KRAKEN for BTC/USD using initial capital of USD 100000.000000 
2019-06-23 00:00:39,831 INFO Stance is 1 from [1, 1, 1, 1, 1]
2019-06-23 00:00:40,585 INFO No trades are needed
2019-06-23 00:00:40,585 INFO Refreshing order book for BTC/USD
2019-06-23 00:00:44,370 INFO The open BUY trade has entry @ 8249.200000 mark @ 10655.100000 unrealised 29.165252%
2019-06-23 00:00:45,149 INFO Strategy equity is USD 124434.703594 (24.434704%)
2019-06-23 00:00:45,150 INFO State has been saved
2019-06-23 00:00:45,150 INFO Done
2019-06-24 00:00:35,313 INFO Connecting to kraken TEST platform
2019-06-24 00:00:35,315 INFO Connected to kraken using KRAKEN_REST_API
2019-06-24 00:00:35,315 INFO State has been loaded
2019-06-24 00:00:36,092 INFO Running MA-1-21 strategy on KRAKEN for BTC/USD using initial capital of USD 100000.000000 
2019-06-24 00:00:40,322 INFO Stance is 1 from [1, 1, 1, 1, 1]
2019-06-24 00:00:41,082 INFO No trades are needed
2019-06-24 00:00:41,082 INFO Refreshing order book for BTC/USD
2019-06-24 00:00:44,866 INFO The open BUY trade has entry @ 8249.200000 mark @ 10792.100000 unrealised 30.826019%
2019-06-24 00:00:45,644 INFO Strategy equity is USD 126037.756997 (26.037757%)
2019-06-24 00:00:45,650 INFO State has been saved
2019-06-24 00:00:45,650 INFO Done
2019-06-25 00:00:35,311 INFO Connecting to kraken TEST platform
2019-06-25 00:00:35,313 INFO Connected to kraken using KRAKEN_REST_API
2019-06-25 00:00:35,313 INFO State has been loaded
2019-06-25 00:00:36,078 INFO Running MA-1-21 strategy on KRAKEN for BTC/USD using initial capital of USD 100000.000000 
2019-06-25 00:00:40,175 INFO Stance is 1 from [1, 1, 1, 1, 1]
2019-06-25 00:00:40,933 INFO No trades are needed
2019-06-25 00:00:40,933 INFO Refreshing order book for BTC/USD
2019-06-25 00:00:44,702 INFO The open BUY trade has entry @ 8249.200000 mark @ 11037.550000 unrealised 33.801460%
2019-06-25 00:00:45,459 INFO Strategy equity is USD 128909.796835 (28.909797%)
2019-06-25 00:00:45,462 INFO State has been saved
2019-06-25 00:00:45,462 INFO Done
2019-06-26 00:00:36,262 INFO Connecting to kraken TEST platform
2019-06-26 00:00:36,266 INFO Connected to kraken using KRAKEN_REST_API
2019-06-26 00:00:36,266 INFO State has been loaded
2019-06-26 00:00:37,032 INFO Running MA-1-21 strategy on KRAKEN for BTC/USD using initial capital of USD 100000.000000 
2019-06-26 00:00:41,260 INFO Stance is 1 from [1, 1, 1, 1, 1]
2019-06-26 00:00:42,028 INFO No trades are needed
2019-06-26 00:00:42,029 INFO Refreshing order book for BTC/USD
2019-06-26 00:00:45,799 INFO The open BUY trade has entry @ 8249.200000 mark @ 11742.900000 unrealised 42.351986%
2019-06-26 00:00:46,570 INFO Strategy equity is USD 137163.181637 (37.163182%)
2019-06-26 00:00:46,573 INFO State has been saved
2019-06-26 00:00:46,573 INFO Done
2019-06-27 00:00:35,846 INFO Connecting to kraken TEST platform
2019-06-27 00:00:35,848 INFO Connected to kraken using KRAKEN_REST_API
2019-06-27 00:00:35,848 INFO State has been loaded
2019-06-27 00:00:36,585 INFO Running MA-1-21 strategy on KRAKEN for BTC/USD using initial capital of USD 100000.000000 leverage {1: 2, -1: 2}
2019-06-27 00:00:40,766 INFO Stance is 1 from [1, 1, 1, 1, 1]
2019-06-27 00:00:41,505 INFO No trades are needed
2019-06-27 00:00:41,505 INFO Refreshing order book for BTC/USD
2019-06-27 00:00:45,285 INFO The open BUY trade has entry @ 8249.200000 mark @ 12906.800000 unrealised 56.461233%
2019-06-27 00:00:46,015 INFO Strategy equity is USD 150782.114892 (50.782115%)
2019-06-27 00:00:46,016 INFO State has been saved
2019-06-27 00:00:46,016 INFO Done
2019-06-28 00:01:00,069 INFO Connecting to kraken TEST platform
2019-06-28 00:01:00,074 INFO Connected to kraken using KRAKEN_REST_API
2019-06-28 00:01:00,075 INFO State has been loaded
2019-06-28 00:01:00,835 INFO Running MA-1-21 strategy on KRAKEN for BTC/USD using initial capital of USD 100000.000000 leverage {1: 2, -1: 2}
2019-06-28 00:01:05,033 INFO Stance is 1 from [1, 1, 1, 1, 1]
2019-06-28 00:01:05,791 INFO No trades are needed
2019-06-28 00:01:05,791 INFO Refreshing order book for BTC/USD
2019-06-28 00:01:09,583 INFO The open BUY trade has entry @ 8249.200000 mark @ 11126.600000 unrealised 34.880958%
2019-06-28 00:01:10,342 INFO Strategy equity is USD 129951.781547 (29.951782%)
2019-06-28 00:01:10,344 INFO State has been saved
2019-06-28 00:01:10,345 INFO Done
2019-06-29 00:00:58,773 INFO Connecting to kraken TEST platform
2019-06-29 00:00:58,778 INFO Connected to kraken using KRAKEN_REST_API
2019-06-29 00:00:58,778 INFO State has been loaded
2019-06-29 00:00:59,519 INFO Running MA-1-21 strategy on KRAKEN for BTC/USD using initial capital of USD 100000.000000 leverage {1: 2, -1: 2}
2019-06-29 00:01:03,675 INFO Stance is 1 from [1, 1, 1, 1, 1]
2019-06-29 00:01:04,434 INFO No trades are needed
2019-06-29 00:01:04,435 INFO Refreshing order book for BTC/USD
2019-06-29 00:01:08,184 INFO The open BUY trade has entry @ 8249.200000 mark @ 12317.500000 unrealised 49.317510%
2019-06-29 00:01:08,925 INFO Strategy equity is USD 143886.645034 (43.886645%)
2019-06-29 00:01:08,925 INFO State has been saved
2019-06-29 00:01:08,925 INFO Done
2019-06-30 00:00:59,052 INFO Connecting to kraken TEST platform
2019-06-30 00:00:59,055 INFO Connected to kraken using KRAKEN_REST_API
2019-06-30 00:00:59,055 INFO State has been loaded
2019-06-30 00:00:59,793 INFO Running MA-1-21 strategy on KRAKEN for BTC/USD using initial capital of USD 100000.000000 leverage {1: 2, -1: 2}
2019-06-30 00:01:03,949 INFO Stance is 1 from [1, 1, 1, 1, 1]
2019-06-30 00:01:04,700 INFO No trades are needed
2019-06-30 00:01:04,701 INFO Refreshing order book for BTC/USD
2019-06-30 00:01:08,455 INFO The open BUY trade has entry @ 8249.200000 mark @ 11902.000000 unrealised 44.280658%
2019-06-30 00:01:09,234 INFO Strategy equity is USD 139024.829786 (39.024830%)
2019-06-30 00:01:09,236 INFO State has been saved
2019-06-30 00:01:09,236 INFO Done
2019-07-01 00:00:58,099 INFO Connecting to kraken TEST platform
2019-07-01 00:00:58,103 INFO Connected to kraken using KRAKEN_REST_API
2019-07-01 00:00:58,104 INFO State has been loaded
2019-07-01 00:00:58,845 INFO Running MA-1-21 strategy on KRAKEN for BTC/USD using initial capital of USD 100000.000000 leverage {1: 2, -1: 2}
2019-07-01 00:01:03,063 INFO Stance is 1 from [1, 1, 1, 1, 1]
2019-07-01 00:01:03,799 INFO No trades are needed
2019-07-01 00:01:03,799 INFO Refreshing order book for BTC/USD
2019-07-01 00:01:07,593 INFO The open BUY trade has entry @ 8249.200000 mark @ 10772.650000 unrealised 30.590239%
2019-07-01 00:01:08,341 INFO Strategy equity is USD 125810.170218 (25.810170%)
2019-07-01 00:01:08,346 INFO State has been saved
2019-07-01 00:01:08,346 INFO Done
2019-07-02 00:00:58,211 INFO Connecting to kraken TEST platform
2019-07-02 00:00:58,215 INFO Connected to kraken using KRAKEN_REST_API
2019-07-02 00:00:58,215 INFO State has been loaded
2019-07-02 00:00:58,951 INFO Running MA-1-21 strategy on KRAKEN for BTC/USD using initial capital of USD 100000.000000 leverage {1: 2, -1: 2}
2019-07-02 00:01:03,155 INFO Stance is 1 from [1, 1, 1, 1, 1]
2019-07-02 00:01:03,899 INFO No trades are needed
2019-07-02 00:01:03,900 INFO Refreshing order book for BTC/USD
2019-07-02 00:01:07,655 INFO The open BUY trade has entry @ 8249.200000 mark @ 10566.650000 unrealised 28.093027%
2019-07-02 00:01:08,420 INFO Strategy equity is USD 123399.739554 (23.399740%)
2019-07-02 00:01:08,421 INFO State has been saved
2019-07-02 00:01:08,421 INFO Done
2019-07-03 00:01:42,656 INFO Connecting to kraken TEST platform
2019-07-03 00:01:42,658 INFO Connected to kraken using KRAKEN_REST_API
2019-07-03 00:01:42,658 INFO State has been loaded
2019-07-03 00:01:43,411 INFO Running MA-1-21 strategy on KRAKEN for BTC/USD using initial capital of USD 100000.000000 leverage {1: 2, -1: 2}
2019-07-03 00:01:47,585 INFO Stance is 1 from [1, 1, 1, 1, 1]
2019-07-03 00:01:48,349 INFO No trades are needed
2019-07-03 00:01:48,349 INFO Refreshing order book for BTC/USD
2019-07-03 00:01:52,148 INFO The open BUY trade has entry @ 8249.200000 mark @ 10962.000000 unrealised 32.885613%
2019-07-03 00:01:52,916 INFO Strategy equity is USD 128025.777239 (28.025777%)
2019-07-03 00:01:52,917 INFO State has been saved
2019-07-03 00:01:52,917 INFO Done
2019-07-04 00:01:02,213 INFO Connecting to kraken TEST platform
2019-07-04 00:01:02,216 INFO Connected to kraken using KRAKEN_REST_API
2019-07-04 00:01:02,216 INFO State has been loaded
2019-07-04 00:01:02,992 INFO Running MA-1-21 strategy on KRAKEN for BTC/USD using initial capital of USD 100000.000000 leverage {1: 2, -1: 2}
2019-07-04 00:01:07,301 INFO Stance is 1 from [1, 1, 1, 1, 1]
2019-07-04 00:01:08,066 INFO No trades are needed
2019-07-04 00:01:08,066 INFO Refreshing order book for BTC/USD
2019-07-04 00:01:11,817 INFO The open BUY trade has entry @ 8249.200000 mark @ 12021.900000 unrealised 45.734132%
2019-07-04 00:01:12,580 INFO Strategy equity is USD 140427.794042 (40.427794%)
2019-07-04 00:01:12,583 INFO State has been saved
2019-07-04 00:01:12,583 INFO Done
2019-07-05 00:01:20,856 INFO Connecting to kraken TEST platform
2019-07-05 00:01:20,858 INFO Connected to kraken using KRAKEN_REST_API
2019-07-05 00:01:20,858 INFO State has been loaded
2019-07-05 00:01:21,594 INFO Running MA-1-21 strategy on KRAKEN for BTC/USD using initial capital of USD 100000.000000 leverage {1: 2, -1: 2}
2019-07-05 00:01:25,767 INFO Stance is 1 from [1, 1, 1, 1, 1]
2019-07-05 00:01:26,511 INFO No trades are needed
2019-07-05 00:01:26,511 INFO Refreshing order book for BTC/USD
2019-07-05 00:01:30,292 INFO The open BUY trade has entry @ 8249.200000 mark @ 11112.000000 unrealised 34.703971%
2019-07-05 00:01:31,026 INFO Strategy equity is USD 129780.945199 (29.780945%)
2019-07-05 00:01:31,027 INFO State has been saved
2019-07-05 00:01:31,027 INFO Done
2019-07-06 00:01:02,428 INFO Connecting to kraken TEST platform
2019-07-06 00:01:02,432 INFO Connected to kraken using KRAKEN_REST_API
2019-07-06 00:01:02,433 INFO State has been loaded
2019-07-06 00:01:03,202 INFO Running MA-1-21 strategy on KRAKEN for BTC/USD using initial capital of USD 100000.000000 leverage {1: 2, -1: 2}
2019-07-06 00:01:07,473 INFO Stance is 1 from [1, 1, 1, 1, 1]
2019-07-06 00:01:08,210 INFO No trades are needed
2019-07-06 00:01:08,210 INFO Refreshing order book for BTC/USD
2019-07-06 00:01:12,008 INFO The open BUY trade has entry @ 8249.200000 mark @ 11014.550000 unrealised 33.522645%
2019-07-06 00:01:12,752 INFO Strategy equity is USD 128640.671081 (28.640671%)
2019-07-06 00:01:12,753 INFO State has been saved
2019-07-06 00:01:12,753 INFO Done
2019-07-07 00:01:00,949 INFO Connecting to kraken TEST platform
2019-07-07 00:01:00,954 INFO Connected to kraken using KRAKEN_REST_API
2019-07-07 00:01:00,954 INFO State has been loaded
2019-07-07 00:01:01,708 INFO Running MA-1-21 strategy on KRAKEN for BTC/USD using initial capital of USD 100000.000000 leverage {1: 2, -1: 2}
2019-07-07 00:01:05,885 INFO Stance is 1 from [1, 1, 1, 1, 1]
2019-07-07 00:01:06,623 INFO No trades are needed
2019-07-07 00:01:06,623 INFO Refreshing order book for BTC/USD
2019-07-07 00:01:10,401 INFO The open BUY trade has entry @ 8249.200000 mark @ 11184.100000 unrealised 35.577995%
2019-07-07 00:01:11,159 INFO Strategy equity is USD 130624.595932 (30.624596%)
2019-07-07 00:01:11,162 INFO State has been saved
2019-07-07 00:01:11,162 INFO Done
2019-07-08 00:01:15,298 INFO Connecting to kraken TEST platform
2019-07-08 00:01:15,301 INFO Connected to kraken using KRAKEN_REST_API
2019-07-08 00:01:15,301 INFO State has been loaded
2019-07-08 00:01:16,118 INFO Running MA-1-21 strategy on KRAKEN for BTC/USD using initial capital of USD 100000.000000 leverage {1: 2, -1: 2}
2019-07-08 00:01:20,297 INFO Stance is 1 from [1, 1, 1, 1, 1]
2019-07-08 00:01:21,065 INFO No trades are needed
2019-07-08 00:01:21,065 INFO Refreshing order book for BTC/USD
2019-07-08 00:01:24,840 INFO The open BUY trade has entry @ 8249.200000 mark @ 11491.150000 unrealised 39.300175%
2019-07-08 00:01:25,586 INFO Strategy equity is USD 134217.424745 (34.217425%)
2019-07-08 00:01:25,589 INFO State has been saved
2019-07-08 00:01:25,590 INFO Done
