2019-06-13 00:14:19,368 INFO BUY*	90.708045*
2019-06-14 00:02:02,347 INFO BUY	90.708045	89.730258	-1.077950%	-1.577950%	98421.733884	-1578.266116
2019-06-14 00:02:03,731 INFO SELL*	89.730335*
2019-06-14 19:23:22,783 INFO SELL*	89.730335	88.060000	1.896815%*
2019-06-15 00:01:06,569 INFO SELL	89.730335	91.070000	-2.942055%	-3.942055%	96457.612507	-1964.121377
2019-06-15 00:01:12,847 INFO BUY*	91.070000*
2019-06-16 00:01:07,994 INFO BUY*	91.070000	95.375000	4.727133%*
2019-06-17 00:01:15,271 INFO BUY*	91.070000	96.265000	5.704403%*
2019-06-18 00:44:13,840 INFO BUY*	91.070000	98.960000	8.663665%*
2019-06-19 00:01:33,466 INFO BUY*	91.070000	96.495000	5.956956%*
2019-06-20 00:01:33,818 INFO BUY*	91.070000	100.610000	10.475458%*
2019-06-21 00:14:20,465 INFO BUY*	91.070000	105.620000	15.976721%*
2019-06-22 00:01:46,136 INFO BUY*	91.070000	110.135000	20.934446%*
2019-06-23 00:01:42,186 INFO BUY*	91.070000	114.220000	25.420007%*
2019-06-24 00:01:44,861 INFO BUY*	91.070000	114.225000	25.425497%*
2019-06-25 00:01:42,403 INFO BUY*	91.070000	117.725000	29.268694%*
2019-06-26 00:01:43,422 INFO BUY*	91.070000	111.835000	22.801142%*
2019-06-27 00:01:43,767 INFO BUY*	91.070000	103.715000	13.884924%*
2019-06-28 00:02:18,595 INFO BUY	91.070000	94.487396	3.752494%	3.252494%	99589.452616	3131.840109
2019-06-28 00:02:20,827 INFO SELL*	94.488747*
2019-06-29 00:02:11,691 INFO SELL	94.488747	101.280000	-13.410847%	-14.410847%	91930.847784	-7658.604833
2019-06-29 00:02:17,881 INFO BUY*	101.500000*
2019-06-30 00:02:06,681 INFO BUY*	101.500000	99.700000	-1.773399%*
2019-07-01 00:02:15,728 INFO BUY	101.500000	87.970000	-13.330049%	-13.830049%	79219.851389	-12710.996394
2019-07-01 00:02:18,001 INFO SELL*	87.970000*
2019-07-02 00:02:02,011 INFO SELL	87.970000	90.169250	-4.878049%	-5.878049%	76843.976242	-2375.875147
