2019-06-21 00:49:57,614 INFO Connecting to BitMEX TEST platform
2019-06-21 00:49:58,888 INFO Connected to BitMEX using bitmex
2019-06-21 00:49:59,648 INFO State file MA-3x_XBTUSD_BitMEX does not exist creating new one
2019-06-21 00:50:00,411 INFO Running MA-3x strategy on BITMEX for XBTUSD using initial capital of BTC 10.000000 
2019-06-21 00:50:01,406 INFO Stance is 1 from [1, 1, 1, 1, 1]
2019-06-21 00:50:01,406 INFO Refreshing order book for XBTUSD
2019-06-21 00:50:02,798 INFO Placing MARKET order for XBTUSD qty 287752.000000
2019-06-21 00:50:03,597 INFO Filled MARKET order for XBTUSD qty 287752.000000 side buy @ 9592.000000 leverage 3.000000 slippage 0.002606% orderid PAPER_TRADE cost -29.999166
2019-06-21 00:50:04,360 INFO Strategy equity is BTC 10.021717 (0.217175%)
2019-06-21 00:50:04,362 INFO State has been saved
2019-06-21 00:50:04,362 INFO Done
2019-06-22 00:00:29,348 INFO Connecting to BitMEX TEST platform
2019-06-22 00:00:30,945 INFO Connected to BitMEX using bitmex
2019-06-22 00:00:30,945 INFO State has been loaded
2019-06-22 00:00:31,711 INFO Running MA-3x strategy on BITMEX for XBTUSD using initial capital of BTC 10.000000 
2019-06-22 00:00:32,747 INFO Stance is 1 from [1, 1, 1, 1, 1]
2019-06-22 00:00:33,514 INFO No trades are needed
2019-06-22 00:00:33,515 INFO Refreshing order book for XBTUSD
2019-06-22 00:00:35,095 INFO The open BUY trade has entry @ 9592.000000 mark @ 10258.750000 unrealised 20.853315%
2019-06-22 00:00:35,858 INFO Strategy equity is BTC 11.972244 (19.722441%)
2019-06-22 00:00:35,860 INFO State has been saved
2019-06-22 00:00:35,860 INFO Done
2019-06-23 00:00:28,096 INFO Connecting to BitMEX TEST platform
2019-06-23 00:00:29,415 INFO Connected to BitMEX using bitmex
2019-06-23 00:00:29,415 INFO State has been loaded
2019-06-23 00:00:30,185 INFO Running MA-3x strategy on BITMEX for XBTUSD using initial capital of BTC 10.000000 
2019-06-23 00:00:31,155 INFO Stance is 1 from [1, 1, 1, 1, 1]
2019-06-23 00:00:31,914 INFO No trades are needed
2019-06-23 00:00:31,914 INFO Refreshing order book for XBTUSD
2019-06-23 00:00:33,357 INFO The open BUY trade has entry @ 9592.000000 mark @ 10685.250000 unrealised 34.192556%
2019-06-23 00:00:34,130 INFO Strategy equity is BTC 13.091832 (30.918322%)
2019-06-23 00:00:34,131 INFO State has been saved
2019-06-23 00:00:34,131 INFO Done
2019-06-24 00:00:27,736 INFO Connecting to BitMEX TEST platform
2019-06-24 00:00:29,083 INFO Connected to BitMEX using bitmex
2019-06-24 00:00:29,084 INFO State has been loaded
2019-06-24 00:00:29,978 INFO Running MA-3x strategy on BITMEX for XBTUSD using initial capital of BTC 10.000000 
2019-06-24 00:00:30,956 INFO Stance is 1 from [1, 1, 1, 1, 1]
2019-06-24 00:00:31,717 INFO No trades are needed
2019-06-24 00:00:31,717 INFO Refreshing order book for XBTUSD
2019-06-24 00:00:33,790 INFO The open BUY trade has entry @ 9592.000000 mark @ 10825.750000 unrealised 38.586843%
2019-06-24 00:00:34,558 INFO Strategy equity is BTC 13.441336 (34.413360%)
2019-06-24 00:00:34,559 INFO State has been saved
2019-06-24 00:00:34,559 INFO Done
2019-06-25 00:00:28,037 INFO Connecting to BitMEX TEST platform
2019-06-25 00:00:29,375 INFO Connected to BitMEX using bitmex
2019-06-25 00:00:29,375 INFO State has been loaded
2019-06-25 00:00:30,157 INFO Running MA-3x strategy on BITMEX for XBTUSD using initial capital of BTC 10.000000 
2019-06-25 00:00:31,169 INFO Stance is 1 from [1, 1, 1, 1, 1]
2019-06-25 00:00:32,034 INFO No trades are needed
2019-06-25 00:00:32,034 INFO Refreshing order book for XBTUSD
2019-06-25 00:00:33,742 INFO The open BUY trade has entry @ 9592.000000 mark @ 11050.250000 unrealised 45.608319%
2019-06-25 00:00:34,532 INFO Strategy equity is BTC 13.981350 (39.813495%)
2019-06-25 00:00:34,533 INFO State has been saved
2019-06-25 00:00:34,533 INFO Done
2019-06-26 00:00:29,324 INFO Connecting to BitMEX TEST platform
2019-06-26 00:00:30,639 INFO Connected to BitMEX using bitmex
2019-06-26 00:00:30,639 INFO State has been loaded
2019-06-26 00:00:31,422 INFO Running MA-3x strategy on BITMEX for XBTUSD using initial capital of BTC 10.000000 
2019-06-26 00:00:32,403 INFO Stance is 1 from [1, 1, 1, 1, 1]
2019-06-26 00:00:33,183 INFO No trades are needed
2019-06-26 00:00:33,183 INFO Refreshing order book for XBTUSD
2019-06-26 00:00:34,700 INFO The open BUY trade has entry @ 9592.000000 mark @ 11750.250000 unrealised 67.501564%
2019-06-26 00:00:35,492 INFO Strategy equity is BTC 15.532654 (55.326545%)
2019-06-26 00:00:35,493 INFO State has been saved
2019-06-26 00:00:35,493 INFO Done
2019-06-27 00:00:28,555 INFO Connecting to BitMEX TEST platform
2019-06-27 00:00:29,875 INFO Connected to BitMEX using bitmex
2019-06-27 00:00:29,875 INFO State has been loaded
2019-06-27 00:00:30,641 INFO Running MA-3x strategy on BITMEX for XBTUSD using initial capital of BTC 10.000000 leverage {1: 3, -1: 3}
2019-06-27 00:00:31,607 INFO Stance is 1 from [1, 1, 1, 1, 1]
2019-06-27 00:00:32,362 INFO No trades are needed
2019-06-27 00:00:32,362 INFO Refreshing order book for XBTUSD
2019-06-27 00:00:34,348 INFO The open BUY trade has entry @ 9592.000000 mark @ 12900.250000 unrealised 103.469037%
2019-06-27 00:00:35,090 INFO Strategy equity is BTC 17.715741 (77.157410%)
2019-06-27 00:00:35,091 INFO State has been saved
2019-06-27 00:00:35,091 INFO Done
2019-06-28 00:00:52,758 INFO Connecting to BitMEX TEST platform
2019-06-28 00:00:54,076 INFO Connected to BitMEX using bitmex
2019-06-28 00:00:54,077 INFO State has been loaded
2019-06-28 00:00:54,824 INFO Running MA-3x strategy on BITMEX for XBTUSD using initial capital of BTC 10.000000 leverage {1: 3, -1: 3}
2019-06-28 00:00:55,860 INFO Stance is 1 from [1, 1, 1, 1, 1]
2019-06-28 00:00:56,599 INFO No trades are needed
2019-06-28 00:00:56,600 INFO Refreshing order book for XBTUSD
2019-06-28 00:00:58,530 INFO The open BUY trade has entry @ 9592.000000 mark @ 11126.250000 unrealised 47.985300%
2019-06-28 00:00:59,293 INFO Strategy equity is BTC 14.159223 (41.592229%)
2019-06-28 00:00:59,294 INFO State has been saved
2019-06-28 00:00:59,294 INFO Done
2019-06-29 00:00:51,295 INFO Connecting to BitMEX TEST platform
2019-06-29 00:00:52,628 INFO Connected to BitMEX using bitmex
2019-06-29 00:00:52,628 INFO State has been loaded
2019-06-29 00:00:53,363 INFO Running MA-3x strategy on BITMEX for XBTUSD using initial capital of BTC 10.000000 leverage {1: 3, -1: 3}
2019-06-29 00:00:54,482 INFO Stance is 1 from [1, 1, 1, 1, 1]
2019-06-29 00:00:55,236 INFO No trades are needed
2019-06-29 00:00:55,236 INFO Refreshing order book for XBTUSD
2019-06-29 00:00:57,256 INFO The open BUY trade has entry @ 9592.000000 mark @ 12335.250000 unrealised 85.798061%
2019-06-29 00:00:57,999 INFO Strategy equity is BTC 16.694047 (66.940473%)
2019-06-29 00:00:58,000 INFO State has been saved
2019-06-29 00:00:58,000 INFO Done
2019-06-30 00:00:51,714 INFO Connecting to BitMEX TEST platform
2019-06-30 00:00:53,000 INFO Connected to BitMEX using bitmex
2019-06-30 00:00:53,001 INFO State has been loaded
2019-06-30 00:00:53,746 INFO Running MA-3x strategy on BITMEX for XBTUSD using initial capital of BTC 10.000000 leverage {1: 3, -1: 3}
2019-06-30 00:00:55,150 INFO Stance is 1 from [1, 1, 1, 1, 1]
2019-06-30 00:00:55,898 INFO No trades are needed
2019-06-30 00:00:55,901 INFO Refreshing order book for XBTUSD
2019-06-30 00:00:57,557 INFO The open BUY trade has entry @ 9592.000000 mark @ 11909.750000 unrealised 72.490096%
2019-06-30 00:00:58,303 INFO Strategy equity is BTC 15.860621 (58.606208%)
2019-06-30 00:00:58,304 INFO State has been saved
2019-06-30 00:00:58,304 INFO Done
2019-07-01 00:00:51,114 INFO Connecting to BitMEX TEST platform
2019-07-01 00:00:52,406 INFO Connected to BitMEX using bitmex
2019-07-01 00:00:52,406 INFO State has been loaded
2019-07-01 00:00:53,163 INFO Running MA-3x strategy on BITMEX for XBTUSD using initial capital of BTC 10.000000 leverage {1: 3, -1: 3}
2019-07-01 00:00:54,293 INFO Stance is 1 from [1, 1, 1, 1, 1]
2019-07-01 00:00:55,046 INFO No trades are needed
2019-07-01 00:00:55,046 INFO Refreshing order book for XBTUSD
2019-07-01 00:00:56,561 INFO The open BUY trade has entry @ 9592.000000 mark @ 10764.250000 unrealised 36.663365%
2019-07-01 00:00:57,328 INFO Strategy equity is BTC 13.289473 (32.894731%)
2019-07-01 00:00:57,329 INFO State has been saved
2019-07-01 00:00:57,330 INFO Done
2019-07-02 00:00:51,381 INFO Connecting to BitMEX TEST platform
2019-07-02 00:00:52,674 INFO Connected to BitMEX using bitmex
2019-07-02 00:00:52,674 INFO State has been loaded
2019-07-02 00:00:53,439 INFO Running MA-3x strategy on BITMEX for XBTUSD using initial capital of BTC 10.000000 leverage {1: 3, -1: 3}
2019-07-02 00:00:54,395 INFO Stance is 1 from [1, 1, 1, 1, 1]
2019-07-02 00:00:55,151 INFO No trades are needed
2019-07-02 00:00:55,151 INFO Refreshing order book for XBTUSD
2019-07-02 00:00:56,636 INFO The open BUY trade has entry @ 9592.000000 mark @ 10562.250000 unrealised 30.345601%
2019-07-02 00:00:57,451 INFO Strategy equity is BTC 12.778228 (27.782276%)
2019-07-02 00:00:57,452 INFO State has been saved
2019-07-02 00:00:57,452 INFO Done
2019-07-03 00:01:35,363 INFO Connecting to BitMEX TEST platform
2019-07-03 00:01:36,629 INFO Connected to BitMEX using bitmex
2019-07-03 00:01:36,630 INFO State has been loaded
2019-07-03 00:01:37,406 INFO Running MA-3x strategy on BITMEX for XBTUSD using initial capital of BTC 10.000000 leverage {1: 3, -1: 3}
2019-07-03 00:01:38,797 INFO Stance is 1 from [1, 1, 1, 1, 1]
2019-07-03 00:01:39,583 INFO No trades are needed
2019-07-03 00:01:39,584 INFO Refreshing order book for XBTUSD
2019-07-03 00:01:41,060 INFO The open BUY trade has entry @ 9592.000000 mark @ 10976.750000 unrealised 43.309529%
2019-07-03 00:01:41,863 INFO Strategy equity is BTC 13.806984 (38.069843%)
2019-07-03 00:01:41,863 INFO State has been saved
2019-07-03 00:01:41,863 INFO Done
2019-07-04 00:00:54,932 INFO Connecting to BitMEX TEST platform
2019-07-04 00:00:56,563 INFO Connected to BitMEX using bitmex
2019-07-04 00:00:56,564 INFO State has been loaded
2019-07-04 00:00:57,339 INFO Running MA-3x strategy on BITMEX for XBTUSD using initial capital of BTC 10.000000 leverage {1: 3, -1: 3}
2019-07-04 00:00:58,287 INFO Stance is 1 from [1, 1, 1, 1, 1]
2019-07-04 00:00:59,063 INFO No trades are needed
2019-07-04 00:00:59,064 INFO Refreshing order book for XBTUSD
2019-07-04 00:01:00,697 INFO The open BUY trade has entry @ 9592.000000 mark @ 12029.750000 unrealised 76.243224%
2019-07-04 00:01:01,458 INFO Strategy equity is BTC 16.101634 (61.016338%)
2019-07-04 00:01:01,459 INFO State has been saved
2019-07-04 00:01:01,459 INFO Done
2019-07-05 00:01:13,454 INFO Connecting to BitMEX TEST platform
2019-07-05 00:01:14,751 INFO Connected to BitMEX using bitmex
2019-07-05 00:01:14,751 INFO State has been loaded
2019-07-05 00:01:15,499 INFO Running MA-3x strategy on BITMEX for XBTUSD using initial capital of BTC 10.000000 leverage {1: 3, -1: 3}
2019-07-05 00:01:17,174 INFO Stance is 1 from [1, 1, 1, 1, 1]
2019-07-05 00:01:17,954 INFO No trades are needed
2019-07-05 00:01:17,954 INFO Refreshing order book for XBTUSD
2019-07-05 00:01:19,335 INFO The open BUY trade has entry @ 9592.000000 mark @ 11124.750000 unrealised 47.938386%
2019-07-05 00:01:20,102 INFO Strategy equity is BTC 14.155736 (41.557358%)
2019-07-05 00:01:20,103 INFO State has been saved
2019-07-05 00:01:20,103 INFO Done
2019-07-06 00:00:54,868 INFO Connecting to BitMEX TEST platform
2019-07-06 00:00:56,151 INFO Connected to BitMEX using bitmex
2019-07-06 00:00:56,152 INFO State has been loaded
2019-07-06 00:00:56,908 INFO Running MA-3x strategy on BITMEX for XBTUSD using initial capital of BTC 10.000000 leverage {1: 3, -1: 3}
2019-07-06 00:00:58,721 INFO Stance is 1 from [1, 1, 1, 1, 1]
2019-07-06 00:00:59,454 INFO No trades are needed
2019-07-06 00:00:59,455 INFO Refreshing order book for XBTUSD
2019-07-06 00:01:00,896 INFO The open BUY trade has entry @ 9592.000000 mark @ 11029.750000 unrealised 44.967160%
2019-07-06 00:01:01,662 INFO Strategy equity is BTC 13.932951 (39.329507%)
2019-07-06 00:01:01,662 INFO State has been saved
2019-07-06 00:01:01,662 INFO Done
2019-07-07 00:00:53,491 INFO Connecting to BitMEX TEST platform
2019-07-07 00:00:54,797 INFO Connected to BitMEX using bitmex
2019-07-07 00:00:54,797 INFO State has been loaded
2019-07-07 00:00:55,546 INFO Running MA-3x strategy on BITMEX for XBTUSD using initial capital of BTC 10.000000 leverage {1: 3, -1: 3}
2019-07-07 00:00:56,512 INFO Stance is 1 from [1, 1, 1, 1, 1]
2019-07-07 00:00:57,256 INFO No trades are needed
2019-07-07 00:00:57,256 INFO Refreshing order book for XBTUSD
2019-07-07 00:00:59,455 INFO The open BUY trade has entry @ 9592.000000 mark @ 11189.250000 unrealised 49.955692%
2019-07-07 00:01:00,211 INFO Strategy equity is BTC 14.304839 (43.048389%)
2019-07-07 00:01:00,212 INFO State has been saved
2019-07-07 00:01:00,213 INFO Done
2019-07-08 00:01:08,394 INFO Connecting to BitMEX TEST platform
2019-07-08 00:01:09,694 INFO Connected to BitMEX using bitmex
2019-07-08 00:01:09,695 INFO State has been loaded
2019-07-08 00:01:10,458 INFO Running MA-3x strategy on BITMEX for XBTUSD using initial capital of BTC 10.000000 leverage {1: 3, -1: 3}
2019-07-08 00:01:11,507 INFO Stance is 1 from [1, 1, 1, 1, 1]
2019-07-08 00:01:12,262 INFO No trades are needed
2019-07-08 00:01:12,271 INFO Refreshing order book for XBTUSD
2019-07-08 00:01:13,773 INFO The open BUY trade has entry @ 9592.000000 mark @ 11483.750000 unrealised 59.166493%
2019-07-08 00:01:14,526 INFO Strategy equity is BTC 14.964345 (49.643452%)
2019-07-08 00:01:14,527 INFO State has been saved
2019-07-08 00:01:14,527 INFO Done
