2019-06-15 00:01:23,909 INFO BUY*	421.700000*
2019-06-16 00:01:18,911 INFO BUY*	421.700000	423.200000	0.355703%*
2019-06-17 00:01:26,193 INFO BUY*	421.700000	427.750000	1.434669%*
2019-06-18 00:44:25,818 INFO BUY*	421.700000	428.600000	1.636234%*
2019-06-19 00:01:44,519 INFO BUY*	421.700000	414.250000	-1.766659%*
2019-06-20 00:01:44,781 INFO BUY*	421.700000	416.350000	-1.268674%*
2019-06-21 00:14:31,582 INFO BUY*	421.700000	415.200000	-1.541380%*
2019-06-22 00:01:57,211 INFO BUY*	421.700000	439.600000	4.244724%*
2019-06-23 00:01:53,188 INFO BUY*	421.700000	478.450000	13.457434%*
2019-06-24 00:01:55,889 INFO BUY*	421.700000	471.450000	11.797486%*
2019-06-25 00:01:53,315 INFO BUY*	421.700000	477.850000	13.315153%*
2019-06-26 00:01:54,536 INFO BUY*	421.700000	476.150000	12.912023%*
2019-06-27 00:01:54,688 INFO BUY*	421.700000	481.100000	14.085843%*
2019-06-28 00:03:04,616 INFO BUY	421.700000	408.700000	-3.082760%	-3.582760%	96422.825958	-3577.174042
2019-06-28 00:03:06,826 INFO SELL*	408.700000*
2019-06-29 00:02:23,986 INFO SELL	408.700000	433.100000	-11.267606%	-12.267606%	90174.320358	-6248.505600
2019-06-29 00:02:30,465 INFO BUY*	433.200000*
2019-06-30 00:02:17,537 INFO BUY*	433.200000	440.600000	1.708218%*
2019-07-01 00:03:02,739 INFO BUY	433.200000	399.200000	-7.848569%	-8.348569%	82662.014532	-7512.305825
2019-07-01 00:03:05,030 INFO SELL*	399.200000*
2019-07-02 00:02:13,746 INFO SELL	399.200000	409.180000	-4.878049%	-5.878049%	80178.232101	-2483.782432
