2019-06-08 00:02:03,946 INFO Connecting to binance TEST platform
2019-06-08 00:02:03,949 INFO Connected to binance using BINANCE_REST_API
2019-06-08 00:02:04,423 INFO State file MA-1-21_BTC_USDT_binance does not exist creating new one
2019-06-08 00:02:04,893 INFO Running MA-1-21 strategy on BINANCE for BTC/USDT using initial capital of USD 100000.000000 
2019-06-08 00:02:06,279 INFO Stance is -1 from [-1, -1, -1, -1, -1]
2019-06-08 00:02:09,869 INFO Strategy signal needed to trade, aborting...
2019-06-08 00:02:09,869 INFO Refreshing order book for BTC/USDT
2019-06-08 00:02:11,295 INFO Strategy equity is USD 100000.000000 (0.000000%)
2019-06-08 00:02:11,296 INFO State has been saved
2019-06-09 00:01:57,931 INFO Connecting to binance TEST platform
2019-06-09 00:01:57,933 INFO Connected to binance using BINANCE_REST_API
2019-06-09 00:01:57,933 INFO State has been loaded
2019-06-09 00:01:58,406 INFO Running MA-1-21 strategy on BINANCE for BTC/USDT using initial capital of USD 100000.000000 
2019-06-09 00:02:00,446 INFO Stance is -1 from [-1, -1, -1, -1, -1]
2019-06-09 00:02:00,930 INFO Full strategy signal needed before first trade
2019-06-09 00:02:00,930 INFO Refreshing order book for BTC/USDT
2019-06-09 00:02:02,062 INFO Strategy equity is USD 100000.000000 (0.000000%)
2019-06-09 00:02:02,063 INFO State has been saved
2019-06-10 00:02:02,608 INFO Connecting to binance TEST platform
2019-06-10 00:02:02,611 INFO Connected to binance using BINANCE_REST_API
2019-06-10 00:02:02,611 INFO State has been loaded
2019-06-10 00:02:03,097 INFO Running MA-1-21 strategy on BINANCE for BTC/USDT using initial capital of USD 100000.000000 
2019-06-10 00:02:04,510 INFO Stance is -1 from [-1, -1, -1, -1, -1]
2019-06-10 00:02:04,980 INFO Full strategy signal needed before first trade
2019-06-10 00:02:04,980 INFO Refreshing order book for BTC/USDT
2019-06-10 00:02:06,113 INFO Strategy equity is USD 100000.000000 (0.000000%)
2019-06-10 00:02:06,113 INFO State has been saved
2019-06-11 00:02:02,728 INFO Connecting to binance TEST platform
2019-06-11 00:02:02,731 INFO Connected to binance using BINANCE_REST_API
2019-06-11 00:02:02,731 INFO State has been loaded
2019-06-11 00:02:03,214 INFO Running MA-1-21 strategy on BINANCE for BTC/USDT using initial capital of USD 100000.000000 
2019-06-11 00:02:04,612 INFO Stance is -1 from [-1, -1, -1, -1, -1]
2019-06-11 00:02:05,095 INFO Full strategy signal needed before first trade
2019-06-11 00:02:05,095 INFO Refreshing order book for BTC/USDT
2019-06-11 00:02:06,336 INFO Strategy equity is USD 100000.000000 (0.000000%)
2019-06-11 00:02:06,336 INFO State has been saved
2019-06-12 00:01:58,435 INFO Connecting to binance TEST platform
2019-06-12 00:01:58,437 INFO Connected to binance using BINANCE_REST_API
2019-06-12 00:01:58,437 INFO State has been loaded
2019-06-12 00:01:58,928 INFO Running MA-1-21 strategy on BINANCE for BTC/USDT using initial capital of USD 100000.000000 
2019-06-12 00:02:00,361 INFO Stance is -1 from [-1, -1, -1, -1, -1]
2019-06-12 00:02:00,871 INFO Full strategy signal needed before first trade
2019-06-12 00:02:00,871 INFO Refreshing order book for BTC/USDT
2019-06-12 00:02:02,026 INFO Strategy equity is USD 100000.000000 (0.000000%)
2019-06-12 00:02:02,026 INFO State has been saved
2019-06-13 00:14:29,348 INFO Connecting to binance TEST platform
2019-06-13 00:14:29,350 INFO Connected to binance using BINANCE_REST_API
2019-06-13 00:14:29,350 INFO State has been loaded
2019-06-13 00:14:29,830 INFO Running MA-1-21 strategy on BINANCE for BTC/USDT using initial capital of USD 100000.000000 
2019-06-13 00:14:31,340 INFO Stance is -1 from [-1, -1, -1, -1, -1]
2019-06-13 00:14:31,805 INFO Full strategy signal needed before first trade
2019-06-13 00:14:31,805 INFO Refreshing order book for BTC/USDT
2019-06-13 00:14:32,939 INFO Strategy equity is USD 100000.000000 (0.000000%)
2019-06-13 00:14:32,939 INFO State has been saved
2019-06-14 00:02:17,133 INFO Connecting to binance TEST platform
2019-06-14 00:02:17,135 INFO Connected to binance using BINANCE_REST_API
2019-06-14 00:02:17,135 INFO State has been loaded
2019-06-14 00:02:17,601 INFO Running MA-1-21 strategy on BINANCE for BTC/USDT using initial capital of USD 100000.000000 
2019-06-14 00:02:19,716 INFO Stance is 1 from [-1, -1, -1, -1, 1]
2019-06-14 00:02:19,716 INFO Refreshing order book for BTC/USDT
2019-06-14 00:02:55,432 INFO Placing MARKET order for BTC/USDT qty 12.144154
2019-06-14 00:02:56,274 INFO Filled MARKET order for BTC/USDT qty 12.144154 side buy @ 8234.950000 leverage 1.000000 slippage 0.006497% orderid PAPER_TRADE cost 100006.497122
2019-06-14 00:02:56,781 INFO Strategy equity is USD 99743.486635 (-0.256513%)
2019-06-14 00:02:56,782 INFO State has been saved
2019-06-14 00:02:56,782 INFO Done
2019-06-14 19:23:39,002 INFO Connecting to binance TEST platform
2019-06-14 19:23:39,005 INFO Connected to binance using BINANCE_REST_API
2019-06-14 19:23:39,006 INFO State has been loaded
2019-06-14 19:23:39,994 INFO Running MA-1-21 strategy on BINANCE for BTC/USDT using initial capital of USD 100000.000000 
2019-06-14 19:23:41,996 INFO Stance is 1 from [-1, -1, -1, -1, 1]
2019-06-14 19:23:42,969 INFO No trades are needed
2019-06-14 19:23:42,969 INFO Refreshing order book for BTC/USDT
2019-06-14 19:23:44,557 INFO The open BUY trade has entry @ 8234.950000 mark @ 8417.095000 unrealised 2.211853%
2019-06-14 19:23:45,504 INFO Strategy equity is USD 101961.980602 (1.961981%)
2019-06-14 19:23:45,505 INFO State has been saved
2019-06-14 19:23:45,505 INFO Done
2019-06-15 00:01:25,489 INFO Connecting to binance TEST platform
2019-06-15 00:01:25,493 INFO Connected to binance using BINANCE_REST_API
2019-06-15 00:01:25,494 INFO State has been loaded
2019-06-15 00:01:26,290 INFO Running MA-1-21 strategy on BINANCE for BTC/USDT using initial capital of USD 100000.000000 
2019-06-15 00:01:27,963 INFO Stance is 1 from [-1, -1, -1, 1, 1]
2019-06-15 00:01:28,754 INFO No trades are needed
2019-06-15 00:01:28,754 INFO Refreshing order book for BTC/USDT
2019-06-15 00:01:30,180 INFO The open BUY trade has entry @ 8234.950000 mark @ 8654.500000 unrealised 5.094749%
2019-06-15 00:01:30,976 INFO Strategy equity is USD 104845.063371 (4.845063%)
2019-06-15 00:01:30,977 INFO State has been saved
2019-06-15 00:01:30,977 INFO Done
2019-06-16 00:01:21,215 INFO Connecting to binance TEST platform
2019-06-16 00:01:21,219 INFO Connected to binance using BINANCE_REST_API
2019-06-16 00:01:21,220 INFO State has been loaded
2019-06-16 00:01:21,999 INFO Running MA-1-21 strategy on BINANCE for BTC/USDT using initial capital of USD 100000.000000 
2019-06-16 00:01:23,667 INFO Stance is 1 from [-1, -1, 1, 1, 1]
2019-06-16 00:01:24,458 INFO No trades are needed
2019-06-16 00:01:24,458 INFO Refreshing order book for BTC/USDT
2019-06-16 00:01:25,865 INFO The open BUY trade has entry @ 8234.950000 mark @ 8812.415000 unrealised 7.012368%
2019-06-16 00:01:26,661 INFO Strategy equity is USD 106762.807376 (6.762807%)
2019-06-16 00:01:26,662 INFO State has been saved
2019-06-16 00:01:26,662 INFO Done
2019-06-17 00:01:28,538 INFO Connecting to binance TEST platform
2019-06-17 00:01:28,542 INFO Connected to binance using BINANCE_REST_API
2019-06-17 00:01:28,543 INFO State has been loaded
2019-06-17 00:01:29,302 INFO Running MA-1-21 strategy on BINANCE for BTC/USDT using initial capital of USD 100000.000000 
2019-06-17 00:01:30,922 INFO Stance is 1 from [-1, 1, 1, 1, 1]
2019-06-17 00:01:31,703 INFO No trades are needed
2019-06-17 00:01:31,703 INFO Refreshing order book for BTC/USDT
2019-06-17 00:01:33,114 INFO The open BUY trade has entry @ 8234.950000 mark @ 8980.850000 unrealised 9.057736%
2019-06-17 00:01:33,883 INFO Strategy equity is USD 108808.307876 (8.808308%)
2019-06-17 00:01:33,884 INFO State has been saved
2019-06-17 00:01:33,884 INFO Done
2019-06-18 00:44:28,188 INFO Connecting to binance TEST platform
2019-06-18 00:44:28,192 INFO Connected to binance using BINANCE_REST_API
2019-06-18 00:44:28,193 INFO State has been loaded
2019-06-18 00:44:28,984 INFO Running MA-1-21 strategy on BINANCE for BTC/USDT using initial capital of USD 100000.000000 
2019-06-18 00:44:30,596 INFO Stance is 1 from [1, 1, 1, 1, 1]
2019-06-18 00:44:31,358 INFO No trades are needed
2019-06-18 00:44:31,359 INFO Refreshing order book for BTC/USDT
2019-06-18 00:44:32,775 INFO The open BUY trade has entry @ 8234.950000 mark @ 9279.070000 unrealised 12.679130%
2019-06-18 00:44:33,542 INFO Strategy equity is USD 112429.937342 (12.429937%)
2019-06-18 00:44:33,543 INFO State has been saved
2019-06-18 00:44:33,543 INFO Done
2019-06-19 00:01:46,887 INFO Connecting to binance TEST platform
2019-06-19 00:01:46,892 INFO Connected to binance using BINANCE_REST_API
2019-06-19 00:01:46,892 INFO State has been loaded
2019-06-19 00:01:47,681 INFO Running MA-1-21 strategy on BINANCE for BTC/USDT using initial capital of USD 100000.000000 
2019-06-19 00:01:49,482 INFO Stance is 1 from [1, 1, 1, 1, 1]
2019-06-19 00:01:50,257 INFO No trades are needed
2019-06-19 00:01:50,257 INFO Refreshing order book for BTC/USDT
2019-06-19 00:01:51,733 INFO The open BUY trade has entry @ 8234.950000 mark @ 9099.955000 unrealised 10.504071%
2019-06-19 00:01:52,519 INFO Strategy equity is USD 110254.737282 (10.254737%)
2019-06-19 00:01:52,520 INFO State has been saved
2019-06-19 00:01:52,520 INFO Done
2019-06-20 00:01:47,099 INFO Connecting to binance TEST platform
2019-06-20 00:01:47,102 INFO Connected to binance using BINANCE_REST_API
2019-06-20 00:01:47,102 INFO State has been loaded
2019-06-20 00:01:47,858 INFO Running MA-1-21 strategy on BINANCE for BTC/USDT using initial capital of USD 100000.000000 
2019-06-20 00:01:49,545 INFO Stance is 1 from [1, 1, 1, 1, 1]
2019-06-20 00:01:50,324 INFO No trades are needed
2019-06-20 00:01:50,324 INFO Refreshing order book for BTC/USDT
2019-06-20 00:01:51,707 INFO The open BUY trade has entry @ 8234.950000 mark @ 9272.635000 unrealised 12.600987%
2019-06-20 00:01:52,505 INFO Strategy equity is USD 112351.789714 (12.351790%)
2019-06-20 00:01:52,509 INFO State has been saved
2019-06-20 00:01:52,509 INFO Done
2019-06-21 00:14:33,912 INFO Connecting to binance TEST platform
2019-06-21 00:14:33,916 INFO Connected to binance using BINANCE_REST_API
2019-06-21 00:14:33,916 INFO State has been loaded
2019-06-21 00:14:34,705 INFO Running MA-1-21 strategy on BINANCE for BTC/USDT using initial capital of USD 100000.000000 
2019-06-21 00:14:36,393 INFO Stance is 1 from [1, 1, 1, 1, 1]
2019-06-21 00:14:40,293 INFO No trades are needed
2019-06-21 00:14:40,293 INFO Refreshing order book for BTC/USDT
2019-06-21 00:14:41,675 INFO The open BUY trade has entry @ 8234.950000 mark @ 9540.885000 unrealised 15.858445%
2019-06-21 00:14:42,439 INFO Strategy equity is USD 115609.458899 (15.609459%)
2019-06-21 00:14:42,440 INFO State has been saved
2019-06-21 00:14:42,440 INFO Done
2019-06-22 00:01:59,488 INFO Connecting to binance TEST platform
2019-06-22 00:01:59,491 INFO Connected to binance using BINANCE_REST_API
2019-06-22 00:01:59,491 INFO State has been loaded
2019-06-22 00:02:00,271 INFO Running MA-1-21 strategy on BINANCE for BTC/USDT using initial capital of USD 100000.000000 
2019-06-22 00:02:01,977 INFO Stance is 1 from [1, 1, 1, 1, 1]
2019-06-22 00:02:02,743 INFO No trades are needed
2019-06-22 00:02:02,744 INFO Refreshing order book for BTC/USDT
2019-06-22 00:02:04,131 INFO The open BUY trade has entry @ 8234.950000 mark @ 10123.205000 unrealised 22.929769%
2019-06-22 00:02:32,003 INFO Strategy equity is USD 122681.242383 (22.681242%)
2019-06-22 00:02:32,004 INFO State has been saved
2019-06-22 00:02:32,005 INFO Done
2019-06-23 00:01:55,497 INFO Connecting to binance TEST platform
2019-06-23 00:01:55,499 INFO Connected to binance using BINANCE_REST_API
2019-06-23 00:01:55,500 INFO State has been loaded
2019-06-23 00:01:56,277 INFO Running MA-1-21 strategy on BINANCE for BTC/USDT using initial capital of USD 100000.000000 
2019-06-23 00:01:57,978 INFO Stance is 1 from [1, 1, 1, 1, 1]
2019-06-23 00:01:58,750 INFO No trades are needed
2019-06-23 00:01:58,750 INFO Refreshing order book for BTC/USDT
2019-06-23 00:02:00,132 INFO The open BUY trade has entry @ 8234.950000 mark @ 10713.450000 unrealised 30.097329%
2019-06-23 00:02:28,029 INFO Strategy equity is USD 129849.268284 (29.849268%)
2019-06-23 00:02:28,030 INFO State has been saved
2019-06-23 00:02:28,030 INFO Done
2019-06-24 00:01:58,314 INFO Connecting to binance TEST platform
2019-06-24 00:01:58,316 INFO Connected to binance using BINANCE_REST_API
2019-06-24 00:01:58,317 INFO State has been loaded
2019-06-24 00:01:59,094 INFO Running MA-1-21 strategy on BINANCE for BTC/USDT using initial capital of USD 100000.000000 
2019-06-24 00:02:00,840 INFO Stance is 1 from [1, 1, 1, 1, 1]
2019-06-24 00:02:01,619 INFO No trades are needed
2019-06-24 00:02:01,619 INFO Refreshing order book for BTC/USDT
2019-06-24 00:02:03,015 INFO The open BUY trade has entry @ 8234.950000 mark @ 10850.560000 unrealised 31.762306%
2019-06-24 00:02:29,910 INFO Strategy equity is USD 131514.353175 (31.514353%)
2019-06-24 00:02:29,911 INFO State has been saved
2019-06-24 00:02:29,911 INFO Done
2019-06-25 00:01:55,601 INFO Connecting to binance TEST platform
2019-06-25 00:01:55,606 INFO Connected to binance using BINANCE_REST_API
2019-06-25 00:01:55,606 INFO State has been loaded
2019-06-25 00:01:56,373 INFO Running MA-1-21 strategy on BINANCE for BTC/USDT using initial capital of USD 100000.000000 
2019-06-25 00:01:58,057 INFO Stance is 1 from [1, 1, 1, 1, 1]
2019-06-25 00:01:58,818 INFO No trades are needed
2019-06-25 00:01:58,818 INFO Refreshing order book for BTC/USDT
2019-06-25 00:02:00,219 INFO The open BUY trade has entry @ 8234.950000 mark @ 11063.910000 unrealised 34.353093%
2019-06-25 00:02:28,114 INFO Strategy equity is USD 134105.308331 (34.105308%)
2019-06-25 00:02:28,115 INFO State has been saved
2019-06-25 00:02:28,115 INFO Done
2019-06-26 00:01:56,897 INFO Connecting to binance TEST platform
2019-06-26 00:01:56,899 INFO Connected to binance using BINANCE_REST_API
2019-06-26 00:01:56,899 INFO State has been loaded
2019-06-26 00:01:57,683 INFO Running MA-1-21 strategy on BINANCE for BTC/USDT using initial capital of USD 100000.000000 
2019-06-26 00:01:59,417 INFO Stance is 1 from [1, 1, 1, 1, 1]
2019-06-26 00:02:03,317 INFO No trades are needed
2019-06-26 00:02:03,318 INFO Refreshing order book for BTC/USDT
2019-06-26 00:02:04,705 INFO The open BUY trade has entry @ 8234.950000 mark @ 11775.610000 unrealised 42.995525%
2019-06-26 00:02:31,730 INFO Strategy equity is USD 142748.302399 (42.748302%)
2019-06-26 00:02:31,731 INFO State has been saved
2019-06-26 00:02:31,731 INFO Done
2019-06-27 00:01:56,933 INFO Connecting to binance TEST platform
2019-06-27 00:01:56,935 INFO Connected to binance using BINANCE_REST_API
2019-06-27 00:01:56,935 INFO State has been loaded
2019-06-27 00:01:57,680 INFO Running MA-1-21 strategy on BINANCE for BTC/USDT using initial capital of USD 100000.000000 leverage {1: 1, -1: 1}
2019-06-27 00:01:59,360 INFO Stance is 1 from [1, 1, 1, 1, 1]
2019-06-27 00:02:28,227 INFO No trades are needed
2019-06-27 00:02:28,228 INFO Refreshing order book for BTC/USDT
2019-06-27 00:02:29,606 INFO The open BUY trade has entry @ 8234.950000 mark @ 12996.380000 unrealised 57.819780%
2019-06-27 00:02:30,367 INFO Strategy equity is USD 157573.520705 (57.573521%)
2019-06-27 00:02:30,368 INFO State has been saved
2019-06-27 00:02:30,368 INFO Done
2019-06-28 00:03:12,211 INFO Connecting to binance TEST platform
2019-06-28 00:03:12,216 INFO Connected to binance using BINANCE_REST_API
2019-06-28 00:03:12,217 INFO State has been loaded
2019-06-28 00:03:12,954 INFO Running MA-1-21 strategy on BINANCE for BTC/USDT using initial capital of USD 100000.000000 leverage {1: 1, -1: 1}
2019-06-28 00:03:14,648 INFO Stance is 1 from [1, 1, 1, 1, 1]
2019-06-28 00:03:15,374 INFO No trades are needed
2019-06-28 00:03:15,374 INFO Refreshing order book for BTC/USDT
2019-06-28 00:03:16,744 INFO The open BUY trade has entry @ 8234.950000 mark @ 11268.380000 unrealised 36.836046%
2019-06-28 00:03:17,483 INFO Strategy equity is USD 136588.423403 (36.588423%)
2019-06-28 00:03:17,485 INFO State has been saved
2019-06-28 00:03:17,485 INFO Done
2019-06-29 00:02:56,188 INFO Connecting to binance TEST platform
2019-06-29 00:02:56,193 INFO Connected to binance using BINANCE_REST_API
2019-06-29 00:02:56,194 INFO State has been loaded
2019-06-29 00:02:56,957 INFO Running MA-1-21 strategy on BINANCE for BTC/USDT using initial capital of USD 100000.000000 leverage {1: 1, -1: 1}
2019-06-29 00:02:58,642 INFO Stance is 1 from [1, 1, 1, 1, 1]
2019-06-29 00:02:59,373 INFO No trades are needed
2019-06-29 00:02:59,373 INFO Refreshing order book for BTC/USDT
2019-06-29 00:03:00,746 INFO The open BUY trade has entry @ 8234.950000 mark @ 12349.245000 unrealised 49.961384%
2019-06-29 00:03:01,507 INFO Strategy equity is USD 149714.613910 (49.714614%)
2019-06-29 00:03:01,508 INFO State has been saved
2019-06-29 00:03:01,508 INFO Done
2019-06-30 00:02:19,805 INFO Connecting to binance TEST platform
2019-06-30 00:02:19,807 INFO Connected to binance using BINANCE_REST_API
2019-06-30 00:02:19,807 INFO State has been loaded
2019-06-30 00:02:20,534 INFO Running MA-1-21 strategy on BINANCE for BTC/USDT using initial capital of USD 100000.000000 leverage {1: 1, -1: 1}
2019-06-30 00:02:22,174 INFO Stance is 1 from [1, 1, 1, 1, 1]
2019-06-30 00:02:51,035 INFO No trades are needed
2019-06-30 00:02:51,035 INFO Refreshing order book for BTC/USDT
2019-06-30 00:02:52,409 INFO The open BUY trade has entry @ 8234.950000 mark @ 11945.155000 unrealised 45.054372%
2019-06-30 00:02:53,160 INFO Strategy equity is USD 144807.282910 (44.807283%)
2019-06-30 00:02:53,161 INFO State has been saved
2019-06-30 00:02:53,162 INFO Done
2019-07-01 00:03:10,449 INFO Connecting to binance TEST platform
2019-07-01 00:03:10,451 INFO Connected to binance using BINANCE_REST_API
2019-07-01 00:03:10,452 INFO State has been loaded
2019-07-01 00:03:11,186 INFO Running MA-1-21 strategy on BINANCE for BTC/USDT using initial capital of USD 100000.000000 leverage {1: 1, -1: 1}
2019-07-01 00:03:12,881 INFO Stance is 1 from [1, 1, 1, 1, 1]
2019-07-01 00:03:13,640 INFO No trades are needed
2019-07-01 00:03:13,641 INFO Refreshing order book for BTC/USDT
2019-07-01 00:03:15,111 INFO The open BUY trade has entry @ 8234.950000 mark @ 10821.305000 unrealised 31.407052%
2019-07-01 00:03:15,878 INFO Strategy equity is USD 131159.075964 (31.159076%)
2019-07-01 00:03:15,879 INFO State has been saved
2019-07-01 00:03:15,879 INFO Done
2019-07-02 00:02:20,598 INFO Connecting to binance TEST platform
2019-07-02 00:02:20,602 INFO Connected to binance using BINANCE_REST_API
2019-07-02 00:02:20,603 INFO State has been loaded
2019-07-02 00:02:21,350 INFO Running MA-1-21 strategy on BINANCE for BTC/USDT using initial capital of USD 100000.000000 leverage {1: 1, -1: 1}
2019-07-02 00:02:51,068 INFO Stance is 1 from [1, 1, 1, 1, 1]
2019-07-02 00:02:51,814 INFO No trades are needed
2019-07-02 00:02:51,814 INFO Refreshing order book for BTC/USDT
2019-07-02 00:02:53,265 INFO The open BUY trade has entry @ 8234.950000 mark @ 10632.070000 unrealised 29.109102%
2019-07-02 00:02:54,023 INFO Strategy equity is USD 128860.977070 (28.860977%)
2019-07-02 00:02:54,025 INFO State has been saved
2019-07-02 00:02:54,025 INFO Done
2019-07-03 00:02:59,893 INFO Connecting to binance TEST platform
2019-07-03 00:02:59,898 INFO Connected to binance using BINANCE_REST_API
2019-07-03 00:02:59,898 INFO State has been loaded
2019-07-03 00:03:00,683 INFO Running MA-1-21 strategy on BINANCE for BTC/USDT using initial capital of USD 100000.000000 leverage {1: 1, -1: 1}
2019-07-03 00:03:02,313 INFO Stance is 1 from [1, 1, 1, 1, 1]
2019-07-03 00:03:03,075 INFO No trades are needed
2019-07-03 00:03:03,075 INFO Refreshing order book for BTC/USDT
2019-07-03 00:03:04,486 INFO The open BUY trade has entry @ 8234.950000 mark @ 10940.535000 unrealised 32.854905%
2019-07-03 00:03:05,291 INFO Strategy equity is USD 132607.023389 (32.607023%)
2019-07-03 00:03:05,292 INFO State has been saved
2019-07-03 00:03:05,292 INFO Done
2019-07-04 00:02:23,160 INFO Connecting to binance TEST platform
2019-07-04 00:02:23,162 INFO Connected to binance using BINANCE_REST_API
2019-07-04 00:02:23,163 INFO State has been loaded
2019-07-04 00:02:23,927 INFO Running MA-1-21 strategy on BINANCE for BTC/USDT using initial capital of USD 100000.000000 leverage {1: 1, -1: 1}
2019-07-04 00:02:25,548 INFO Stance is 1 from [1, 1, 1, 1, 1]
2019-07-04 00:02:26,310 INFO No trades are needed
2019-07-04 00:02:26,311 INFO Refreshing order book for BTC/USDT
2019-07-04 00:02:27,701 INFO The open BUY trade has entry @ 8234.950000 mark @ 11987.375000 unrealised 45.567065%
2019-07-04 00:02:28,461 INFO Strategy equity is USD 145320.009072 (45.320009%)
2019-07-04 00:02:28,462 INFO State has been saved
2019-07-04 00:02:28,462 INFO Done
2019-07-05 00:02:37,887 INFO Connecting to binance TEST platform
2019-07-05 00:02:37,891 INFO Connected to binance using BINANCE_REST_API
2019-07-05 00:02:37,892 INFO State has been loaded
2019-07-05 00:02:38,648 INFO Running MA-1-21 strategy on BINANCE for BTC/USDT using initial capital of USD 100000.000000 leverage {1: 1, -1: 1}
2019-07-05 00:02:40,262 INFO Stance is 1 from [1, 1, 1, 1, 1]
2019-07-05 00:02:41,020 INFO No trades are needed
2019-07-05 00:02:41,021 INFO Refreshing order book for BTC/USDT
2019-07-05 00:02:42,410 INFO The open BUY trade has entry @ 8234.950000 mark @ 11104.590000 unrealised 34.847085%
2019-07-05 00:02:43,171 INFO Strategy equity is USD 134599.332497 (34.599332%)
2019-07-05 00:02:43,172 INFO State has been saved
2019-07-05 00:02:43,172 INFO Done
2019-07-06 00:02:22,440 INFO Connecting to binance TEST platform
2019-07-06 00:02:22,444 INFO Connected to binance using BINANCE_REST_API
2019-07-06 00:02:22,444 INFO State has been loaded
2019-07-06 00:02:23,186 INFO Running MA-1-21 strategy on BINANCE for BTC/USDT using initial capital of USD 100000.000000 leverage {1: 1, -1: 1}
2019-07-06 00:02:24,802 INFO Stance is 1 from [1, 1, 1, 1, 1]
2019-07-06 00:02:25,562 INFO No trades are needed
2019-07-06 00:02:25,562 INFO Refreshing order book for BTC/USDT
2019-07-06 00:02:26,942 INFO The open BUY trade has entry @ 8234.950000 mark @ 11021.445000 unrealised 33.837425%
2019-07-06 00:02:27,691 INFO Strategy equity is USD 133589.606851 (33.589607%)
2019-07-06 00:02:27,691 INFO State has been saved
2019-07-06 00:02:27,692 INFO Done
2019-07-07 00:02:18,205 INFO Connecting to binance TEST platform
2019-07-07 00:02:18,208 INFO Connected to binance using BINANCE_REST_API
2019-07-07 00:02:18,208 INFO State has been loaded
2019-07-07 00:02:18,945 INFO Running MA-1-21 strategy on BINANCE for BTC/USDT using initial capital of USD 100000.000000 leverage {1: 1, -1: 1}
2019-07-07 00:02:20,561 INFO Stance is 1 from [1, 1, 1, 1, 1]
2019-07-07 00:02:21,315 INFO No trades are needed
2019-07-07 00:02:21,315 INFO Refreshing order book for BTC/USDT
2019-07-07 00:02:22,693 INFO The open BUY trade has entry @ 8234.950000 mark @ 11132.380000 unrealised 35.184549%
2019-07-07 00:02:23,464 INFO Strategy equity is USD 134936.818523 (34.936819%)
2019-07-07 00:02:23,466 INFO State has been saved
2019-07-07 00:02:23,467 INFO Done
